<html>
<head>
<title>TestNG:  Default test</title>
<link href="../testng.css" rel="stylesheet" type="text/css" />
<link href="../my-testng.css" rel="stylesheet" type="text/css" />

<style type="text/css">
.log { display: none;} 
.stack-trace { display: none;} 
</style>
<script type="text/javascript">
<!--
function flip(e) {
  current = e.style.display;
  if (current == 'block') {
    e.style.display = 'none';
    return 0;
  }
  else {
    e.style.display = 'block';
    return 1;
  }
}

function toggleBox(szDivId, elem, msg1, msg2)
{
  var res = -1;  if (document.getElementById) {
    res = flip(document.getElementById(szDivId));
  }
  else if (document.all) {
    // this is the way old msie versions work
    res = flip(document.all[szDivId]);
  }
  if(elem) {
    if(res == 0) elem.innerHTML = msg1; else elem.innerHTML = msg2;
  }

}

function toggleAllBoxes() {
  if (document.getElementsByTagName) {
    d = document.getElementsByTagName('div');
    for (i = 0; i < d.length; i++) {
      if (d[i].className == 'log') {
        flip(d[i]);
      }
    }
  }
}

// -->
</script>

</head>
<body>
<h2 align='center'>Default test</h2><table border='1' align="center">
<tr>
<td>Tests passed/Failed/Skipped:</td><td>29/6/0</td>
</tr><tr>
<td>Started on:</td><td>Fri Jan 24 17:10:58 EST 2025</td>
</tr>
<tr><td>Total time:</td><td>155 seconds (155707 ms)</td>
</tr><tr>
<td>Included groups:</td><td></td>
</tr><tr>
<td>Excluded groups:</td><td></td>
</tr>
</table><p/>
<small><i>(Hover the method name to see the test class name)</i></small><p/>
<table width='100%' border='1' class='invocation-failed'>
<tr><td colspan='4' align='center'><b>FAILED TESTS</b></td></tr>
<tr><td><b>Test method</b></td>
<td><b>Attribute(s)</b></td>
<td width="30%"><b>Exception</b></td>
<td width="10%"><b>Time (seconds)</b></td>
<td><b>Instance</b></td>
</tr>
<tr>
<td title='dsAlgoRunner.RunnerTest.runScenario()'><b>runScenario</b><br>Test class: dsAlgoRunner.RunnerTest<br>Test method: Runs Cucumber Scenarios<br>Parameters: "Verify that user receives error when user clicks on run button without entering code in tryeditor for ArrayPage", "Array functionality"</td>
<td><div><pre>org.openqa.selenium.NoSuchElementException: no such element: Unable to locate element: {&quot;method&quot;:&quot;xpath&quot;,&quot;selector&quot;:&quot;//*[@onclick=&apos;runit()&apos;]&quot;}
  (Session info: chrome=131.0.6778.267)
For documentation on this error, please visit: https://www.selenium.dev/documentation/webdriver/troubleshooting/errors#no-such-element-exception
Build info: version: &apos;4.27.0&apos;, revision: &apos;d6e718d134&apos;
System info: os.name: &apos;Windows 11&apos;, os.arch: &apos;amd64&apos;, os.version: &apos;10.0&apos;, java.version: &apos;23.0.1&apos;
Driver info: org.openqa.selenium.chrome.ChromeDriver
Command: [c88df579f6134c8326f8ae428409150a, findElement {using=xpath, value=//*[@onclick=&apos;runit()&apos;]}]
Capabilities {acceptInsecureCerts: false, browserName: chrome, browserVersion: 131.0.6778.267, chrome: {chromedriverVersion: 131.0.6778.264 (2d05e315153..., userDataDir: C:\Users\12157\AppData\Loca...}, fedcm:accounts: true, goog:chromeOptions: {debuggerAddress: localhost:59949}, networkConnectionEnabled: false, pageLoadStrategy: normal, platformName: windows, proxy: Proxy(), se:cdp: ws://localhost:59949/devtoo..., se:cdpVersion: 131.0.6778.267, setWindowRect: true, strictFileInteractability: false, timeouts: {implicit: 0, pageLoad: 300000, script: 30000}, unhandledPromptBehavior: dismiss and notify, webauthn:extension:credBlob: true, webauthn:extension:largeBlob: true, webauthn:extension:minPinLength: true, webauthn:extension:prf: true, webauthn:virtualAuthenticators: true}
Session ID: c88df579f6134c8326f8ae428409150a
	at java.base/jdk.internal.reflect.DirectConstructorHandleAccessor.newInstance(DirectConstructorHandleAccessor.java:62)
	at java.base/java.lang.reflect.Constructor.newInstanceWithCaller(Constructor.java:501)
	at java.base/java.lang.reflect.Constructor.newInstance(Constructor.java:485)
	at org.openqa.selenium.remote.ErrorCodec.decode(ErrorCodec.java:167)
	at org.openqa.selenium.remote.codec.w3c.W3CHttpResponseCodec.decode(W3CHttpResponseCodec.java:138)
	at org.openqa.selenium.remote.codec.w3c.W3CHttpResponseCodec.decode(W3CHttpResponseCodec.java:50)
	at org.openqa.selenium.remote.HttpCommandExecutor.execute(HttpCommandExecutor.java:190)
	at org.openqa.selenium.remote.service.DriverCommandExecutor.invokeExecute(DriverCommandExecutor.java:216)
	at org.openqa.selenium.remote.service.DriverCommandExecutor.execute(DriverCommandExecutor.java:174)
	at org.openqa.selenium.remote.RemoteWebDriver.execute(RemoteWebDriver.java:545)
	at org.openqa.selenium.remote.ElementLocation$ElementFinder$2.findElement(ElementLocation.java:165)
	at org.openqa.selenium.remote.ElementLocation.findElement(ElementLocation.java:59)
	at org.openqa.selenium.remote.RemoteWebDriver.findElement(RemoteWebDriver.java:368)
	at org.openqa.selenium.remote.RemoteWebDriver.findElement(RemoteWebDriver.java:362)
	at org.openqa.selenium.support.pagefactory.DefaultElementLocator.findElement(DefaultElementLocator.java:68)
	at org.openqa.selenium.support.pagefactory.internal.LocatingElementHandler.invoke(LocatingElementHandler.java:38)
	at jdk.proxy2/jdk.proxy2.$Proxy27.click(Unknown Source)
	at dsAlgoPages.GraphPage.run(GraphPage.java:106)
	at dsAlgoStepdefinition.GraphSteps.the_user_clicks_the_Run_button(GraphSteps.java:168)
	at ✽.the user clicks the Run button(file:///D:/Vaishali/NN_Workspace/DsAlgo_Quester/DsAlgoQuesters/src/test/resources/dsAlgoFeatures/Arrays.feature:41)
</pre></div><a href='#' onClick='toggleBox("stack-trace1131594498", this, "Click to show all stack frames", "Click to hide stack frames")'>Click to show all stack frames</a>
<div class='stack-trace' id='stack-trace1131594498'><pre>org.openqa.selenium.NoSuchElementException: no such element: Unable to locate element: {&quot;method&quot;:&quot;xpath&quot;,&quot;selector&quot;:&quot;//*[@onclick=&apos;runit()&apos;]&quot;}
  (Session info: chrome=131.0.6778.267)
For documentation on this error, please visit: https://www.selenium.dev/documentation/webdriver/troubleshooting/errors#no-such-element-exception
Build info: version: &apos;4.27.0&apos;, revision: &apos;d6e718d134&apos;
System info: os.name: &apos;Windows 11&apos;, os.arch: &apos;amd64&apos;, os.version: &apos;10.0&apos;, java.version: &apos;23.0.1&apos;
Driver info: org.openqa.selenium.chrome.ChromeDriver
Command: [c88df579f6134c8326f8ae428409150a, findElement {using=xpath, value=//*[@onclick=&apos;runit()&apos;]}]
Capabilities {acceptInsecureCerts: false, browserName: chrome, browserVersion: 131.0.6778.267, chrome: {chromedriverVersion: 131.0.6778.264 (2d05e315153..., userDataDir: C:\Users\12157\AppData\Loca...}, fedcm:accounts: true, goog:chromeOptions: {debuggerAddress: localhost:59949}, networkConnectionEnabled: false, pageLoadStrategy: normal, platformName: windows, proxy: Proxy(), se:cdp: ws://localhost:59949/devtoo..., se:cdpVersion: 131.0.6778.267, setWindowRect: true, strictFileInteractability: false, timeouts: {implicit: 0, pageLoad: 300000, script: 30000}, unhandledPromptBehavior: dismiss and notify, webauthn:extension:credBlob: true, webauthn:extension:largeBlob: true, webauthn:extension:minPinLength: true, webauthn:extension:prf: true, webauthn:virtualAuthenticators: true}
Session ID: c88df579f6134c8326f8ae428409150a
	at java.base/jdk.internal.reflect.DirectConstructorHandleAccessor.newInstance(DirectConstructorHandleAccessor.java:62)
	at java.base/java.lang.reflect.Constructor.newInstanceWithCaller(Constructor.java:501)
	at java.base/java.lang.reflect.Constructor.newInstance(Constructor.java:485)
	at org.openqa.selenium.remote.ErrorCodec.decode(ErrorCodec.java:167)
	at org.openqa.selenium.remote.codec.w3c.W3CHttpResponseCodec.decode(W3CHttpResponseCodec.java:138)
	at org.openqa.selenium.remote.codec.w3c.W3CHttpResponseCodec.decode(W3CHttpResponseCodec.java:50)
	at org.openqa.selenium.remote.HttpCommandExecutor.execute(HttpCommandExecutor.java:190)
	at org.openqa.selenium.remote.service.DriverCommandExecutor.invokeExecute(DriverCommandExecutor.java:216)
	at org.openqa.selenium.remote.service.DriverCommandExecutor.execute(DriverCommandExecutor.java:174)
	at org.openqa.selenium.remote.RemoteWebDriver.execute(RemoteWebDriver.java:545)
	at org.openqa.selenium.remote.ElementLocation$ElementFinder$2.findElement(ElementLocation.java:165)
	at org.openqa.selenium.remote.ElementLocation.findElement(ElementLocation.java:59)
	at org.openqa.selenium.remote.RemoteWebDriver.findElement(RemoteWebDriver.java:368)
	at org.openqa.selenium.remote.RemoteWebDriver.findElement(RemoteWebDriver.java:362)
	at org.openqa.selenium.support.pagefactory.DefaultElementLocator.findElement(DefaultElementLocator.java:68)
	at org.openqa.selenium.support.pagefactory.internal.LocatingElementHandler.invoke(LocatingElementHandler.java:38)
	at jdk.proxy2/jdk.proxy2.$Proxy27.click(Unknown Source)
	at dsAlgoPages.GraphPage.run(GraphPage.java:106)
	at dsAlgoStepdefinition.GraphSteps.the_user_clicks_the_Run_button(GraphSteps.java:168)
	at ✽.the user clicks the Run button(file:///D:/Vaishali/NN_Workspace/DsAlgo_Quester/DsAlgoQuesters/src/test/resources/dsAlgoFeatures/Arrays.feature:41)
</pre></div></td>
<td>34</td>
<td>dsAlgoRunner.RunnerTest@37911f88</td></tr>
<tr>
<td title='dsAlgoRunner.RunnerTest.runScenario()'><b>runScenario</b><br>Test class: dsAlgoRunner.RunnerTest<br>Test method: Runs Cucumber Scenarios<br>Parameters: "Verify that user receives error when user clicks on run button without entering code in tryeditor for ArrayPage", "Array functionality"</td>
<td><div><pre>org.openqa.selenium.NoSuchElementException: no such element: Unable to locate element: {&quot;method&quot;:&quot;xpath&quot;,&quot;selector&quot;:&quot;//*[@onclick=&apos;runit()&apos;]&quot;}
  (Session info: chrome=131.0.6778.267)
For documentation on this error, please visit: https://www.selenium.dev/documentation/webdriver/troubleshooting/errors#no-such-element-exception
Build info: version: &apos;4.27.0&apos;, revision: &apos;d6e718d134&apos;
System info: os.name: &apos;Windows 11&apos;, os.arch: &apos;amd64&apos;, os.version: &apos;10.0&apos;, java.version: &apos;23.0.1&apos;
Driver info: org.openqa.selenium.chrome.ChromeDriver
Command: [051ea0fdf758d496947c624fc32ee070, findElement {using=xpath, value=//*[@onclick=&apos;runit()&apos;]}]
Capabilities {acceptInsecureCerts: false, browserName: chrome, browserVersion: 131.0.6778.267, chrome: {chromedriverVersion: 131.0.6778.264 (2d05e315153..., userDataDir: C:\Users\12157\AppData\Loca...}, fedcm:accounts: true, goog:chromeOptions: {debuggerAddress: localhost:59954}, networkConnectionEnabled: false, pageLoadStrategy: normal, platformName: windows, proxy: Proxy(), se:cdp: ws://localhost:59954/devtoo..., se:cdpVersion: 131.0.6778.267, setWindowRect: true, strictFileInteractability: false, timeouts: {implicit: 0, pageLoad: 300000, script: 30000}, unhandledPromptBehavior: dismiss and notify, webauthn:extension:credBlob: true, webauthn:extension:largeBlob: true, webauthn:extension:minPinLength: true, webauthn:extension:prf: true, webauthn:virtualAuthenticators: true}
Session ID: 051ea0fdf758d496947c624fc32ee070
	at java.base/jdk.internal.reflect.DirectConstructorHandleAccessor.newInstance(DirectConstructorHandleAccessor.java:62)
	at java.base/java.lang.reflect.Constructor.newInstanceWithCaller(Constructor.java:501)
	at java.base/java.lang.reflect.Constructor.newInstance(Constructor.java:485)
	at org.openqa.selenium.remote.ErrorCodec.decode(ErrorCodec.java:167)
	at org.openqa.selenium.remote.codec.w3c.W3CHttpResponseCodec.decode(W3CHttpResponseCodec.java:138)
	at org.openqa.selenium.remote.codec.w3c.W3CHttpResponseCodec.decode(W3CHttpResponseCodec.java:50)
	at org.openqa.selenium.remote.HttpCommandExecutor.execute(HttpCommandExecutor.java:190)
	at org.openqa.selenium.remote.service.DriverCommandExecutor.invokeExecute(DriverCommandExecutor.java:216)
	at org.openqa.selenium.remote.service.DriverCommandExecutor.execute(DriverCommandExecutor.java:174)
	at org.openqa.selenium.remote.RemoteWebDriver.execute(RemoteWebDriver.java:545)
	at org.openqa.selenium.remote.ElementLocation$ElementFinder$2.findElement(ElementLocation.java:165)
	at org.openqa.selenium.remote.ElementLocation.findElement(ElementLocation.java:59)
	at org.openqa.selenium.remote.RemoteWebDriver.findElement(RemoteWebDriver.java:368)
	at org.openqa.selenium.remote.RemoteWebDriver.findElement(RemoteWebDriver.java:362)
	at org.openqa.selenium.support.pagefactory.DefaultElementLocator.findElement(DefaultElementLocator.java:68)
	at org.openqa.selenium.support.pagefactory.internal.LocatingElementHandler.invoke(LocatingElementHandler.java:38)
	at jdk.proxy2/jdk.proxy2.$Proxy27.click(Unknown Source)
	at dsAlgoPages.GraphPage.run(GraphPage.java:106)
	at dsAlgoStepdefinition.GraphSteps.the_user_clicks_the_Run_button(GraphSteps.java:168)
	at ✽.the user clicks the Run button(file:///D:/Vaishali/NN_Workspace/DsAlgo_Quester/DsAlgoQuesters/src/test/resources/dsAlgoFeatures/Arrays.feature:41)
</pre></div><a href='#' onClick='toggleBox("stack-trace536103190", this, "Click to show all stack frames", "Click to hide stack frames")'>Click to show all stack frames</a>
<div class='stack-trace' id='stack-trace536103190'><pre>org.openqa.selenium.NoSuchElementException: no such element: Unable to locate element: {&quot;method&quot;:&quot;xpath&quot;,&quot;selector&quot;:&quot;//*[@onclick=&apos;runit()&apos;]&quot;}
  (Session info: chrome=131.0.6778.267)
For documentation on this error, please visit: https://www.selenium.dev/documentation/webdriver/troubleshooting/errors#no-such-element-exception
Build info: version: &apos;4.27.0&apos;, revision: &apos;d6e718d134&apos;
System info: os.name: &apos;Windows 11&apos;, os.arch: &apos;amd64&apos;, os.version: &apos;10.0&apos;, java.version: &apos;23.0.1&apos;
Driver info: org.openqa.selenium.chrome.ChromeDriver
Command: [051ea0fdf758d496947c624fc32ee070, findElement {using=xpath, value=//*[@onclick=&apos;runit()&apos;]}]
Capabilities {acceptInsecureCerts: false, browserName: chrome, browserVersion: 131.0.6778.267, chrome: {chromedriverVersion: 131.0.6778.264 (2d05e315153..., userDataDir: C:\Users\12157\AppData\Loca...}, fedcm:accounts: true, goog:chromeOptions: {debuggerAddress: localhost:59954}, networkConnectionEnabled: false, pageLoadStrategy: normal, platformName: windows, proxy: Proxy(), se:cdp: ws://localhost:59954/devtoo..., se:cdpVersion: 131.0.6778.267, setWindowRect: true, strictFileInteractability: false, timeouts: {implicit: 0, pageLoad: 300000, script: 30000}, unhandledPromptBehavior: dismiss and notify, webauthn:extension:credBlob: true, webauthn:extension:largeBlob: true, webauthn:extension:minPinLength: true, webauthn:extension:prf: true, webauthn:virtualAuthenticators: true}
Session ID: 051ea0fdf758d496947c624fc32ee070
	at java.base/jdk.internal.reflect.DirectConstructorHandleAccessor.newInstance(DirectConstructorHandleAccessor.java:62)
	at java.base/java.lang.reflect.Constructor.newInstanceWithCaller(Constructor.java:501)
	at java.base/java.lang.reflect.Constructor.newInstance(Constructor.java:485)
	at org.openqa.selenium.remote.ErrorCodec.decode(ErrorCodec.java:167)
	at org.openqa.selenium.remote.codec.w3c.W3CHttpResponseCodec.decode(W3CHttpResponseCodec.java:138)
	at org.openqa.selenium.remote.codec.w3c.W3CHttpResponseCodec.decode(W3CHttpResponseCodec.java:50)
	at org.openqa.selenium.remote.HttpCommandExecutor.execute(HttpCommandExecutor.java:190)
	at org.openqa.selenium.remote.service.DriverCommandExecutor.invokeExecute(DriverCommandExecutor.java:216)
	at org.openqa.selenium.remote.service.DriverCommandExecutor.execute(DriverCommandExecutor.java:174)
	at org.openqa.selenium.remote.RemoteWebDriver.execute(RemoteWebDriver.java:545)
	at org.openqa.selenium.remote.ElementLocation$ElementFinder$2.findElement(ElementLocation.java:165)
	at org.openqa.selenium.remote.ElementLocation.findElement(ElementLocation.java:59)
	at org.openqa.selenium.remote.RemoteWebDriver.findElement(RemoteWebDriver.java:368)
	at org.openqa.selenium.remote.RemoteWebDriver.findElement(RemoteWebDriver.java:362)
	at org.openqa.selenium.support.pagefactory.DefaultElementLocator.findElement(DefaultElementLocator.java:68)
	at org.openqa.selenium.support.pagefactory.internal.LocatingElementHandler.invoke(LocatingElementHandler.java:38)
	at jdk.proxy2/jdk.proxy2.$Proxy27.click(Unknown Source)
	at dsAlgoPages.GraphPage.run(GraphPage.java:106)
	at dsAlgoStepdefinition.GraphSteps.the_user_clicks_the_Run_button(GraphSteps.java:168)
	at ✽.the user clicks the Run button(file:///D:/Vaishali/NN_Workspace/DsAlgo_Quester/DsAlgoQuesters/src/test/resources/dsAlgoFeatures/Arrays.feature:41)
</pre></div></td>
<td>33</td>
<td>dsAlgoRunner.RunnerTest@37911f88</td></tr>
<tr>
<td title='dsAlgoRunner.RunnerTest.runScenario()'><b>runScenario</b><br>Test class: dsAlgoRunner.RunnerTest<br>Test method: Runs Cucumber Scenarios<br>Parameters: "Verify that user receives output on submitting valid python code for "Search the array" question", "Array functionality"</td>
<td><div><pre>org.openqa.selenium.NoSuchElementException: no such element: Unable to locate element: {&quot;method&quot;:&quot;xpath&quot;,&quot;selector&quot;:&quot;//pre[@id=&apos;output&apos; and contains(text(), &apos;Submission Successful&apos;)]&quot;}
  (Session info: chrome=131.0.6778.267)
For documentation on this error, please visit: https://www.selenium.dev/documentation/webdriver/troubleshooting/errors#no-such-element-exception
Build info: version: &apos;4.27.0&apos;, revision: &apos;d6e718d134&apos;
System info: os.name: &apos;Windows 11&apos;, os.arch: &apos;amd64&apos;, os.version: &apos;10.0&apos;, java.version: &apos;23.0.1&apos;
Driver info: org.openqa.selenium.chrome.ChromeDriver
Command: [9f301bb209830163e2f3dc2952d40d7e, findElement {using=xpath, value=//pre[@id=&apos;output&apos; and contains(text(), &apos;Submission Successful&apos;)]}]
Capabilities {acceptInsecureCerts: false, browserName: chrome, browserVersion: 131.0.6778.267, chrome: {chromedriverVersion: 131.0.6778.264 (2d05e315153..., userDataDir: C:\Users\12157\AppData\Loca...}, fedcm:accounts: true, goog:chromeOptions: {debuggerAddress: localhost:60379}, networkConnectionEnabled: false, pageLoadStrategy: normal, platformName: windows, proxy: Proxy(), se:cdp: ws://localhost:60379/devtoo..., se:cdpVersion: 131.0.6778.267, setWindowRect: true, strictFileInteractability: false, timeouts: {implicit: 0, pageLoad: 300000, script: 30000}, unhandledPromptBehavior: dismiss and notify, webauthn:extension:credBlob: true, webauthn:extension:largeBlob: true, webauthn:extension:minPinLength: true, webauthn:extension:prf: true, webauthn:virtualAuthenticators: true}
Session ID: 9f301bb209830163e2f3dc2952d40d7e
	at java.base/jdk.internal.reflect.DirectConstructorHandleAccessor.newInstance(DirectConstructorHandleAccessor.java:62)
	at java.base/java.lang.reflect.Constructor.newInstanceWithCaller(Constructor.java:501)
	at java.base/java.lang.reflect.Constructor.newInstance(Constructor.java:485)
	at org.openqa.selenium.remote.ErrorCodec.decode(ErrorCodec.java:167)
	at org.openqa.selenium.remote.codec.w3c.W3CHttpResponseCodec.decode(W3CHttpResponseCodec.java:138)
	at org.openqa.selenium.remote.codec.w3c.W3CHttpResponseCodec.decode(W3CHttpResponseCodec.java:50)
	at org.openqa.selenium.remote.HttpCommandExecutor.execute(HttpCommandExecutor.java:190)
	at org.openqa.selenium.remote.service.DriverCommandExecutor.invokeExecute(DriverCommandExecutor.java:216)
	at org.openqa.selenium.remote.service.DriverCommandExecutor.execute(DriverCommandExecutor.java:174)
	at org.openqa.selenium.remote.RemoteWebDriver.execute(RemoteWebDriver.java:545)
	at org.openqa.selenium.remote.ElementLocation$ElementFinder$2.findElement(ElementLocation.java:165)
	at org.openqa.selenium.remote.ElementLocation.findElement(ElementLocation.java:59)
	at org.openqa.selenium.remote.RemoteWebDriver.findElement(RemoteWebDriver.java:368)
	at org.openqa.selenium.remote.RemoteWebDriver.findElement(RemoteWebDriver.java:362)
	at org.openqa.selenium.support.pagefactory.DefaultElementLocator.findElement(DefaultElementLocator.java:68)
	at org.openqa.selenium.support.pagefactory.internal.LocatingElementHandler.invoke(LocatingElementHandler.java:38)
	at jdk.proxy2/jdk.proxy2.$Proxy27.getText(Unknown Source)
	at dsAlgoPages.ArrayPage.actualOutputResult(ArrayPage.java:158)
	at dsAlgoStepdefinition.ArraySteps.the_user_should_see_an_output_for_question_in_console_for_and(ArraySteps.java:222)
	at ✽.The user should see an output for question in console for &quot;Search The Array&quot; and 3(file:///D:/Vaishali/NN_Workspace/DsAlgo_Quester/DsAlgoQuesters/src/test/resources/dsAlgoFeatures/Arrays.feature:128)
</pre></div><a href='#' onClick='toggleBox("stack-trace1143108145", this, "Click to show all stack frames", "Click to hide stack frames")'>Click to show all stack frames</a>
<div class='stack-trace' id='stack-trace1143108145'><pre>org.openqa.selenium.NoSuchElementException: no such element: Unable to locate element: {&quot;method&quot;:&quot;xpath&quot;,&quot;selector&quot;:&quot;//pre[@id=&apos;output&apos; and contains(text(), &apos;Submission Successful&apos;)]&quot;}
  (Session info: chrome=131.0.6778.267)
For documentation on this error, please visit: https://www.selenium.dev/documentation/webdriver/troubleshooting/errors#no-such-element-exception
Build info: version: &apos;4.27.0&apos;, revision: &apos;d6e718d134&apos;
System info: os.name: &apos;Windows 11&apos;, os.arch: &apos;amd64&apos;, os.version: &apos;10.0&apos;, java.version: &apos;23.0.1&apos;
Driver info: org.openqa.selenium.chrome.ChromeDriver
Command: [9f301bb209830163e2f3dc2952d40d7e, findElement {using=xpath, value=//pre[@id=&apos;output&apos; and contains(text(), &apos;Submission Successful&apos;)]}]
Capabilities {acceptInsecureCerts: false, browserName: chrome, browserVersion: 131.0.6778.267, chrome: {chromedriverVersion: 131.0.6778.264 (2d05e315153..., userDataDir: C:\Users\12157\AppData\Loca...}, fedcm:accounts: true, goog:chromeOptions: {debuggerAddress: localhost:60379}, networkConnectionEnabled: false, pageLoadStrategy: normal, platformName: windows, proxy: Proxy(), se:cdp: ws://localhost:60379/devtoo..., se:cdpVersion: 131.0.6778.267, setWindowRect: true, strictFileInteractability: false, timeouts: {implicit: 0, pageLoad: 300000, script: 30000}, unhandledPromptBehavior: dismiss and notify, webauthn:extension:credBlob: true, webauthn:extension:largeBlob: true, webauthn:extension:minPinLength: true, webauthn:extension:prf: true, webauthn:virtualAuthenticators: true}
Session ID: 9f301bb209830163e2f3dc2952d40d7e
	at java.base/jdk.internal.reflect.DirectConstructorHandleAccessor.newInstance(DirectConstructorHandleAccessor.java:62)
	at java.base/java.lang.reflect.Constructor.newInstanceWithCaller(Constructor.java:501)
	at java.base/java.lang.reflect.Constructor.newInstance(Constructor.java:485)
	at org.openqa.selenium.remote.ErrorCodec.decode(ErrorCodec.java:167)
	at org.openqa.selenium.remote.codec.w3c.W3CHttpResponseCodec.decode(W3CHttpResponseCodec.java:138)
	at org.openqa.selenium.remote.codec.w3c.W3CHttpResponseCodec.decode(W3CHttpResponseCodec.java:50)
	at org.openqa.selenium.remote.HttpCommandExecutor.execute(HttpCommandExecutor.java:190)
	at org.openqa.selenium.remote.service.DriverCommandExecutor.invokeExecute(DriverCommandExecutor.java:216)
	at org.openqa.selenium.remote.service.DriverCommandExecutor.execute(DriverCommandExecutor.java:174)
	at org.openqa.selenium.remote.RemoteWebDriver.execute(RemoteWebDriver.java:545)
	at org.openqa.selenium.remote.ElementLocation$ElementFinder$2.findElement(ElementLocation.java:165)
	at org.openqa.selenium.remote.ElementLocation.findElement(ElementLocation.java:59)
	at org.openqa.selenium.remote.RemoteWebDriver.findElement(RemoteWebDriver.java:368)
	at org.openqa.selenium.remote.RemoteWebDriver.findElement(RemoteWebDriver.java:362)
	at org.openqa.selenium.support.pagefactory.DefaultElementLocator.findElement(DefaultElementLocator.java:68)
	at org.openqa.selenium.support.pagefactory.internal.LocatingElementHandler.invoke(LocatingElementHandler.java:38)
	at jdk.proxy2/jdk.proxy2.$Proxy27.getText(Unknown Source)
	at dsAlgoPages.ArrayPage.actualOutputResult(ArrayPage.java:158)
	at dsAlgoStepdefinition.ArraySteps.the_user_should_see_an_output_for_question_in_console_for_and(ArraySteps.java:222)
	at ✽.The user should see an output for question in console for &quot;Search The Array&quot; and 3(file:///D:/Vaishali/NN_Workspace/DsAlgo_Quester/DsAlgoQuesters/src/test/resources/dsAlgoFeatures/Arrays.feature:128)
</pre></div></td>
<td>58</td>
<td>dsAlgoRunner.RunnerTest@37911f88</td></tr>
<tr>
<td title='dsAlgoRunner.RunnerTest.runScenario()'><b>runScenario</b><br>Test class: dsAlgoRunner.RunnerTest<br>Test method: Runs Cucumber Scenarios<br>Parameters: "Verify that user receives error when user clicks on run button without entering code in tryeditor for ArrayPage", "Array functionality"</td>
<td><div><pre>org.openqa.selenium.NoSuchElementException: no such element: Unable to locate element: {&quot;method&quot;:&quot;xpath&quot;,&quot;selector&quot;:&quot;//*[@onclick=&apos;runit()&apos;]&quot;}
  (Session info: chrome=131.0.6778.267)
For documentation on this error, please visit: https://www.selenium.dev/documentation/webdriver/troubleshooting/errors#no-such-element-exception
Build info: version: &apos;4.27.0&apos;, revision: &apos;d6e718d134&apos;
System info: os.name: &apos;Windows 11&apos;, os.arch: &apos;amd64&apos;, os.version: &apos;10.0&apos;, java.version: &apos;23.0.1&apos;
Driver info: org.openqa.selenium.chrome.ChromeDriver
Command: [054e7be45ea4e409c7d6f17238fb6fde, findElement {using=xpath, value=//*[@onclick=&apos;runit()&apos;]}]
Capabilities {acceptInsecureCerts: false, browserName: chrome, browserVersion: 131.0.6778.267, chrome: {chromedriverVersion: 131.0.6778.264 (2d05e315153..., userDataDir: C:\Users\12157\AppData\Loca...}, fedcm:accounts: true, goog:chromeOptions: {debuggerAddress: localhost:59533}, networkConnectionEnabled: false, pageLoadStrategy: normal, platformName: windows, proxy: Proxy(), se:cdp: ws://localhost:59533/devtoo..., se:cdpVersion: 131.0.6778.267, setWindowRect: true, strictFileInteractability: false, timeouts: {implicit: 0, pageLoad: 300000, script: 30000}, unhandledPromptBehavior: dismiss and notify, webauthn:extension:credBlob: true, webauthn:extension:largeBlob: true, webauthn:extension:minPinLength: true, webauthn:extension:prf: true, webauthn:virtualAuthenticators: true}
Session ID: 054e7be45ea4e409c7d6f17238fb6fde
	at java.base/jdk.internal.reflect.DirectConstructorHandleAccessor.newInstance(DirectConstructorHandleAccessor.java:62)
	at java.base/java.lang.reflect.Constructor.newInstanceWithCaller(Constructor.java:501)
	at java.base/java.lang.reflect.Constructor.newInstance(Constructor.java:485)
	at org.openqa.selenium.remote.ErrorCodec.decode(ErrorCodec.java:167)
	at org.openqa.selenium.remote.codec.w3c.W3CHttpResponseCodec.decode(W3CHttpResponseCodec.java:138)
	at org.openqa.selenium.remote.codec.w3c.W3CHttpResponseCodec.decode(W3CHttpResponseCodec.java:50)
	at org.openqa.selenium.remote.HttpCommandExecutor.execute(HttpCommandExecutor.java:190)
	at org.openqa.selenium.remote.service.DriverCommandExecutor.invokeExecute(DriverCommandExecutor.java:216)
	at org.openqa.selenium.remote.service.DriverCommandExecutor.execute(DriverCommandExecutor.java:174)
	at org.openqa.selenium.remote.RemoteWebDriver.execute(RemoteWebDriver.java:545)
	at org.openqa.selenium.remote.ElementLocation$ElementFinder$2.findElement(ElementLocation.java:165)
	at org.openqa.selenium.remote.ElementLocation.findElement(ElementLocation.java:59)
	at org.openqa.selenium.remote.RemoteWebDriver.findElement(RemoteWebDriver.java:368)
	at org.openqa.selenium.remote.RemoteWebDriver.findElement(RemoteWebDriver.java:362)
	at org.openqa.selenium.support.pagefactory.DefaultElementLocator.findElement(DefaultElementLocator.java:68)
	at org.openqa.selenium.support.pagefactory.internal.LocatingElementHandler.invoke(LocatingElementHandler.java:38)
	at jdk.proxy2/jdk.proxy2.$Proxy27.click(Unknown Source)
	at dsAlgoPages.GraphPage.run(GraphPage.java:106)
	at dsAlgoStepdefinition.GraphSteps.the_user_clicks_the_Run_button(GraphSteps.java:168)
	at ✽.the user clicks the Run button(file:///D:/Vaishali/NN_Workspace/DsAlgo_Quester/DsAlgoQuesters/src/test/resources/dsAlgoFeatures/Arrays.feature:41)
</pre></div><a href='#' onClick='toggleBox("stack-trace1170468779", this, "Click to show all stack frames", "Click to hide stack frames")'>Click to show all stack frames</a>
<div class='stack-trace' id='stack-trace1170468779'><pre>org.openqa.selenium.NoSuchElementException: no such element: Unable to locate element: {&quot;method&quot;:&quot;xpath&quot;,&quot;selector&quot;:&quot;//*[@onclick=&apos;runit()&apos;]&quot;}
  (Session info: chrome=131.0.6778.267)
For documentation on this error, please visit: https://www.selenium.dev/documentation/webdriver/troubleshooting/errors#no-such-element-exception
Build info: version: &apos;4.27.0&apos;, revision: &apos;d6e718d134&apos;
System info: os.name: &apos;Windows 11&apos;, os.arch: &apos;amd64&apos;, os.version: &apos;10.0&apos;, java.version: &apos;23.0.1&apos;
Driver info: org.openqa.selenium.chrome.ChromeDriver
Command: [054e7be45ea4e409c7d6f17238fb6fde, findElement {using=xpath, value=//*[@onclick=&apos;runit()&apos;]}]
Capabilities {acceptInsecureCerts: false, browserName: chrome, browserVersion: 131.0.6778.267, chrome: {chromedriverVersion: 131.0.6778.264 (2d05e315153..., userDataDir: C:\Users\12157\AppData\Loca...}, fedcm:accounts: true, goog:chromeOptions: {debuggerAddress: localhost:59533}, networkConnectionEnabled: false, pageLoadStrategy: normal, platformName: windows, proxy: Proxy(), se:cdp: ws://localhost:59533/devtoo..., se:cdpVersion: 131.0.6778.267, setWindowRect: true, strictFileInteractability: false, timeouts: {implicit: 0, pageLoad: 300000, script: 30000}, unhandledPromptBehavior: dismiss and notify, webauthn:extension:credBlob: true, webauthn:extension:largeBlob: true, webauthn:extension:minPinLength: true, webauthn:extension:prf: true, webauthn:virtualAuthenticators: true}
Session ID: 054e7be45ea4e409c7d6f17238fb6fde
	at java.base/jdk.internal.reflect.DirectConstructorHandleAccessor.newInstance(DirectConstructorHandleAccessor.java:62)
	at java.base/java.lang.reflect.Constructor.newInstanceWithCaller(Constructor.java:501)
	at java.base/java.lang.reflect.Constructor.newInstance(Constructor.java:485)
	at org.openqa.selenium.remote.ErrorCodec.decode(ErrorCodec.java:167)
	at org.openqa.selenium.remote.codec.w3c.W3CHttpResponseCodec.decode(W3CHttpResponseCodec.java:138)
	at org.openqa.selenium.remote.codec.w3c.W3CHttpResponseCodec.decode(W3CHttpResponseCodec.java:50)
	at org.openqa.selenium.remote.HttpCommandExecutor.execute(HttpCommandExecutor.java:190)
	at org.openqa.selenium.remote.service.DriverCommandExecutor.invokeExecute(DriverCommandExecutor.java:216)
	at org.openqa.selenium.remote.service.DriverCommandExecutor.execute(DriverCommandExecutor.java:174)
	at org.openqa.selenium.remote.RemoteWebDriver.execute(RemoteWebDriver.java:545)
	at org.openqa.selenium.remote.ElementLocation$ElementFinder$2.findElement(ElementLocation.java:165)
	at org.openqa.selenium.remote.ElementLocation.findElement(ElementLocation.java:59)
	at org.openqa.selenium.remote.RemoteWebDriver.findElement(RemoteWebDriver.java:368)
	at org.openqa.selenium.remote.RemoteWebDriver.findElement(RemoteWebDriver.java:362)
	at org.openqa.selenium.support.pagefactory.DefaultElementLocator.findElement(DefaultElementLocator.java:68)
	at org.openqa.selenium.support.pagefactory.internal.LocatingElementHandler.invoke(LocatingElementHandler.java:38)
	at jdk.proxy2/jdk.proxy2.$Proxy27.click(Unknown Source)
	at dsAlgoPages.GraphPage.run(GraphPage.java:106)
	at dsAlgoStepdefinition.GraphSteps.the_user_clicks_the_Run_button(GraphSteps.java:168)
	at ✽.the user clicks the Run button(file:///D:/Vaishali/NN_Workspace/DsAlgo_Quester/DsAlgoQuesters/src/test/resources/dsAlgoFeatures/Arrays.feature:41)
</pre></div></td>
<td>49</td>
<td>dsAlgoRunner.RunnerTest@37911f88</td></tr>
<tr>
<td title='dsAlgoRunner.RunnerTest.runScenario()'><b>runScenario</b><br>Test class: dsAlgoRunner.RunnerTest<br>Test method: Runs Cucumber Scenarios<br>Parameters: "Verify that user receives output on submitting valid python code for "Squares of  a Sorted Array" question", "Array functionality"</td>
<td><div><pre>org.openqa.selenium.NoSuchElementException: no such element: Unable to locate element: {&quot;method&quot;:&quot;xpath&quot;,&quot;selector&quot;:&quot;//pre[@id=&apos;output&apos; and contains(text(), &apos;Submission Successful&apos;)]&quot;}
  (Session info: chrome=131.0.6778.267)
For documentation on this error, please visit: https://www.selenium.dev/documentation/webdriver/troubleshooting/errors#no-such-element-exception
Build info: version: &apos;4.27.0&apos;, revision: &apos;d6e718d134&apos;
System info: os.name: &apos;Windows 11&apos;, os.arch: &apos;amd64&apos;, os.version: &apos;10.0&apos;, java.version: &apos;23.0.1&apos;
Driver info: org.openqa.selenium.chrome.ChromeDriver
Command: [b7317bff804f36c6e8c89fe8f573c1b5, findElement {using=xpath, value=//pre[@id=&apos;output&apos; and contains(text(), &apos;Submission Successful&apos;)]}]
Capabilities {acceptInsecureCerts: false, browserName: chrome, browserVersion: 131.0.6778.267, chrome: {chromedriverVersion: 131.0.6778.264 (2d05e315153..., userDataDir: C:\Users\12157\AppData\Loca...}, fedcm:accounts: true, goog:chromeOptions: {debuggerAddress: localhost:60818}, networkConnectionEnabled: false, pageLoadStrategy: normal, platformName: windows, proxy: Proxy(), se:cdp: ws://localhost:60818/devtoo..., se:cdpVersion: 131.0.6778.267, setWindowRect: true, strictFileInteractability: false, timeouts: {implicit: 0, pageLoad: 300000, script: 30000}, unhandledPromptBehavior: dismiss and notify, webauthn:extension:credBlob: true, webauthn:extension:largeBlob: true, webauthn:extension:minPinLength: true, webauthn:extension:prf: true, webauthn:virtualAuthenticators: true}
Session ID: b7317bff804f36c6e8c89fe8f573c1b5
	at java.base/jdk.internal.reflect.DirectConstructorHandleAccessor.newInstance(DirectConstructorHandleAccessor.java:62)
	at java.base/java.lang.reflect.Constructor.newInstanceWithCaller(Constructor.java:501)
	at java.base/java.lang.reflect.Constructor.newInstance(Constructor.java:485)
	at org.openqa.selenium.remote.ErrorCodec.decode(ErrorCodec.java:167)
	at org.openqa.selenium.remote.codec.w3c.W3CHttpResponseCodec.decode(W3CHttpResponseCodec.java:138)
	at org.openqa.selenium.remote.codec.w3c.W3CHttpResponseCodec.decode(W3CHttpResponseCodec.java:50)
	at org.openqa.selenium.remote.HttpCommandExecutor.execute(HttpCommandExecutor.java:190)
	at org.openqa.selenium.remote.service.DriverCommandExecutor.invokeExecute(DriverCommandExecutor.java:216)
	at org.openqa.selenium.remote.service.DriverCommandExecutor.execute(DriverCommandExecutor.java:174)
	at org.openqa.selenium.remote.RemoteWebDriver.execute(RemoteWebDriver.java:545)
	at org.openqa.selenium.remote.ElementLocation$ElementFinder$2.findElement(ElementLocation.java:165)
	at org.openqa.selenium.remote.ElementLocation.findElement(ElementLocation.java:59)
	at org.openqa.selenium.remote.RemoteWebDriver.findElement(RemoteWebDriver.java:368)
	at org.openqa.selenium.remote.RemoteWebDriver.findElement(RemoteWebDriver.java:362)
	at org.openqa.selenium.support.pagefactory.DefaultElementLocator.findElement(DefaultElementLocator.java:68)
	at org.openqa.selenium.support.pagefactory.internal.LocatingElementHandler.invoke(LocatingElementHandler.java:38)
	at jdk.proxy2/jdk.proxy2.$Proxy27.getText(Unknown Source)
	at dsAlgoPages.ArrayPage.actualOutputResult(ArrayPage.java:158)
	at dsAlgoStepdefinition.ArraySteps.the_user_should_see_an_output_for_question_in_console_for_and(ArraySteps.java:222)
	at ✽.The user should see an output for question in console for &quot;Squares of  a Sorted Array&quot; and 3(file:///D:/Vaishali/NN_Workspace/DsAlgo_Quester/DsAlgoQuesters/src/test/resources/dsAlgoFeatures/Arrays.feature:218)
</pre></div><a href='#' onClick='toggleBox("stack-trace1388660028", this, "Click to show all stack frames", "Click to hide stack frames")'>Click to show all stack frames</a>
<div class='stack-trace' id='stack-trace1388660028'><pre>org.openqa.selenium.NoSuchElementException: no such element: Unable to locate element: {&quot;method&quot;:&quot;xpath&quot;,&quot;selector&quot;:&quot;//pre[@id=&apos;output&apos; and contains(text(), &apos;Submission Successful&apos;)]&quot;}
  (Session info: chrome=131.0.6778.267)
For documentation on this error, please visit: https://www.selenium.dev/documentation/webdriver/troubleshooting/errors#no-such-element-exception
Build info: version: &apos;4.27.0&apos;, revision: &apos;d6e718d134&apos;
System info: os.name: &apos;Windows 11&apos;, os.arch: &apos;amd64&apos;, os.version: &apos;10.0&apos;, java.version: &apos;23.0.1&apos;
Driver info: org.openqa.selenium.chrome.ChromeDriver
Command: [b7317bff804f36c6e8c89fe8f573c1b5, findElement {using=xpath, value=//pre[@id=&apos;output&apos; and contains(text(), &apos;Submission Successful&apos;)]}]
Capabilities {acceptInsecureCerts: false, browserName: chrome, browserVersion: 131.0.6778.267, chrome: {chromedriverVersion: 131.0.6778.264 (2d05e315153..., userDataDir: C:\Users\12157\AppData\Loca...}, fedcm:accounts: true, goog:chromeOptions: {debuggerAddress: localhost:60818}, networkConnectionEnabled: false, pageLoadStrategy: normal, platformName: windows, proxy: Proxy(), se:cdp: ws://localhost:60818/devtoo..., se:cdpVersion: 131.0.6778.267, setWindowRect: true, strictFileInteractability: false, timeouts: {implicit: 0, pageLoad: 300000, script: 30000}, unhandledPromptBehavior: dismiss and notify, webauthn:extension:credBlob: true, webauthn:extension:largeBlob: true, webauthn:extension:minPinLength: true, webauthn:extension:prf: true, webauthn:virtualAuthenticators: true}
Session ID: b7317bff804f36c6e8c89fe8f573c1b5
	at java.base/jdk.internal.reflect.DirectConstructorHandleAccessor.newInstance(DirectConstructorHandleAccessor.java:62)
	at java.base/java.lang.reflect.Constructor.newInstanceWithCaller(Constructor.java:501)
	at java.base/java.lang.reflect.Constructor.newInstance(Constructor.java:485)
	at org.openqa.selenium.remote.ErrorCodec.decode(ErrorCodec.java:167)
	at org.openqa.selenium.remote.codec.w3c.W3CHttpResponseCodec.decode(W3CHttpResponseCodec.java:138)
	at org.openqa.selenium.remote.codec.w3c.W3CHttpResponseCodec.decode(W3CHttpResponseCodec.java:50)
	at org.openqa.selenium.remote.HttpCommandExecutor.execute(HttpCommandExecutor.java:190)
	at org.openqa.selenium.remote.service.DriverCommandExecutor.invokeExecute(DriverCommandExecutor.java:216)
	at org.openqa.selenium.remote.service.DriverCommandExecutor.execute(DriverCommandExecutor.java:174)
	at org.openqa.selenium.remote.RemoteWebDriver.execute(RemoteWebDriver.java:545)
	at org.openqa.selenium.remote.ElementLocation$ElementFinder$2.findElement(ElementLocation.java:165)
	at org.openqa.selenium.remote.ElementLocation.findElement(ElementLocation.java:59)
	at org.openqa.selenium.remote.RemoteWebDriver.findElement(RemoteWebDriver.java:368)
	at org.openqa.selenium.remote.RemoteWebDriver.findElement(RemoteWebDriver.java:362)
	at org.openqa.selenium.support.pagefactory.DefaultElementLocator.findElement(DefaultElementLocator.java:68)
	at org.openqa.selenium.support.pagefactory.internal.LocatingElementHandler.invoke(LocatingElementHandler.java:38)
	at jdk.proxy2/jdk.proxy2.$Proxy27.getText(Unknown Source)
	at dsAlgoPages.ArrayPage.actualOutputResult(ArrayPage.java:158)
	at dsAlgoStepdefinition.ArraySteps.the_user_should_see_an_output_for_question_in_console_for_and(ArraySteps.java:222)
	at ✽.The user should see an output for question in console for &quot;Squares of  a Sorted Array&quot; and 3(file:///D:/Vaishali/NN_Workspace/DsAlgo_Quester/DsAlgoQuesters/src/test/resources/dsAlgoFeatures/Arrays.feature:218)
</pre></div></td>
<td>35</td>
<td>dsAlgoRunner.RunnerTest@37911f88</td></tr>
<tr>
<td title='dsAlgoRunner.RunnerTest.runScenario()'><b>runScenario</b><br>Test class: dsAlgoRunner.RunnerTest<br>Test method: Runs Cucumber Scenarios<br>Parameters: "Verify that user receives error when user clicks on run button without entering code in tryeditor for ArrayPage", "Array functionality"</td>
<td><div><pre>org.openqa.selenium.NoSuchElementException: no such element: Unable to locate element: {&quot;method&quot;:&quot;xpath&quot;,&quot;selector&quot;:&quot;//*[@onclick=&apos;runit()&apos;]&quot;}
  (Session info: chrome=131.0.6778.267)
For documentation on this error, please visit: https://www.selenium.dev/documentation/webdriver/troubleshooting/errors#no-such-element-exception
Build info: version: &apos;4.27.0&apos;, revision: &apos;d6e718d134&apos;
System info: os.name: &apos;Windows 11&apos;, os.arch: &apos;amd64&apos;, os.version: &apos;10.0&apos;, java.version: &apos;23.0.1&apos;
Driver info: org.openqa.selenium.chrome.ChromeDriver
Command: [4150dec671ea30bd7251b14db0316e39, findElement {using=xpath, value=//*[@onclick=&apos;runit()&apos;]}]
Capabilities {acceptInsecureCerts: false, browserName: chrome, browserVersion: 131.0.6778.267, chrome: {chromedriverVersion: 131.0.6778.264 (2d05e315153..., userDataDir: C:\Users\12157\AppData\Loca...}, fedcm:accounts: true, goog:chromeOptions: {debuggerAddress: localhost:59910}, networkConnectionEnabled: false, pageLoadStrategy: normal, platformName: windows, proxy: Proxy(), se:cdp: ws://localhost:59910/devtoo..., se:cdpVersion: 131.0.6778.267, setWindowRect: true, strictFileInteractability: false, timeouts: {implicit: 0, pageLoad: 300000, script: 30000}, unhandledPromptBehavior: dismiss and notify, webauthn:extension:credBlob: true, webauthn:extension:largeBlob: true, webauthn:extension:minPinLength: true, webauthn:extension:prf: true, webauthn:virtualAuthenticators: true}
Session ID: 4150dec671ea30bd7251b14db0316e39
	at java.base/jdk.internal.reflect.DirectConstructorHandleAccessor.newInstance(DirectConstructorHandleAccessor.java:62)
	at java.base/java.lang.reflect.Constructor.newInstanceWithCaller(Constructor.java:501)
	at java.base/java.lang.reflect.Constructor.newInstance(Constructor.java:485)
	at org.openqa.selenium.remote.ErrorCodec.decode(ErrorCodec.java:167)
	at org.openqa.selenium.remote.codec.w3c.W3CHttpResponseCodec.decode(W3CHttpResponseCodec.java:138)
	at org.openqa.selenium.remote.codec.w3c.W3CHttpResponseCodec.decode(W3CHttpResponseCodec.java:50)
	at org.openqa.selenium.remote.HttpCommandExecutor.execute(HttpCommandExecutor.java:190)
	at org.openqa.selenium.remote.service.DriverCommandExecutor.invokeExecute(DriverCommandExecutor.java:216)
	at org.openqa.selenium.remote.service.DriverCommandExecutor.execute(DriverCommandExecutor.java:174)
	at org.openqa.selenium.remote.RemoteWebDriver.execute(RemoteWebDriver.java:545)
	at org.openqa.selenium.remote.ElementLocation$ElementFinder$2.findElement(ElementLocation.java:165)
	at org.openqa.selenium.remote.ElementLocation.findElement(ElementLocation.java:59)
	at org.openqa.selenium.remote.RemoteWebDriver.findElement(RemoteWebDriver.java:368)
	at org.openqa.selenium.remote.RemoteWebDriver.findElement(RemoteWebDriver.java:362)
	at org.openqa.selenium.support.pagefactory.DefaultElementLocator.findElement(DefaultElementLocator.java:68)
	at org.openqa.selenium.support.pagefactory.internal.LocatingElementHandler.invoke(LocatingElementHandler.java:38)
	at jdk.proxy2/jdk.proxy2.$Proxy27.click(Unknown Source)
	at dsAlgoPages.GraphPage.run(GraphPage.java:106)
	at dsAlgoStepdefinition.GraphSteps.the_user_clicks_the_Run_button(GraphSteps.java:168)
	at ✽.the user clicks the Run button(file:///D:/Vaishali/NN_Workspace/DsAlgo_Quester/DsAlgoQuesters/src/test/resources/dsAlgoFeatures/Arrays.feature:41)
</pre></div><a href='#' onClick='toggleBox("stack-trace1555809377", this, "Click to show all stack frames", "Click to hide stack frames")'>Click to show all stack frames</a>
<div class='stack-trace' id='stack-trace1555809377'><pre>org.openqa.selenium.NoSuchElementException: no such element: Unable to locate element: {&quot;method&quot;:&quot;xpath&quot;,&quot;selector&quot;:&quot;//*[@onclick=&apos;runit()&apos;]&quot;}
  (Session info: chrome=131.0.6778.267)
For documentation on this error, please visit: https://www.selenium.dev/documentation/webdriver/troubleshooting/errors#no-such-element-exception
Build info: version: &apos;4.27.0&apos;, revision: &apos;d6e718d134&apos;
System info: os.name: &apos;Windows 11&apos;, os.arch: &apos;amd64&apos;, os.version: &apos;10.0&apos;, java.version: &apos;23.0.1&apos;
Driver info: org.openqa.selenium.chrome.ChromeDriver
Command: [4150dec671ea30bd7251b14db0316e39, findElement {using=xpath, value=//*[@onclick=&apos;runit()&apos;]}]
Capabilities {acceptInsecureCerts: false, browserName: chrome, browserVersion: 131.0.6778.267, chrome: {chromedriverVersion: 131.0.6778.264 (2d05e315153..., userDataDir: C:\Users\12157\AppData\Loca...}, fedcm:accounts: true, goog:chromeOptions: {debuggerAddress: localhost:59910}, networkConnectionEnabled: false, pageLoadStrategy: normal, platformName: windows, proxy: Proxy(), se:cdp: ws://localhost:59910/devtoo..., se:cdpVersion: 131.0.6778.267, setWindowRect: true, strictFileInteractability: false, timeouts: {implicit: 0, pageLoad: 300000, script: 30000}, unhandledPromptBehavior: dismiss and notify, webauthn:extension:credBlob: true, webauthn:extension:largeBlob: true, webauthn:extension:minPinLength: true, webauthn:extension:prf: true, webauthn:virtualAuthenticators: true}
Session ID: 4150dec671ea30bd7251b14db0316e39
	at java.base/jdk.internal.reflect.DirectConstructorHandleAccessor.newInstance(DirectConstructorHandleAccessor.java:62)
	at java.base/java.lang.reflect.Constructor.newInstanceWithCaller(Constructor.java:501)
	at java.base/java.lang.reflect.Constructor.newInstance(Constructor.java:485)
	at org.openqa.selenium.remote.ErrorCodec.decode(ErrorCodec.java:167)
	at org.openqa.selenium.remote.codec.w3c.W3CHttpResponseCodec.decode(W3CHttpResponseCodec.java:138)
	at org.openqa.selenium.remote.codec.w3c.W3CHttpResponseCodec.decode(W3CHttpResponseCodec.java:50)
	at org.openqa.selenium.remote.HttpCommandExecutor.execute(HttpCommandExecutor.java:190)
	at org.openqa.selenium.remote.service.DriverCommandExecutor.invokeExecute(DriverCommandExecutor.java:216)
	at org.openqa.selenium.remote.service.DriverCommandExecutor.execute(DriverCommandExecutor.java:174)
	at org.openqa.selenium.remote.RemoteWebDriver.execute(RemoteWebDriver.java:545)
	at org.openqa.selenium.remote.ElementLocation$ElementFinder$2.findElement(ElementLocation.java:165)
	at org.openqa.selenium.remote.ElementLocation.findElement(ElementLocation.java:59)
	at org.openqa.selenium.remote.RemoteWebDriver.findElement(RemoteWebDriver.java:368)
	at org.openqa.selenium.remote.RemoteWebDriver.findElement(RemoteWebDriver.java:362)
	at org.openqa.selenium.support.pagefactory.DefaultElementLocator.findElement(DefaultElementLocator.java:68)
	at org.openqa.selenium.support.pagefactory.internal.LocatingElementHandler.invoke(LocatingElementHandler.java:38)
	at jdk.proxy2/jdk.proxy2.$Proxy27.click(Unknown Source)
	at dsAlgoPages.GraphPage.run(GraphPage.java:106)
	at dsAlgoStepdefinition.GraphSteps.the_user_clicks_the_Run_button(GraphSteps.java:168)
	at ✽.the user clicks the Run button(file:///D:/Vaishali/NN_Workspace/DsAlgo_Quester/DsAlgoQuesters/src/test/resources/dsAlgoFeatures/Arrays.feature:41)
</pre></div></td>
<td>39</td>
<td>dsAlgoRunner.RunnerTest@37911f88</td></tr>
</table><p>
<table width='100%' border='1' class='invocation-passed'>
<tr><td colspan='4' align='center'><b>PASSED TESTS</b></td></tr>
<tr><td><b>Test method</b></td>
<td><b>Attribute(s)</b></td>
<td width="30%"><b>Exception</b></td>
<td width="10%"><b>Time (seconds)</b></td>
<td><b>Instance</b></td>
</tr>
<tr>
<td title='dsAlgoRunner.RunnerTest.runScenario()'><b>runScenario</b><br>Test class: dsAlgoRunner.RunnerTest<br>Test method: Runs Cucumber Scenarios<br>Parameters: "Verify the user is able to navigate to the Operations in Array options", "Array functionality"</td>
<td></td>
<td>36</td>
<td>dsAlgoRunner.RunnerTest@37911f88</td></tr>
<tr>
<td title='dsAlgoRunner.RunnerTest.runScenario()'><b>runScenario</b><br>Test class: dsAlgoRunner.RunnerTest<br>Test method: Runs Cucumber Scenarios<br>Parameters: "Verify that user is able to run valid and invalid Python code in Try Editor for ArrayPage", "Array functionality"</td>
<td></td>
<td>28</td>
<td>dsAlgoRunner.RunnerTest@37911f88</td></tr>
<tr>
<td title='dsAlgoRunner.RunnerTest.runScenario()'><b>runScenario</b><br>Test class: dsAlgoRunner.RunnerTest<br>Test method: Runs Cucumber Scenarios<br>Parameters: "Verify that user receives error on running Invalid python code for "Max Consecutive Ones" question", "Array functionality"</td>
<td></td>
<td>57</td>
<td>dsAlgoRunner.RunnerTest@37911f88</td></tr>
<tr>
<td title='dsAlgoRunner.RunnerTest.runScenario()'><b>runScenario</b><br>Test class: dsAlgoRunner.RunnerTest<br>Test method: Runs Cucumber Scenarios<br>Parameters: "Verify that user is able to run valid Python code in Try Editor for Array Page", "Array functionality"</td>
<td></td>
<td>29</td>
<td>dsAlgoRunner.RunnerTest@37911f88</td></tr>
<tr>
<td title='dsAlgoRunner.RunnerTest.runScenario()'><b>runScenario</b><br>Test class: dsAlgoRunner.RunnerTest<br>Test method: Runs Cucumber Scenarios<br>Parameters: "Verify that the user can navigate to the Array after signin", "Array functionality"</td>
<td></td>
<td>30</td>
<td>dsAlgoRunner.RunnerTest@37911f88</td></tr>
<tr>
<td title='dsAlgoRunner.RunnerTest.runScenario()'><b>runScenario</b><br>Test class: dsAlgoRunner.RunnerTest<br>Test method: Runs Cucumber Scenarios<br>Parameters: "Verify that user is able to run valid Python code in Try Editor for Array Page", "Array functionality"</td>
<td></td>
<td>31</td>
<td>dsAlgoRunner.RunnerTest@37911f88</td></tr>
<tr>
<td title='dsAlgoRunner.RunnerTest.runScenario()'><b>runScenario</b><br>Test class: dsAlgoRunner.RunnerTest<br>Test method: Runs Cucumber Scenarios<br>Parameters: "Verify that user is able to navigate to the try Editor page from different options in Array Page", "Array functionality"</td>
<td></td>
<td>36</td>
<td>dsAlgoRunner.RunnerTest@37911f88</td></tr>
<tr>
<td title='dsAlgoRunner.RunnerTest.runScenario()'><b>runScenario</b><br>Test class: dsAlgoRunner.RunnerTest<br>Test method: Runs Cucumber Scenarios<br>Parameters: "Verify the user is able to navigate to the Operations in Array options", "Array functionality"</td>
<td></td>
<td>36</td>
<td>dsAlgoRunner.RunnerTest@37911f88</td></tr>
<tr>
<td title='dsAlgoRunner.RunnerTest.runScenario()'><b>runScenario</b><br>Test class: dsAlgoRunner.RunnerTest<br>Test method: Runs Cucumber Scenarios<br>Parameters: "Verify that user receives output on running valid python code for "Find Numbers with Even Number" question", "Array functionality"</td>
<td></td>
<td>46</td>
<td>dsAlgoRunner.RunnerTest@37911f88</td></tr>
<tr>
<td title='dsAlgoRunner.RunnerTest.runScenario()'><b>runScenario</b><br>Test class: dsAlgoRunner.RunnerTest<br>Test method: Runs Cucumber Scenarios<br>Parameters: "Verify that user receives error on running Invalid python code for "Search the array" question", "Array functionality"</td>
<td></td>
<td>48</td>
<td>dsAlgoRunner.RunnerTest@37911f88</td></tr>
<tr>
<td title='dsAlgoRunner.RunnerTest.runScenario()'><b>runScenario</b><br>Test class: dsAlgoRunner.RunnerTest<br>Test method: Runs Cucumber Scenarios<br>Parameters: "Verify that user is able to run valid and invalid Python code in Try Editor for ArrayPage", "Array functionality"</td>
<td></td>
<td>27</td>
<td>dsAlgoRunner.RunnerTest@37911f88</td></tr>
<tr>
<td title='dsAlgoRunner.RunnerTest.runScenario()'><b>runScenario</b><br>Test class: dsAlgoRunner.RunnerTest<br>Test method: Runs Cucumber Scenarios<br>Parameters: "Verify that user is able to navigate to the try Editor page from different options in Array Page", "Array functionality"</td>
<td></td>
<td>39</td>
<td>dsAlgoRunner.RunnerTest@37911f88</td></tr>
<tr>
<td title='dsAlgoRunner.RunnerTest.runScenario()'><b>runScenario</b><br>Test class: dsAlgoRunner.RunnerTest<br>Test method: Runs Cucumber Scenarios<br>Parameters: "Verify that user receives output on running valid python code for "Max Consecutive Ones" question", "Array functionality"</td>
<td></td>
<td>57</td>
<td>dsAlgoRunner.RunnerTest@37911f88</td></tr>
<tr>
<td title='dsAlgoRunner.RunnerTest.runScenario()'><b>runScenario</b><br>Test class: dsAlgoRunner.RunnerTest<br>Test method: Runs Cucumber Scenarios<br>Parameters: "Verify that user receives output on submitting valid python code for "Find Numbers with Even Number" question", "Array functionality"</td>
<td></td>
<td>30</td>
<td>dsAlgoRunner.RunnerTest@37911f88</td></tr>
<tr>
<td title='dsAlgoRunner.RunnerTest.runScenario()'><b>runScenario</b><br>Test class: dsAlgoRunner.RunnerTest<br>Test method: Runs Cucumber Scenarios<br>Parameters: "Verify the user is able to navigate to the Operations in Array options", "Array functionality"</td>
<td></td>
<td>36</td>
<td>dsAlgoRunner.RunnerTest@37911f88</td></tr>
<tr>
<td title='dsAlgoRunner.RunnerTest.runScenario()'><b>runScenario</b><br>Test class: dsAlgoRunner.RunnerTest<br>Test method: Runs Cucumber Scenarios<br>Parameters: "Verify that user receives error on running Invalid python code for "Squares of  a Sorted Array" question", "Array functionality"</td>
<td></td>
<td>25</td>
<td>dsAlgoRunner.RunnerTest@37911f88</td></tr>
<tr>
<td title='dsAlgoRunner.RunnerTest.runScenario()'><b>runScenario</b><br>Test class: dsAlgoRunner.RunnerTest<br>Test method: Runs Cucumber Scenarios<br>Parameters: "Verify that user is able to run valid Python code in Try Editor for Array Page", "Array functionality"</td>
<td></td>
<td>33</td>
<td>dsAlgoRunner.RunnerTest@37911f88</td></tr>
<tr>
<td title='dsAlgoRunner.RunnerTest.runScenario()'><b>runScenario</b><br>Test class: dsAlgoRunner.RunnerTest<br>Test method: Runs Cucumber Scenarios<br>Parameters: "Verify that user receives output on running valid python code for "Search the array" question", "Array functionality"</td>
<td></td>
<td>48</td>
<td>dsAlgoRunner.RunnerTest@37911f88</td></tr>
<tr>
<td title='dsAlgoRunner.RunnerTest.runScenario()'><b>runScenario</b><br>Test class: dsAlgoRunner.RunnerTest<br>Test method: Runs Cucumber Scenarios<br>Parameters: "Verify that user receives error on running Invalid python code for "Find Numbers with Even Number" question", "Array functionality"</td>
<td></td>
<td>30</td>
<td>dsAlgoRunner.RunnerTest@37911f88</td></tr>
<tr>
<td title='dsAlgoRunner.RunnerTest.runScenario()'><b>runScenario</b><br>Test class: dsAlgoRunner.RunnerTest<br>Test method: Runs Cucumber Scenarios<br>Parameters: "Verify the user see list of Practice Questions in Practice Questions Page", "Array functionality"</td>
<td></td>
<td>44</td>
<td>dsAlgoRunner.RunnerTest@37911f88</td></tr>
<tr>
<td title='dsAlgoRunner.RunnerTest.runScenario()'><b>runScenario</b><br>Test class: dsAlgoRunner.RunnerTest<br>Test method: Runs Cucumber Scenarios<br>Parameters: "Verify that user is able to run valid Python code in Try Editor for Array Page", "Array functionality"</td>
<td></td>
<td>39</td>
<td>dsAlgoRunner.RunnerTest@37911f88</td></tr>
<tr>
<td title='dsAlgoRunner.RunnerTest.runScenario()'><b>runScenario</b><br>Test class: dsAlgoRunner.RunnerTest<br>Test method: Runs Cucumber Scenarios<br>Parameters: "Verify the user is able to navigate to the Practice Questions  mentioned under Array "Array in python"Page", "Array functionality"</td>
<td></td>
<td>48</td>
<td>dsAlgoRunner.RunnerTest@37911f88</td></tr>
<tr>
<td title='dsAlgoRunner.RunnerTest.runScenario()'><b>runScenario</b><br>Test class: dsAlgoRunner.RunnerTest<br>Test method: Runs Cucumber Scenarios<br>Parameters: "Verify the user is able to navigate to the Operations in Array options", "Array functionality"</td>
<td></td>
<td>35</td>
<td>dsAlgoRunner.RunnerTest@37911f88</td></tr>
<tr>
<td title='dsAlgoRunner.RunnerTest.runScenario()'><b>runScenario</b><br>Test class: dsAlgoRunner.RunnerTest<br>Test method: Runs Cucumber Scenarios<br>Parameters: "Verify that user is able to run valid Python code in Try Editor for Array page", "Array functionality"</td>
<td></td>
<td>27</td>
<td>dsAlgoRunner.RunnerTest@37911f88</td></tr>
<tr>
<td title='dsAlgoRunner.RunnerTest.runScenario()'><b>runScenario</b><br>Test class: dsAlgoRunner.RunnerTest<br>Test method: Runs Cucumber Scenarios<br>Parameters: "Verify that user is able to navigate to the try Editor page from different options in Array Page", "Array functionality"</td>
<td></td>
<td>35</td>
<td>dsAlgoRunner.RunnerTest@37911f88</td></tr>
<tr>
<td title='dsAlgoRunner.RunnerTest.runScenario()'><b>runScenario</b><br>Test class: dsAlgoRunner.RunnerTest<br>Test method: Runs Cucumber Scenarios<br>Parameters: "Verify that user receives output on submitting valid python code for "Max Consecutive Ones" question", "Array functionality"</td>
<td></td>
<td>53</td>
<td>dsAlgoRunner.RunnerTest@37911f88</td></tr>
<tr>
<td title='dsAlgoRunner.RunnerTest.runScenario()'><b>runScenario</b><br>Test class: dsAlgoRunner.RunnerTest<br>Test method: Runs Cucumber Scenarios<br>Parameters: "Verify that user receives output on running valid python code for "Squares of  a Sorted Array" question", "Array functionality"</td>
<td></td>
<td>27</td>
<td>dsAlgoRunner.RunnerTest@37911f88</td></tr>
<tr>
<td title='dsAlgoRunner.RunnerTest.runScenario()'><b>runScenario</b><br>Test class: dsAlgoRunner.RunnerTest<br>Test method: Runs Cucumber Scenarios<br>Parameters: "Verify that user is able to run valid Python code in Try Editor for Array page", "Array functionality"</td>
<td></td>
<td>33</td>
<td>dsAlgoRunner.RunnerTest@37911f88</td></tr>
<tr>
<td title='dsAlgoRunner.RunnerTest.runScenario()'><b>runScenario</b><br>Test class: dsAlgoRunner.RunnerTest<br>Test method: Runs Cucumber Scenarios<br>Parameters: "Verify that user is able to navigate to the try Editor page from different options in Array Page", "Array functionality"</td>
<td></td>
<td>36</td>
<td>dsAlgoRunner.RunnerTest@37911f88</td></tr>
</table><p>
</body>
</html>