{"uuid":"31a47f6b-beb4-4c14-b4ae-e10db0ac48c4","historyId":"7cc522ca192689ddfd57dda8d4a08f39","testCaseId":"d926a2395877154e8dd8771a9c58a1b3","fullName":"src/test/resources/dsAlgoFeatures/Arrays.feature:48","labels":[{"name":"tag","value":"Array4"},{"name":"host","value":"sukeerthsahana"},{"name":"thread","value":"149484@sukeerthsahana.TestNG-PoolService-3(36)"},{"name":"feature","value":"Array functionality"},{"name":"story","value":"Verify that user receives error when user clicks on run button without entering code in tryeditor for ArrayPage"},{"name":"suite","value":"Array functionality"},{"name":"testClass","value":"Verify that user receives error when user clicks on run button without entering code in tryeditor for ArrayPage"},{"name":"framework","value":"cucumber4jvm"},{"name":"language","value":"java"},{"name":"gherkin_uri","value":"file:///C:/SahanaNUMPYNINJASDET/gitsss/DsAlgoQuesters/src/test/resources/dsAlgoFeatures/Arrays.feature"},{"name":"package","value":"src.test.resources.dsAlgoFeatures.Arrays_feature.Array functionality"}],"links":[],"name":"Verify that user receives error when user clicks on run button without entering code in tryeditor for ArrayPage","status":"failed","statusDetails":{"known":false,"muted":false,"flaky":false,"message":"null","trace":"java.lang.AssertionError: null\r\n\tat org.testng.Assert.fail(Assert.java:111)\r\n\tat org.testng.Assert.fail(Assert.java:116)\r\n\tat dsAlgoStepdefinition.GraphSteps.the_user_should_see_an_error_message(GraphSteps.java:192)\r\n\tat ✽.the user should see an error message(file:///C:/SahanaNUMPYNINJASDET/gitsss/DsAlgoQuesters/src/test/resources/dsAlgoFeatures/Arrays.feature:41)\r\n"},"stage":"finished","steps":[{"name":"Given The user is on the DSAlgo homepage after sign","status":"passed","statusDetails":{"known":false,"muted":false,"flaky":false},"stage":"finished","steps":[],"attachments":[],"parameters":[],"start":1737724419260,"stop":1737724422855},{"name":"Given The user is on the Array Options \"Array\" and 4 page","status":"passed","statusDetails":{"known":false,"muted":false,"flaky":false},"stage":"finished","steps":[],"attachments":[],"parameters":[],"start":1737724422855,"stop":1737724425602},{"name":"When the user clicks the Run button in try editor page","status":"passed","statusDetails":{"known":false,"muted":false,"flaky":false},"stage":"finished","steps":[],"attachments":[],"parameters":[],"start":1737724425602,"stop":1737724427800},{"name":"Then the user should see an error message","status":"failed","statusDetails":{"known":false,"muted":false,"flaky":false,"message":"null","trace":"java.lang.AssertionError: null\r\n\tat org.testng.Assert.fail(Assert.java:111)\r\n\tat org.testng.Assert.fail(Assert.java:116)\r\n\tat dsAlgoStepdefinition.GraphSteps.the_user_should_see_an_error_message(GraphSteps.java:192)\r\n\tat ✽.the user should see an error message(file:///C:/SahanaNUMPYNINJASDET/gitsss/DsAlgoQuesters/src/test/resources/dsAlgoFeatures/Arrays.feature:41)\r\n"},"stage":"finished","steps":[],"attachments":[],"parameters":[],"start":1737724427800,"stop":1737724427807}],"attachments":[],"parameters":[{"name":"Sheetname","value":"Array"},{"name":"RowNumber","value":"4"}],"start":1737724415175,"stop":1737724440282}