{"uuid":"5d2e9c41-ef69-4a2e-b332-1e1fb2705fd1","historyId":"673c20a4f5080984e49f9a85dc122afd","testCaseId":"7e1bda249300a361f0de8da179ba58d4","fullName":"src/test/resources/dsAlgoFeatures/Graph.feature:61","labels":[{"name":"tag","value":"graph9"},{"name":"host","value":"sukeerthsahana"},{"name":"thread","value":"127776@sukeerthsahana.TestNG-PoolService-1(34)"},{"name":"feature","value":"Graph functionality"},{"name":"story","value":"Verify that user is able to run valid Python code in Try Editor for Graph Page"},{"name":"suite","value":"Graph functionality"},{"name":"testClass","value":"Verify that user is able to run valid Python code in Try Editor for Graph Page"},{"name":"framework","value":"cucumber4jvm"},{"name":"language","value":"java"},{"name":"gherkin_uri","value":"file:///C:/SahanaNUMPYNINJASDET/gitsss/DsAlgoQuesters/src/test/resources/dsAlgoFeatures/Graph.feature"},{"name":"package","value":"src.test.resources.dsAlgoFeatures.Graph_feature.Graph functionality"}],"links":[],"name":"Verify that user is able to run valid Python code in Try Editor for Graph Page","status":"failed","statusDetails":{"known":false,"muted":false,"flaky":false,"message":"message not matched expected [hello] but found []","trace":"java.lang.AssertionError: message not matched expected [hello] but found []\r\n\tat org.testng.Assert.fail(Assert.java:111)\r\n\tat org.testng.Assert.failNotEquals(Assert.java:1578)\r\n\tat org.testng.Assert.assertEqualsImpl(Assert.java:150)\r\n\tat org.testng.Assert.assertEquals(Assert.java:132)\r\n\tat org.testng.Assert.assertEquals(Assert.java:656)\r\n\tat dsAlgoStepdefinition.GraphSteps.the_user_should_see_an_expected_output(GraphSteps.java:166)\r\n\tat ✽.The user should see an result \"successouput\", \"tryEditor\" and 1(file:///C:/SahanaNUMPYNINJASDET/gitsss/DsAlgoQuesters/src/test/resources/dsAlgoFeatures/Graph.feature:58)\r\n"},"stage":"finished","steps":[{"name":"Given The user is on the DSAlgo homepage after sign","status":"passed","statusDetails":{"known":false,"muted":false,"flaky":false},"stage":"finished","steps":[],"attachments":[],"parameters":[],"start":1737742508380,"stop":1737742510049},{"name":"Given The user is on the tryeditor page of Graph module","status":"passed","statusDetails":{"known":false,"muted":false,"flaky":false},"stage":"finished","steps":[],"attachments":[],"parameters":[],"start":1737742510050,"stop":1737742511912},{"name":"When The user enters code \"Valid\", \"tryEditor\" and 1 clicks the Run button","status":"passed","statusDetails":{"known":false,"muted":false,"flaky":false},"stage":"finished","steps":[],"attachments":[],"parameters":[],"start":1737742511913,"stop":1737742512960},{"name":"Then The user should see an result \"successouput\", \"tryEditor\" and 1","status":"failed","statusDetails":{"known":false,"muted":false,"flaky":false,"message":"message not matched expected [hello] but found []","trace":"java.lang.AssertionError: message not matched expected [hello] but found []\r\n\tat org.testng.Assert.fail(Assert.java:111)\r\n\tat org.testng.Assert.failNotEquals(Assert.java:1578)\r\n\tat org.testng.Assert.assertEqualsImpl(Assert.java:150)\r\n\tat org.testng.Assert.assertEquals(Assert.java:132)\r\n\tat org.testng.Assert.assertEquals(Assert.java:656)\r\n\tat dsAlgoStepdefinition.GraphSteps.the_user_should_see_an_expected_output(GraphSteps.java:166)\r\n\tat ✽.The user should see an result \"successouput\", \"tryEditor\" and 1(file:///C:/SahanaNUMPYNINJASDET/gitsss/DsAlgoQuesters/src/test/resources/dsAlgoFeatures/Graph.feature:58)\r\n"},"stage":"finished","steps":[],"attachments":[],"parameters":[],"start":1737742512961,"stop":1737742513171}],"attachments":[],"parameters":[{"name":"Sheetname","value":"tryEditor"},{"name":"RowNumber","value":"1"},{"name":"code","value":"Valid"},{"name":"Result","value":"successouput"}],"start":1737742505454,"stop":1737742513517}