{"uuid":"728c19dc-c650-4e2c-99de-4ee58e3fd8ef","historyId":"3c0519e4bfd6bafce88629fc7ad65423","testCaseId":"d926a2395877154e8dd8771a9c58a1b3","fullName":"src/test/resources/dsAlgoFeatures/Arrays.feature:47","labels":[{"name":"tag","value":"Array4"},{"name":"host","value":"sukeerthsahana"},{"name":"thread","value":"189012@sukeerthsahana.TestNG-PoolService-3(7607)"},{"name":"feature","value":"Array functionality"},{"name":"story","value":"Verify that user receives error when user clicks on run button without entering code in tryeditor for ArrayPage"},{"name":"suite","value":"Array functionality"},{"name":"testClass","value":"Verify that user receives error when user clicks on run button without entering code in tryeditor for ArrayPage"},{"name":"framework","value":"cucumber4jvm"},{"name":"language","value":"java"},{"name":"gherkin_uri","value":"file:///C:/SahanaNUMPYNINJASDET/gitsss/DsAlgoQuesters/src/test/resources/dsAlgoFeatures/Arrays.feature"},{"name":"package","value":"src.test.resources.dsAlgoFeatures.Arrays_feature.Array functionality"}],"links":[],"name":"Verify that user receives error when user clicks on run button without entering code in tryeditor for ArrayPage","status":"failed","statusDetails":{"known":false,"muted":false,"flaky":false,"message":"null","trace":"java.lang.AssertionError: null\r\n\tat org.testng.Assert.fail(Assert.java:111)\r\n\tat org.testng.Assert.fail(Assert.java:116)\r\n\tat dsAlgoStepdefinition.GraphSteps.the_user_should_see_an_error_message(GraphSteps.java:192)\r\n\tat ✽.the user should see an error message(file:///C:/SahanaNUMPYNINJASDET/gitsss/DsAlgoQuesters/src/test/resources/dsAlgoFeatures/Arrays.feature:41)\r\n"},"stage":"finished","steps":[{"name":"Given The user is on the DSAlgo homepage after sign","status":"passed","statusDetails":{"known":false,"muted":false,"flaky":false},"stage":"finished","steps":[],"attachments":[],"parameters":[],"start":1738075225558,"stop":1738075237125},{"name":"Given The user is on the Array Options \"Array\" and 3 page","status":"passed","statusDetails":{"known":false,"muted":false,"flaky":false},"stage":"finished","steps":[],"attachments":[],"parameters":[],"start":1738075237126,"stop":1738075246008},{"name":"When the user clicks the Run button in try editor page","status":"passed","statusDetails":{"known":false,"muted":false,"flaky":false},"stage":"finished","steps":[],"attachments":[],"parameters":[],"start":1738075246008,"stop":1738075257546},{"name":"Then the user should see an error message","status":"failed","statusDetails":{"known":false,"muted":false,"flaky":false,"message":"null","trace":"java.lang.AssertionError: null\r\n\tat org.testng.Assert.fail(Assert.java:111)\r\n\tat org.testng.Assert.fail(Assert.java:116)\r\n\tat dsAlgoStepdefinition.GraphSteps.the_user_should_see_an_error_message(GraphSteps.java:192)\r\n\tat ✽.the user should see an error message(file:///C:/SahanaNUMPYNINJASDET/gitsss/DsAlgoQuesters/src/test/resources/dsAlgoFeatures/Arrays.feature:41)\r\n"},"stage":"finished","steps":[],"attachments":[],"parameters":[],"start":1738075257546,"stop":1738075257552}],"attachments":[],"parameters":[{"name":"Sheetname","value":"Array"},{"name":"RowNumber","value":"3"}],"start":1738075214997,"stop":1738075270410}