{"uuid":"9b45d8c6-4723-4e35-b116-8dd5fe9ba32a","historyId":"8677843030d7602d5ba28a032d6cc49","testCaseId":"7e1bda249300a361f0de8da179ba58d4","fullName":"src/test/resources/dsAlgoFeatures/Graph.feature:62","labels":[{"name":"tag","value":"graph9"},{"name":"host","value":"sukeerthsahana"},{"name":"thread","value":"127776@sukeerthsahana.TestNG-PoolService-2(35)"},{"name":"feature","value":"Graph functionality"},{"name":"story","value":"Verify that user is able to run valid Python code in Try Editor for Graph Page"},{"name":"suite","value":"Graph functionality"},{"name":"testClass","value":"Verify that user is able to run valid Python code in Try Editor for Graph Page"},{"name":"framework","value":"cucumber4jvm"},{"name":"language","value":"java"},{"name":"gherkin_uri","value":"file:///C:/SahanaNUMPYNINJASDET/gitsss/DsAlgoQuesters/src/test/resources/dsAlgoFeatures/Graph.feature"},{"name":"package","value":"src.test.resources.dsAlgoFeatures.Graph_feature.Graph functionality"}],"links":[],"name":"Verify that user is able to run valid Python code in Try Editor for Graph Page","status":"failed","statusDetails":{"known":false,"muted":false,"flaky":false,"message":"message not matched expected [NameError: name 'invalid' is not defined on line 1] but found []","trace":"java.lang.AssertionError: message not matched expected [NameError: name 'invalid' is not defined on line 1] but found []\r\n\tat org.testng.Assert.fail(Assert.java:111)\r\n\tat org.testng.Assert.failNotEquals(Assert.java:1578)\r\n\tat org.testng.Assert.assertEqualsImpl(Assert.java:150)\r\n\tat org.testng.Assert.assertEquals(Assert.java:132)\r\n\tat org.testng.Assert.assertEquals(Assert.java:656)\r\n\tat dsAlgoStepdefinition.GraphSteps.the_user_should_see_an_expected_output(GraphSteps.java:166)\r\n\tat ✽.The user should see an result \"alertmessageoutput\", \"tryEditor\" and 2(file:///C:/SahanaNUMPYNINJASDET/gitsss/DsAlgoQuesters/src/test/resources/dsAlgoFeatures/Graph.feature:58)\r\n"},"stage":"finished","steps":[{"name":"Given The user is on the DSAlgo homepage after sign","status":"passed","statusDetails":{"known":false,"muted":false,"flaky":false},"stage":"finished","steps":[],"attachments":[],"parameters":[],"start":1737742508360,"stop":1737742510064},{"name":"Given The user is on the tryeditor page of Graph module","status":"passed","statusDetails":{"known":false,"muted":false,"flaky":false},"stage":"finished","steps":[],"attachments":[],"parameters":[],"start":1737742510065,"stop":1737742511981},{"name":"When The user enters code \"Invalid\", \"tryEditor\" and 2 clicks the Run button","status":"passed","statusDetails":{"known":false,"muted":false,"flaky":false},"stage":"finished","steps":[],"attachments":[],"parameters":[],"start":1737742511982,"stop":1737742512964},{"name":"Then The user should see an result \"alertmessageoutput\", \"tryEditor\" and 2","status":"failed","statusDetails":{"known":false,"muted":false,"flaky":false,"message":"message not matched expected [NameError: name 'invalid' is not defined on line 1] but found []","trace":"java.lang.AssertionError: message not matched expected [NameError: name 'invalid' is not defined on line 1] but found []\r\n\tat org.testng.Assert.fail(Assert.java:111)\r\n\tat org.testng.Assert.failNotEquals(Assert.java:1578)\r\n\tat org.testng.Assert.assertEqualsImpl(Assert.java:150)\r\n\tat org.testng.Assert.assertEquals(Assert.java:132)\r\n\tat org.testng.Assert.assertEquals(Assert.java:656)\r\n\tat dsAlgoStepdefinition.GraphSteps.the_user_should_see_an_expected_output(GraphSteps.java:166)\r\n\tat ✽.The user should see an result \"alertmessageoutput\", \"tryEditor\" and 2(file:///C:/SahanaNUMPYNINJASDET/gitsss/DsAlgoQuesters/src/test/resources/dsAlgoFeatures/Graph.feature:58)\r\n"},"stage":"finished","steps":[],"attachments":[],"parameters":[],"start":1737742512964,"stop":1737742513171}],"attachments":[],"parameters":[{"name":"Sheetname","value":"tryEditor"},{"name":"RowNumber","value":"2"},{"name":"code","value":"Invalid"},{"name":"Result","value":"alertmessageoutput"}],"start":1737742505359,"stop":1737742513548}