{"uuid":"d44daba6-58cb-4b75-8665-9c8945c84f9b","historyId":"7e612f0f96d23f2b7106402b9c29b17a","testCaseId":"d42e22f0af98d33282cc101ce47ba504","fullName":"src/test/resources/dsAlgoFeatures/LinkedList.feature:161","labels":[{"name":"tag","value":"LL15"},{"name":"host","value":"sukeerthsahana"},{"name":"thread","value":"141612@sukeerthsahana.TestNG-PoolService-8(41)"},{"name":"feature","value":"LinkedList functionality"},{"name":"story","value":"Verify that user is able to run valid Python code in Try Editor for LinkedList Page"},{"name":"suite","value":"LinkedList functionality"},{"name":"testClass","value":"Verify that user is able to run valid Python code in Try Editor for LinkedList Page"},{"name":"framework","value":"cucumber4jvm"},{"name":"language","value":"java"},{"name":"gherkin_uri","value":"file:///C:/SahanaNUMPYNINJASDET/gitsss/DsAlgoQuesters/src/test/resources/dsAlgoFeatures/LinkedList.feature"},{"name":"package","value":"src.test.resources.dsAlgoFeatures.LinkedList_feature.LinkedList functionality"}],"links":[],"name":"Verify that user is able to run valid Python code in Try Editor for LinkedList Page","status":"failed","statusDetails":{"known":false,"muted":false,"flaky":false,"message":"message not matched expected [NameError: name 'invalid' is not defined on line 1] but found []","trace":"java.lang.AssertionError: message not matched expected [NameError: name 'invalid' is not defined on line 1] but found []\r\n\tat org.testng.Assert.fail(Assert.java:111)\r\n\tat org.testng.Assert.failNotEquals(Assert.java:1578)\r\n\tat org.testng.Assert.assertEqualsImpl(Assert.java:150)\r\n\tat org.testng.Assert.assertEquals(Assert.java:132)\r\n\tat org.testng.Assert.assertEquals(Assert.java:656)\r\n\tat dsAlgoStepdefinition.GraphSteps.the_user_should_see_an_expected_output(GraphSteps.java:166)\r\n\tat ✽.The user should see an result \"alertmessageoutput\", \"tryEditor\" and 2(file:///C:/SahanaNUMPYNINJASDET/gitsss/DsAlgoQuesters/src/test/resources/dsAlgoFeatures/LinkedList.feature:156)\r\n"},"stage":"finished","steps":[{"name":"Given The user is on the DSAlgo homepage after sign","status":"passed","statusDetails":{"known":false,"muted":false,"flaky":false},"stage":"finished","steps":[],"attachments":[],"parameters":[],"start":1737748365083,"stop":1737748370756},{"name":"Given The user is on the tryeditor page of Insertion in LinkedList","status":"passed","statusDetails":{"known":false,"muted":false,"flaky":false},"stage":"finished","steps":[],"attachments":[],"parameters":[],"start":1737748370756,"stop":1737748374317},{"name":"When The user enters code \"Invalid\", \"tryEditor\" and 2 clicks the Run button","status":"passed","statusDetails":{"known":false,"muted":false,"flaky":false},"stage":"finished","steps":[],"attachments":[],"parameters":[],"start":1737748374317,"stop":1737748386133},{"name":"Then The user should see an result \"alertmessageoutput\", \"tryEditor\" and 2","status":"failed","statusDetails":{"known":false,"muted":false,"flaky":false,"message":"message not matched expected [NameError: name 'invalid' is not defined on line 1] but found []","trace":"java.lang.AssertionError: message not matched expected [NameError: name 'invalid' is not defined on line 1] but found []\r\n\tat org.testng.Assert.fail(Assert.java:111)\r\n\tat org.testng.Assert.failNotEquals(Assert.java:1578)\r\n\tat org.testng.Assert.assertEqualsImpl(Assert.java:150)\r\n\tat org.testng.Assert.assertEquals(Assert.java:132)\r\n\tat org.testng.Assert.assertEquals(Assert.java:656)\r\n\tat dsAlgoStepdefinition.GraphSteps.the_user_should_see_an_expected_output(GraphSteps.java:166)\r\n\tat ✽.The user should see an result \"alertmessageoutput\", \"tryEditor\" and 2(file:///C:/SahanaNUMPYNINJASDET/gitsss/DsAlgoQuesters/src/test/resources/dsAlgoFeatures/LinkedList.feature:156)\r\n"},"stage":"finished","steps":[],"attachments":[],"parameters":[],"start":1737748386133,"stop":1737748386462}],"attachments":[],"parameters":[{"name":"Sheetname","value":"tryEditor"},{"name":"RowNumber","value":"2"},{"name":"code","value":"Invalid"},{"name":"expectedresult","value":"alertmessageoutput"}],"start":1737748356248,"stop":1737748396703}