{"uuid":"e0d67a05-578a-415b-a081-75bdd652b8c8","historyId":"5c19cfa83f74f55c11db30ed86c19e44","testCaseId":"a2b03d966faae133de645c2c07ee9e1b","fullName":"src/test/resources/dsAlgoFeatures/Arrays.feature:58","labels":[{"name":"host","value":"sukeerthsahana"},{"name":"thread","value":"189012@sukeerthsahana.TestNG-PoolService-5(3831)"},{"name":"feature","value":"Array functionality"},{"name":"story","value":"Verify that user is able to run valid and invalid Python code in Try Editor for ArrayPage"},{"name":"suite","value":"Array functionality"},{"name":"testClass","value":"Verify that user is able to run valid and invalid Python code in Try Editor for ArrayPage"},{"name":"framework","value":"cucumber4jvm"},{"name":"language","value":"java"},{"name":"gherkin_uri","value":"file:///C:/SahanaNUMPYNINJASDET/gitsss/DsAlgoQuesters/src/test/resources/dsAlgoFeatures/Arrays.feature"},{"name":"package","value":"src.test.resources.dsAlgoFeatures.Arrays_feature.Array functionality"}],"links":[],"name":"Verify that user is able to run valid and invalid Python code in Try Editor for ArrayPage","status":"failed","statusDetails":{"known":false,"muted":false,"flaky":true,"message":"message not matched expected [hello] but found []","trace":"java.lang.AssertionError: message not matched expected [hello] but found []\r\n\tat org.testng.Assert.fail(Assert.java:111)\r\n\tat org.testng.Assert.failNotEquals(Assert.java:1578)\r\n\tat org.testng.Assert.assertEqualsImpl(Assert.java:150)\r\n\tat org.testng.Assert.assertEquals(Assert.java:132)\r\n\tat org.testng.Assert.assertEquals(Assert.java:656)\r\n\tat dsAlgoStepdefinition.GraphSteps.the_user_should_see_an_expected_output(GraphSteps.java:166)\r\n\tat ✽.The user should see an result \"successouput\", \"tryEditor\" and 1(file:///C:/SahanaNUMPYNINJASDET/gitsss/DsAlgoQuesters/src/test/resources/dsAlgoFeatures/Arrays.feature:54)\r\n"},"stage":"finished","steps":[{"name":"Given The user is on the DSAlgo homepage after sign","status":"passed","statusDetails":{"known":false,"muted":false,"flaky":true},"stage":"finished","steps":[],"attachments":[],"parameters":[],"start":1738074023326,"stop":1738074028482},{"name":"Given the user is on the tryeditor page of Array in python","status":"passed","statusDetails":{"known":false,"muted":false,"flaky":true},"stage":"finished","steps":[],"attachments":[],"parameters":[],"start":1738074028482,"stop":1738074032085},{"name":"When The user enters code \"Valid\", \"tryEditor\" and 1 from tryeditor and clicks the Run button","status":"passed","statusDetails":{"known":false,"muted":false,"flaky":true},"stage":"finished","steps":[],"attachments":[],"parameters":[],"start":1738074032085,"stop":1738074045825},{"name":"Then The user should see an result \"successouput\", \"tryEditor\" and 1","status":"failed","statusDetails":{"known":false,"muted":false,"flaky":true,"message":"message not matched expected [hello] but found []","trace":"java.lang.AssertionError: message not matched expected [hello] but found []\r\n\tat org.testng.Assert.fail(Assert.java:111)\r\n\tat org.testng.Assert.failNotEquals(Assert.java:1578)\r\n\tat org.testng.Assert.assertEqualsImpl(Assert.java:150)\r\n\tat org.testng.Assert.assertEquals(Assert.java:132)\r\n\tat org.testng.Assert.assertEquals(Assert.java:656)\r\n\tat dsAlgoStepdefinition.GraphSteps.the_user_should_see_an_expected_output(GraphSteps.java:166)\r\n\tat ✽.The user should see an result \"successouput\", \"tryEditor\" and 1(file:///C:/SahanaNUMPYNINJASDET/gitsss/DsAlgoQuesters/src/test/resources/dsAlgoFeatures/Arrays.feature:54)\r\n"},"stage":"finished","steps":[],"attachments":[],"parameters":[],"start":1738074045825,"stop":1738074046634}],"attachments":[],"parameters":[{"name":"Sheetname","value":"tryEditor"},{"name":"RowNumber","value":"1"},{"name":"code","value":"Valid"},{"name":"expectedresult","value":"successouput"}],"start":1738074010523,"stop":1738074064045}