<!DOCTYPE html>

<html>
  <head>
  <meta charset='utf-8'>
  <title>TestNG reports</title>

    <link type="text/css" href="testng-reports1.css" rel="stylesheet" id="ultra" />
    <link type="text/css" href="testng-reports.css" rel="stylesheet" id="retro" disabled="false"/>
    <script type="text/javascript" src="jquery-3.6.0.min.js"></script>
    <script type="text/javascript" src="testng-reports.js"></script>
    <script type="text/javascript" src="https://www.google.com/jsapi"></script>
    <script type='text/javascript'>
      google.load('visualization', '1', {packages:['table']});
      google.setOnLoadCallback(drawTable);
      var suiteTableInitFunctions = new Array();
      var suiteTableData = new Array();
    </script>
    <!--
      <script type="text/javascript" src="jquery-ui/js/jquery-ui-1.8.16.custom.min.js"></script>
     -->
  </head>

  <body>    <div class="top-banner-root">
      <span class="top-banner-title-font">Test results</span>
      <button id="button" class="button">Switch Retro Theme</button> <!-- button -->
      <br/>
      <span class="top-banner-font-1">1 suite, 6 failed tests</span>
    </div> <!-- top-banner-root -->
    <div class="navigator-root">
      <div class="navigator-suite-header">
        <span>All suites</span>
        <a href="#" title="Collapse/expand all the suites" class="collapse-all-link">
          <img src="collapseall.gif" class="collapse-all-icon">
          </img> <!-- collapse-all-icon -->
        </a> <!-- collapse-all-link -->
      </div> <!-- navigator-suite-header -->
      <div class="suite">
        <div class="rounded-window">
          <div class="suite-header light-rounded-window-top">
            <a href="#" panel-name="suite-Default_suite" class="navigator-link">
              <span class="suite-name border-failed">Default suite</span>
            </a> <!-- navigator-link -->
          </div> <!-- suite-header light-rounded-window-top -->
          <div class="navigator-suite-content">
            <div class="suite-section-title">
              <span>Info</span>
            </div> <!-- suite-section-title -->
            <div class="suite-section-content">
              <ul>
                <li>
                  <a href="#" panel-name="test-xml-Default_suite" class="navigator-link ">
                    <span>C:\Users\12157\AppData\Local\Temp\testng-eclipse--1509664094\testng-customsuite.xml</span>
                  </a> <!-- navigator-link  -->
                </li>
                <li>
                  <a href="#" panel-name="testlist-Default_suite" class="navigator-link ">
                    <span class="test-stats">1 test</span>
                  </a> <!-- navigator-link  -->
                </li>
                <li>
                  <a href="#" panel-name="group-Default_suite" class="navigator-link ">
                    <span>1 group</span>
                  </a> <!-- navigator-link  -->
                </li>
                <li>
                  <a href="#" panel-name="times-Default_suite" class="navigator-link ">
                    <span>Times</span>
                  </a> <!-- navigator-link  -->
                </li>
                <li>
                  <a href="#" panel-name="reporter-Default_suite" class="navigator-link ">
                    <span>Reporter output</span>
                  </a> <!-- navigator-link  -->
                </li>
                <li>
                  <a href="#" panel-name="ignored-methods-Default_suite" class="navigator-link ">
                    <span>Ignored methods</span>
                  </a> <!-- navigator-link  -->
                </li>
                <li>
                  <a href="#" panel-name="chronological-Default_suite" class="navigator-link ">
                    <span>Chronological view</span>
                  </a> <!-- navigator-link  -->
                </li>
              </ul>
            </div> <!-- suite-section-content -->
            <div class="result-section">
              <div class="suite-section-title">
                <span>Results</span>
              </div> <!-- suite-section-title -->
              <div class="suite-section-content">
                <ul>
                  <li>
                    <span class="method-stats">35 methods, 6 failed,   29 passed</span>
                  </li>
                  <li>
                    <span class="method-list-title failed">Failed methods</span>
                    <span class="show-or-hide-methods failed">
                      <a href="#" panel-name="suite-Default_suite" class="hide-methods failed suite-Default_suite"> (hide)</a> <!-- hide-methods failed suite-Default_suite -->
                      <a href="#" panel-name="suite-Default_suite" class="show-methods failed suite-Default_suite"> (show)</a> <!-- show-methods failed suite-Default_suite -->
                    </span>
                    <div class="method-list-content failed suite-Default_suite">
                      <span>
                        <img src="failed.png" width="3%"/>
                        <a href="#" panel-name="suite-Default_suite" title="dsAlgoRunner.RunnerTest" class="method navigator-link" hash-for-method="runScenario(&quot;Verify that user receives error when user clicks on run button without entering code in tryeditor f...)">runScenario("Verify that user receives error when user clicks on run button without entering code in tryeditor f...)</a> <!-- method navigator-link -->
                      </span>
                      <br/>
                      <span>
                        <img src="failed.png" width="3%"/>
                        <a href="#" panel-name="suite-Default_suite" title="dsAlgoRunner.RunnerTest" class="method navigator-link" hash-for-method="runScenario(&quot;Verify that user receives error when user clicks on run button without entering code in tryeditor f...)">runScenario("Verify that user receives error when user clicks on run button without entering code in tryeditor f...)</a> <!-- method navigator-link -->
                      </span>
                      <br/>
                      <span>
                        <img src="failed.png" width="3%"/>
                        <a href="#" panel-name="suite-Default_suite" title="dsAlgoRunner.RunnerTest" class="method navigator-link" hash-for-method="runScenario(&quot;Verify that user receives output on submitting valid python code for &quot;Search the array&quot; question&quot;, ...)">runScenario("Verify that user receives output on submitting valid python code for "Search the array" question", ...)</a> <!-- method navigator-link -->
                      </span>
                      <br/>
                      <span>
                        <img src="failed.png" width="3%"/>
                        <a href="#" panel-name="suite-Default_suite" title="dsAlgoRunner.RunnerTest" class="method navigator-link" hash-for-method="runScenario(&quot;Verify that user receives error when user clicks on run button without entering code in tryeditor f...)">runScenario("Verify that user receives error when user clicks on run button without entering code in tryeditor f...)</a> <!-- method navigator-link -->
                      </span>
                      <br/>
                      <span>
                        <img src="failed.png" width="3%"/>
                        <a href="#" panel-name="suite-Default_suite" title="dsAlgoRunner.RunnerTest" class="method navigator-link" hash-for-method="runScenario(&quot;Verify that user receives output on submitting valid python code for &quot;Squares of  a Sorted Array&quot; q...)">runScenario("Verify that user receives output on submitting valid python code for "Squares of  a Sorted Array" q...)</a> <!-- method navigator-link -->
                      </span>
                      <br/>
                      <span>
                        <img src="failed.png" width="3%"/>
                        <a href="#" panel-name="suite-Default_suite" title="dsAlgoRunner.RunnerTest" class="method navigator-link" hash-for-method="runScenario(&quot;Verify that user receives error when user clicks on run button without entering code in tryeditor f...)">runScenario("Verify that user receives error when user clicks on run button without entering code in tryeditor f...)</a> <!-- method navigator-link -->
                      </span>
                      <br/>
                    </div> <!-- method-list-content failed suite-Default_suite -->
                  </li>
                  <li>
                    <span class="method-list-title passed">Passed methods</span>
                    <span class="show-or-hide-methods passed">
                      <a href="#" panel-name="suite-Default_suite" class="hide-methods passed suite-Default_suite"> (hide)</a> <!-- hide-methods passed suite-Default_suite -->
                      <a href="#" panel-name="suite-Default_suite" class="show-methods passed suite-Default_suite"> (show)</a> <!-- show-methods passed suite-Default_suite -->
                    </span>
                    <div class="method-list-content passed suite-Default_suite">
                      <span>
                        <img src="passed.png" width="3%"/>
                        <a href="#" panel-name="suite-Default_suite" title="dsAlgoRunner.RunnerTest" class="method navigator-link" hash-for-method="runScenario(&quot;Verify the user is able to navigate to the Operations in Array options&quot;, &quot;Array functionality&quot;)">runScenario("Verify the user is able to navigate to the Operations in Array options", "Array functionality")</a> <!-- method navigator-link -->
                      </span>
                      <br/>
                      <span>
                        <img src="passed.png" width="3%"/>
                        <a href="#" panel-name="suite-Default_suite" title="dsAlgoRunner.RunnerTest" class="method navigator-link" hash-for-method="runScenario(&quot;Verify that user is able to run valid and invalid Python code in Try Editor for ArrayPage&quot;, &quot;Array ...)">runScenario("Verify that user is able to run valid and invalid Python code in Try Editor for ArrayPage", "Array ...)</a> <!-- method navigator-link -->
                      </span>
                      <br/>
                      <span>
                        <img src="passed.png" width="3%"/>
                        <a href="#" panel-name="suite-Default_suite" title="dsAlgoRunner.RunnerTest" class="method navigator-link" hash-for-method="runScenario(&quot;Verify that user receives error on running Invalid python code for &quot;Max Consecutive Ones&quot; question&quot;...)">runScenario("Verify that user receives error on running Invalid python code for "Max Consecutive Ones" question"...)</a> <!-- method navigator-link -->
                      </span>
                      <br/>
                      <span>
                        <img src="passed.png" width="3%"/>
                        <a href="#" panel-name="suite-Default_suite" title="dsAlgoRunner.RunnerTest" class="method navigator-link" hash-for-method="runScenario(&quot;Verify that user is able to run valid Python code in Try Editor for Array Page&quot;, &quot;Array functionali...)">runScenario("Verify that user is able to run valid Python code in Try Editor for Array Page", "Array functionali...)</a> <!-- method navigator-link -->
                      </span>
                      <br/>
                      <span>
                        <img src="passed.png" width="3%"/>
                        <a href="#" panel-name="suite-Default_suite" title="dsAlgoRunner.RunnerTest" class="method navigator-link" hash-for-method="runScenario(&quot;Verify that the user can navigate to the Array after signin&quot;, &quot;Array functionality&quot;)">runScenario("Verify that the user can navigate to the Array after signin", "Array functionality")</a> <!-- method navigator-link -->
                      </span>
                      <br/>
                      <span>
                        <img src="passed.png" width="3%"/>
                        <a href="#" panel-name="suite-Default_suite" title="dsAlgoRunner.RunnerTest" class="method navigator-link" hash-for-method="runScenario(&quot;Verify that user is able to run valid Python code in Try Editor for Array Page&quot;, &quot;Array functionali...)">runScenario("Verify that user is able to run valid Python code in Try Editor for Array Page", "Array functionali...)</a> <!-- method navigator-link -->
                      </span>
                      <br/>
                      <span>
                        <img src="passed.png" width="3%"/>
                        <a href="#" panel-name="suite-Default_suite" title="dsAlgoRunner.RunnerTest" class="method navigator-link" hash-for-method="runScenario(&quot;Verify that user is able to navigate to the try Editor page from different options in Array Page&quot;, ...)">runScenario("Verify that user is able to navigate to the try Editor page from different options in Array Page", ...)</a> <!-- method navigator-link -->
                      </span>
                      <br/>
                      <span>
                        <img src="passed.png" width="3%"/>
                        <a href="#" panel-name="suite-Default_suite" title="dsAlgoRunner.RunnerTest" class="method navigator-link" hash-for-method="runScenario(&quot;Verify the user is able to navigate to the Operations in Array options&quot;, &quot;Array functionality&quot;)">runScenario("Verify the user is able to navigate to the Operations in Array options", "Array functionality")</a> <!-- method navigator-link -->
                      </span>
                      <br/>
                      <span>
                        <img src="passed.png" width="3%"/>
                        <a href="#" panel-name="suite-Default_suite" title="dsAlgoRunner.RunnerTest" class="method navigator-link" hash-for-method="runScenario(&quot;Verify that user receives output on running valid python code for &quot;Find Numbers with Even Number&quot; q...)">runScenario("Verify that user receives output on running valid python code for "Find Numbers with Even Number" q...)</a> <!-- method navigator-link -->
                      </span>
                      <br/>
                      <span>
                        <img src="passed.png" width="3%"/>
                        <a href="#" panel-name="suite-Default_suite" title="dsAlgoRunner.RunnerTest" class="method navigator-link" hash-for-method="runScenario(&quot;Verify that user receives error on running Invalid python code for &quot;Search the array&quot; question&quot;, &quot;A...)">runScenario("Verify that user receives error on running Invalid python code for "Search the array" question", "A...)</a> <!-- method navigator-link -->
                      </span>
                      <br/>
                      <span>
                        <img src="passed.png" width="3%"/>
                        <a href="#" panel-name="suite-Default_suite" title="dsAlgoRunner.RunnerTest" class="method navigator-link" hash-for-method="runScenario(&quot;Verify that user is able to run valid and invalid Python code in Try Editor for ArrayPage&quot;, &quot;Array ...)">runScenario("Verify that user is able to run valid and invalid Python code in Try Editor for ArrayPage", "Array ...)</a> <!-- method navigator-link -->
                      </span>
                      <br/>
                      <span>
                        <img src="passed.png" width="3%"/>
                        <a href="#" panel-name="suite-Default_suite" title="dsAlgoRunner.RunnerTest" class="method navigator-link" hash-for-method="runScenario(&quot;Verify that user is able to navigate to the try Editor page from different options in Array Page&quot;, ...)">runScenario("Verify that user is able to navigate to the try Editor page from different options in Array Page", ...)</a> <!-- method navigator-link -->
                      </span>
                      <br/>
                      <span>
                        <img src="passed.png" width="3%"/>
                        <a href="#" panel-name="suite-Default_suite" title="dsAlgoRunner.RunnerTest" class="method navigator-link" hash-for-method="runScenario(&quot;Verify that user receives output on running valid python code for &quot;Max Consecutive Ones&quot; question&quot;,...)">runScenario("Verify that user receives output on running valid python code for "Max Consecutive Ones" question",...)</a> <!-- method navigator-link -->
                      </span>
                      <br/>
                      <span>
                        <img src="passed.png" width="3%"/>
                        <a href="#" panel-name="suite-Default_suite" title="dsAlgoRunner.RunnerTest" class="method navigator-link" hash-for-method="runScenario(&quot;Verify that user receives output on submitting valid python code for &quot;Find Numbers with Even Number...)">runScenario("Verify that user receives output on submitting valid python code for "Find Numbers with Even Number...)</a> <!-- method navigator-link -->
                      </span>
                      <br/>
                      <span>
                        <img src="passed.png" width="3%"/>
                        <a href="#" panel-name="suite-Default_suite" title="dsAlgoRunner.RunnerTest" class="method navigator-link" hash-for-method="runScenario(&quot;Verify the user is able to navigate to the Operations in Array options&quot;, &quot;Array functionality&quot;)">runScenario("Verify the user is able to navigate to the Operations in Array options", "Array functionality")</a> <!-- method navigator-link -->
                      </span>
                      <br/>
                      <span>
                        <img src="passed.png" width="3%"/>
                        <a href="#" panel-name="suite-Default_suite" title="dsAlgoRunner.RunnerTest" class="method navigator-link" hash-for-method="runScenario(&quot;Verify that user receives error on running Invalid python code for &quot;Squares of  a Sorted Array&quot; que...)">runScenario("Verify that user receives error on running Invalid python code for "Squares of  a Sorted Array" que...)</a> <!-- method navigator-link -->
                      </span>
                      <br/>
                      <span>
                        <img src="passed.png" width="3%"/>
                        <a href="#" panel-name="suite-Default_suite" title="dsAlgoRunner.RunnerTest" class="method navigator-link" hash-for-method="runScenario(&quot;Verify that user is able to run valid Python code in Try Editor for Array Page&quot;, &quot;Array functionali...)">runScenario("Verify that user is able to run valid Python code in Try Editor for Array Page", "Array functionali...)</a> <!-- method navigator-link -->
                      </span>
                      <br/>
                      <span>
                        <img src="passed.png" width="3%"/>
                        <a href="#" panel-name="suite-Default_suite" title="dsAlgoRunner.RunnerTest" class="method navigator-link" hash-for-method="runScenario(&quot;Verify that user receives output on running valid python code for &quot;Search the array&quot; question&quot;, &quot;Ar...)">runScenario("Verify that user receives output on running valid python code for "Search the array" question", "Ar...)</a> <!-- method navigator-link -->
                      </span>
                      <br/>
                      <span>
                        <img src="passed.png" width="3%"/>
                        <a href="#" panel-name="suite-Default_suite" title="dsAlgoRunner.RunnerTest" class="method navigator-link" hash-for-method="runScenario(&quot;Verify that user receives error on running Invalid python code for &quot;Find Numbers with Even Number&quot; ...)">runScenario("Verify that user receives error on running Invalid python code for "Find Numbers with Even Number" ...)</a> <!-- method navigator-link -->
                      </span>
                      <br/>
                      <span>
                        <img src="passed.png" width="3%"/>
                        <a href="#" panel-name="suite-Default_suite" title="dsAlgoRunner.RunnerTest" class="method navigator-link" hash-for-method="runScenario(&quot;Verify the user see list of Practice Questions in Practice Questions Page&quot;, &quot;Array functionality&quot;)">runScenario("Verify the user see list of Practice Questions in Practice Questions Page", "Array functionality")</a> <!-- method navigator-link -->
                      </span>
                      <br/>
                      <span>
                        <img src="passed.png" width="3%"/>
                        <a href="#" panel-name="suite-Default_suite" title="dsAlgoRunner.RunnerTest" class="method navigator-link" hash-for-method="runScenario(&quot;Verify that user is able to run valid Python code in Try Editor for Array Page&quot;, &quot;Array functionali...)">runScenario("Verify that user is able to run valid Python code in Try Editor for Array Page", "Array functionali...)</a> <!-- method navigator-link -->
                      </span>
                      <br/>
                      <span>
                        <img src="passed.png" width="3%"/>
                        <a href="#" panel-name="suite-Default_suite" title="dsAlgoRunner.RunnerTest" class="method navigator-link" hash-for-method="runScenario(&quot;Verify the user is able to navigate to the Practice Questions  mentioned under Array &quot;Array in pyth...)">runScenario("Verify the user is able to navigate to the Practice Questions  mentioned under Array "Array in pyth...)</a> <!-- method navigator-link -->
                      </span>
                      <br/>
                      <span>
                        <img src="passed.png" width="3%"/>
                        <a href="#" panel-name="suite-Default_suite" title="dsAlgoRunner.RunnerTest" class="method navigator-link" hash-for-method="runScenario(&quot;Verify the user is able to navigate to the Operations in Array options&quot;, &quot;Array functionality&quot;)">runScenario("Verify the user is able to navigate to the Operations in Array options", "Array functionality")</a> <!-- method navigator-link -->
                      </span>
                      <br/>
                      <span>
                        <img src="passed.png" width="3%"/>
                        <a href="#" panel-name="suite-Default_suite" title="dsAlgoRunner.RunnerTest" class="method navigator-link" hash-for-method="runScenario(&quot;Verify that user is able to run valid Python code in Try Editor for Array page&quot;, &quot;Array functionali...)">runScenario("Verify that user is able to run valid Python code in Try Editor for Array page", "Array functionali...)</a> <!-- method navigator-link -->
                      </span>
                      <br/>
                      <span>
                        <img src="passed.png" width="3%"/>
                        <a href="#" panel-name="suite-Default_suite" title="dsAlgoRunner.RunnerTest" class="method navigator-link" hash-for-method="runScenario(&quot;Verify that user is able to navigate to the try Editor page from different options in Array Page&quot;, ...)">runScenario("Verify that user is able to navigate to the try Editor page from different options in Array Page", ...)</a> <!-- method navigator-link -->
                      </span>
                      <br/>
                      <span>
                        <img src="passed.png" width="3%"/>
                        <a href="#" panel-name="suite-Default_suite" title="dsAlgoRunner.RunnerTest" class="method navigator-link" hash-for-method="runScenario(&quot;Verify that user receives output on submitting valid python code for &quot;Max Consecutive Ones&quot; questio...)">runScenario("Verify that user receives output on submitting valid python code for "Max Consecutive Ones" questio...)</a> <!-- method navigator-link -->
                      </span>
                      <br/>
                      <span>
                        <img src="passed.png" width="3%"/>
                        <a href="#" panel-name="suite-Default_suite" title="dsAlgoRunner.RunnerTest" class="method navigator-link" hash-for-method="runScenario(&quot;Verify that user receives output on running valid python code for &quot;Squares of  a Sorted Array&quot; ques...)">runScenario("Verify that user receives output on running valid python code for "Squares of  a Sorted Array" ques...)</a> <!-- method navigator-link -->
                      </span>
                      <br/>
                      <span>
                        <img src="passed.png" width="3%"/>
                        <a href="#" panel-name="suite-Default_suite" title="dsAlgoRunner.RunnerTest" class="method navigator-link" hash-for-method="runScenario(&quot;Verify that user is able to run valid Python code in Try Editor for Array page&quot;, &quot;Array functionali...)">runScenario("Verify that user is able to run valid Python code in Try Editor for Array page", "Array functionali...)</a> <!-- method navigator-link -->
                      </span>
                      <br/>
                      <span>
                        <img src="passed.png" width="3%"/>
                        <a href="#" panel-name="suite-Default_suite" title="dsAlgoRunner.RunnerTest" class="method navigator-link" hash-for-method="runScenario(&quot;Verify that user is able to navigate to the try Editor page from different options in Array Page&quot;, ...)">runScenario("Verify that user is able to navigate to the try Editor page from different options in Array Page", ...)</a> <!-- method navigator-link -->
                      </span>
                      <br/>
                    </div> <!-- method-list-content passed suite-Default_suite -->
                  </li>
                </ul>
              </div> <!-- suite-section-content -->
            </div> <!-- result-section -->
          </div> <!-- navigator-suite-content -->
        </div> <!-- rounded-window -->
      </div> <!-- suite -->
    </div> <!-- navigator-root -->
    <div class="wrapper">
      <div class="main-panel-root">
        <div panel-name="suite-Default_suite" class="panel Default_suite">
          <div class="suite-Default_suite-class-failed">
            <div class="main-panel-header rounded-window-top">
              <img src="failed.png"/>
              <span class="class-name">dsAlgoRunner.RunnerTest</span>
            </div> <!-- main-panel-header rounded-window-top -->
            <div class="main-panel-content rounded-window-bottom">
              <div class="method">
                <div class="method-content">
                  <a name="runScenario(&quot;Verify that user receives error when user clicks on run button without entering code in tryeditor f...)">
                  </a> <!-- runScenario("Verify that user receives error when user clicks on run button without entering code in tryeditor f...) -->
                  <span class="method-name">runScenario</span>
                  <span class="parameters">("Verify that user receives error when user clicks on run button without entering code in tryeditor for ArrayPage","Array functionality")</span>
                  <div class="stack-trace">org.openqa.selenium.NoSuchElementException: no such element: Unable to locate element: {&quot;method&quot;:&quot;xpath&quot;,&quot;selector&quot;:&quot;//*[@onclick=&apos;runit()&apos;]&quot;}
  (Session info: chrome=131.0.6778.267)
For documentation on this error, please visit: https://www.selenium.dev/documentation/webdriver/troubleshooting/errors#no-such-element-exception
Build info: version: &apos;4.27.0&apos;, revision: &apos;d6e718d134&apos;
System info: os.name: &apos;Windows 11&apos;, os.arch: &apos;amd64&apos;, os.version: &apos;10.0&apos;, java.version: &apos;23.0.1&apos;
Driver info: org.openqa.selenium.chrome.ChromeDriver
Command: [c88df579f6134c8326f8ae428409150a, findElement {using=xpath, value=//*[@onclick=&apos;runit()&apos;]}]
Capabilities {acceptInsecureCerts: false, browserName: chrome, browserVersion: 131.0.6778.267, chrome: {chromedriverVersion: 131.0.6778.264 (2d05e315153..., userDataDir: C:\Users\12157\AppData\Loca...}, fedcm:accounts: true, goog:chromeOptions: {debuggerAddress: localhost:59949}, networkConnectionEnabled: false, pageLoadStrategy: normal, platformName: windows, proxy: Proxy(), se:cdp: ws://localhost:59949/devtoo..., se:cdpVersion: 131.0.6778.267, setWindowRect: true, strictFileInteractability: false, timeouts: {implicit: 0, pageLoad: 300000, script: 30000}, unhandledPromptBehavior: dismiss and notify, webauthn:extension:credBlob: true, webauthn:extension:largeBlob: true, webauthn:extension:minPinLength: true, webauthn:extension:prf: true, webauthn:virtualAuthenticators: true}
Session ID: c88df579f6134c8326f8ae428409150a
	at java.base/jdk.internal.reflect.DirectConstructorHandleAccessor.newInstance(DirectConstructorHandleAccessor.java:62)
	at java.base/java.lang.reflect.Constructor.newInstanceWithCaller(Constructor.java:501)
	at java.base/java.lang.reflect.Constructor.newInstance(Constructor.java:485)
	at org.openqa.selenium.remote.ErrorCodec.decode(ErrorCodec.java:167)
	at org.openqa.selenium.remote.codec.w3c.W3CHttpResponseCodec.decode(W3CHttpResponseCodec.java:138)
	at org.openqa.selenium.remote.codec.w3c.W3CHttpResponseCodec.decode(W3CHttpResponseCodec.java:50)
	at org.openqa.selenium.remote.HttpCommandExecutor.execute(HttpCommandExecutor.java:190)
	at org.openqa.selenium.remote.service.DriverCommandExecutor.invokeExecute(DriverCommandExecutor.java:216)
	at org.openqa.selenium.remote.service.DriverCommandExecutor.execute(DriverCommandExecutor.java:174)
	at org.openqa.selenium.remote.RemoteWebDriver.execute(RemoteWebDriver.java:545)
	at org.openqa.selenium.remote.ElementLocation$ElementFinder$2.findElement(ElementLocation.java:165)
	at org.openqa.selenium.remote.ElementLocation.findElement(ElementLocation.java:59)
	at org.openqa.selenium.remote.RemoteWebDriver.findElement(RemoteWebDriver.java:368)
	at org.openqa.selenium.remote.RemoteWebDriver.findElement(RemoteWebDriver.java:362)
	at org.openqa.selenium.support.pagefactory.DefaultElementLocator.findElement(DefaultElementLocator.java:68)
	at org.openqa.selenium.support.pagefactory.internal.LocatingElementHandler.invoke(LocatingElementHandler.java:38)
	at jdk.proxy2/jdk.proxy2.$Proxy27.click(Unknown Source)
	at dsAlgoPages.GraphPage.run(GraphPage.java:106)
	at dsAlgoStepdefinition.GraphSteps.the_user_clicks_the_Run_button(GraphSteps.java:168)
	at ✽.the user clicks the Run button(file:///D:/Vaishali/NN_Workspace/DsAlgo_Quester/DsAlgoQuesters/src/test/resources/dsAlgoFeatures/Arrays.feature:41)

</div> <!-- stack-trace -->
                  <em>
(Runs Cucumber Scenarios)                  </em>
                </div> <!-- method-content -->
              </div> <!-- method -->
              <div class="method">
                <div class="method-content">
                  <a name="runScenario(&quot;Verify that user receives error when user clicks on run button without entering code in tryeditor f...)">
                  </a> <!-- runScenario("Verify that user receives error when user clicks on run button without entering code in tryeditor f...) -->
                  <span class="method-name">runScenario</span>
                  <span class="parameters">("Verify that user receives error when user clicks on run button without entering code in tryeditor for ArrayPage","Array functionality")</span>
                  <div class="stack-trace">org.openqa.selenium.NoSuchElementException: no such element: Unable to locate element: {&quot;method&quot;:&quot;xpath&quot;,&quot;selector&quot;:&quot;//*[@onclick=&apos;runit()&apos;]&quot;}
  (Session info: chrome=131.0.6778.267)
For documentation on this error, please visit: https://www.selenium.dev/documentation/webdriver/troubleshooting/errors#no-such-element-exception
Build info: version: &apos;4.27.0&apos;, revision: &apos;d6e718d134&apos;
System info: os.name: &apos;Windows 11&apos;, os.arch: &apos;amd64&apos;, os.version: &apos;10.0&apos;, java.version: &apos;23.0.1&apos;
Driver info: org.openqa.selenium.chrome.ChromeDriver
Command: [051ea0fdf758d496947c624fc32ee070, findElement {using=xpath, value=//*[@onclick=&apos;runit()&apos;]}]
Capabilities {acceptInsecureCerts: false, browserName: chrome, browserVersion: 131.0.6778.267, chrome: {chromedriverVersion: 131.0.6778.264 (2d05e315153..., userDataDir: C:\Users\12157\AppData\Loca...}, fedcm:accounts: true, goog:chromeOptions: {debuggerAddress: localhost:59954}, networkConnectionEnabled: false, pageLoadStrategy: normal, platformName: windows, proxy: Proxy(), se:cdp: ws://localhost:59954/devtoo..., se:cdpVersion: 131.0.6778.267, setWindowRect: true, strictFileInteractability: false, timeouts: {implicit: 0, pageLoad: 300000, script: 30000}, unhandledPromptBehavior: dismiss and notify, webauthn:extension:credBlob: true, webauthn:extension:largeBlob: true, webauthn:extension:minPinLength: true, webauthn:extension:prf: true, webauthn:virtualAuthenticators: true}
Session ID: 051ea0fdf758d496947c624fc32ee070
	at java.base/jdk.internal.reflect.DirectConstructorHandleAccessor.newInstance(DirectConstructorHandleAccessor.java:62)
	at java.base/java.lang.reflect.Constructor.newInstanceWithCaller(Constructor.java:501)
	at java.base/java.lang.reflect.Constructor.newInstance(Constructor.java:485)
	at org.openqa.selenium.remote.ErrorCodec.decode(ErrorCodec.java:167)
	at org.openqa.selenium.remote.codec.w3c.W3CHttpResponseCodec.decode(W3CHttpResponseCodec.java:138)
	at org.openqa.selenium.remote.codec.w3c.W3CHttpResponseCodec.decode(W3CHttpResponseCodec.java:50)
	at org.openqa.selenium.remote.HttpCommandExecutor.execute(HttpCommandExecutor.java:190)
	at org.openqa.selenium.remote.service.DriverCommandExecutor.invokeExecute(DriverCommandExecutor.java:216)
	at org.openqa.selenium.remote.service.DriverCommandExecutor.execute(DriverCommandExecutor.java:174)
	at org.openqa.selenium.remote.RemoteWebDriver.execute(RemoteWebDriver.java:545)
	at org.openqa.selenium.remote.ElementLocation$ElementFinder$2.findElement(ElementLocation.java:165)
	at org.openqa.selenium.remote.ElementLocation.findElement(ElementLocation.java:59)
	at org.openqa.selenium.remote.RemoteWebDriver.findElement(RemoteWebDriver.java:368)
	at org.openqa.selenium.remote.RemoteWebDriver.findElement(RemoteWebDriver.java:362)
	at org.openqa.selenium.support.pagefactory.DefaultElementLocator.findElement(DefaultElementLocator.java:68)
	at org.openqa.selenium.support.pagefactory.internal.LocatingElementHandler.invoke(LocatingElementHandler.java:38)
	at jdk.proxy2/jdk.proxy2.$Proxy27.click(Unknown Source)
	at dsAlgoPages.GraphPage.run(GraphPage.java:106)
	at dsAlgoStepdefinition.GraphSteps.the_user_clicks_the_Run_button(GraphSteps.java:168)
	at ✽.the user clicks the Run button(file:///D:/Vaishali/NN_Workspace/DsAlgo_Quester/DsAlgoQuesters/src/test/resources/dsAlgoFeatures/Arrays.feature:41)

</div> <!-- stack-trace -->
                  <em>
(Runs Cucumber Scenarios)                  </em>
                </div> <!-- method-content -->
              </div> <!-- method -->
              <div class="method">
                <div class="method-content">
                  <a name="runScenario(&quot;Verify that user receives output on submitting valid python code for &quot;Search the array&quot; question&quot;, ...)">
                  </a> <!-- runScenario("Verify that user receives output on submitting valid python code for "Search the array" question", ...) -->
                  <span class="method-name">runScenario</span>
                  <span class="parameters">("Verify that user receives output on submitting valid python code for "Search the array" question","Array functionality")</span>
                  <div class="stack-trace">org.openqa.selenium.NoSuchElementException: no such element: Unable to locate element: {&quot;method&quot;:&quot;xpath&quot;,&quot;selector&quot;:&quot;//pre[@id=&apos;output&apos; and contains(text(), &apos;Submission Successful&apos;)]&quot;}
  (Session info: chrome=131.0.6778.267)
For documentation on this error, please visit: https://www.selenium.dev/documentation/webdriver/troubleshooting/errors#no-such-element-exception
Build info: version: &apos;4.27.0&apos;, revision: &apos;d6e718d134&apos;
System info: os.name: &apos;Windows 11&apos;, os.arch: &apos;amd64&apos;, os.version: &apos;10.0&apos;, java.version: &apos;23.0.1&apos;
Driver info: org.openqa.selenium.chrome.ChromeDriver
Command: [9f301bb209830163e2f3dc2952d40d7e, findElement {using=xpath, value=//pre[@id=&apos;output&apos; and contains(text(), &apos;Submission Successful&apos;)]}]
Capabilities {acceptInsecureCerts: false, browserName: chrome, browserVersion: 131.0.6778.267, chrome: {chromedriverVersion: 131.0.6778.264 (2d05e315153..., userDataDir: C:\Users\12157\AppData\Loca...}, fedcm:accounts: true, goog:chromeOptions: {debuggerAddress: localhost:60379}, networkConnectionEnabled: false, pageLoadStrategy: normal, platformName: windows, proxy: Proxy(), se:cdp: ws://localhost:60379/devtoo..., se:cdpVersion: 131.0.6778.267, setWindowRect: true, strictFileInteractability: false, timeouts: {implicit: 0, pageLoad: 300000, script: 30000}, unhandledPromptBehavior: dismiss and notify, webauthn:extension:credBlob: true, webauthn:extension:largeBlob: true, webauthn:extension:minPinLength: true, webauthn:extension:prf: true, webauthn:virtualAuthenticators: true}
Session ID: 9f301bb209830163e2f3dc2952d40d7e
	at java.base/jdk.internal.reflect.DirectConstructorHandleAccessor.newInstance(DirectConstructorHandleAccessor.java:62)
	at java.base/java.lang.reflect.Constructor.newInstanceWithCaller(Constructor.java:501)
	at java.base/java.lang.reflect.Constructor.newInstance(Constructor.java:485)
	at org.openqa.selenium.remote.ErrorCodec.decode(ErrorCodec.java:167)
	at org.openqa.selenium.remote.codec.w3c.W3CHttpResponseCodec.decode(W3CHttpResponseCodec.java:138)
	at org.openqa.selenium.remote.codec.w3c.W3CHttpResponseCodec.decode(W3CHttpResponseCodec.java:50)
	at org.openqa.selenium.remote.HttpCommandExecutor.execute(HttpCommandExecutor.java:190)
	at org.openqa.selenium.remote.service.DriverCommandExecutor.invokeExecute(DriverCommandExecutor.java:216)
	at org.openqa.selenium.remote.service.DriverCommandExecutor.execute(DriverCommandExecutor.java:174)
	at org.openqa.selenium.remote.RemoteWebDriver.execute(RemoteWebDriver.java:545)
	at org.openqa.selenium.remote.ElementLocation$ElementFinder$2.findElement(ElementLocation.java:165)
	at org.openqa.selenium.remote.ElementLocation.findElement(ElementLocation.java:59)
	at org.openqa.selenium.remote.RemoteWebDriver.findElement(RemoteWebDriver.java:368)
	at org.openqa.selenium.remote.RemoteWebDriver.findElement(RemoteWebDriver.java:362)
	at org.openqa.selenium.support.pagefactory.DefaultElementLocator.findElement(DefaultElementLocator.java:68)
	at org.openqa.selenium.support.pagefactory.internal.LocatingElementHandler.invoke(LocatingElementHandler.java:38)
	at jdk.proxy2/jdk.proxy2.$Proxy27.getText(Unknown Source)
	at dsAlgoPages.ArrayPage.actualOutputResult(ArrayPage.java:158)
	at dsAlgoStepdefinition.ArraySteps.the_user_should_see_an_output_for_question_in_console_for_and(ArraySteps.java:222)
	at ✽.The user should see an output for question in console for &quot;Search The Array&quot; and 3(file:///D:/Vaishali/NN_Workspace/DsAlgo_Quester/DsAlgoQuesters/src/test/resources/dsAlgoFeatures/Arrays.feature:128)

</div> <!-- stack-trace -->
                  <em>
(Runs Cucumber Scenarios)                  </em>
                </div> <!-- method-content -->
              </div> <!-- method -->
              <div class="method">
                <div class="method-content">
                  <a name="runScenario(&quot;Verify that user receives error when user clicks on run button without entering code in tryeditor f...)">
                  </a> <!-- runScenario("Verify that user receives error when user clicks on run button without entering code in tryeditor f...) -->
                  <span class="method-name">runScenario</span>
                  <span class="parameters">("Verify that user receives error when user clicks on run button without entering code in tryeditor for ArrayPage","Array functionality")</span>
                  <div class="stack-trace">org.openqa.selenium.NoSuchElementException: no such element: Unable to locate element: {&quot;method&quot;:&quot;xpath&quot;,&quot;selector&quot;:&quot;//*[@onclick=&apos;runit()&apos;]&quot;}
  (Session info: chrome=131.0.6778.267)
For documentation on this error, please visit: https://www.selenium.dev/documentation/webdriver/troubleshooting/errors#no-such-element-exception
Build info: version: &apos;4.27.0&apos;, revision: &apos;d6e718d134&apos;
System info: os.name: &apos;Windows 11&apos;, os.arch: &apos;amd64&apos;, os.version: &apos;10.0&apos;, java.version: &apos;23.0.1&apos;
Driver info: org.openqa.selenium.chrome.ChromeDriver
Command: [054e7be45ea4e409c7d6f17238fb6fde, findElement {using=xpath, value=//*[@onclick=&apos;runit()&apos;]}]
Capabilities {acceptInsecureCerts: false, browserName: chrome, browserVersion: 131.0.6778.267, chrome: {chromedriverVersion: 131.0.6778.264 (2d05e315153..., userDataDir: C:\Users\12157\AppData\Loca...}, fedcm:accounts: true, goog:chromeOptions: {debuggerAddress: localhost:59533}, networkConnectionEnabled: false, pageLoadStrategy: normal, platformName: windows, proxy: Proxy(), se:cdp: ws://localhost:59533/devtoo..., se:cdpVersion: 131.0.6778.267, setWindowRect: true, strictFileInteractability: false, timeouts: {implicit: 0, pageLoad: 300000, script: 30000}, unhandledPromptBehavior: dismiss and notify, webauthn:extension:credBlob: true, webauthn:extension:largeBlob: true, webauthn:extension:minPinLength: true, webauthn:extension:prf: true, webauthn:virtualAuthenticators: true}
Session ID: 054e7be45ea4e409c7d6f17238fb6fde
	at java.base/jdk.internal.reflect.DirectConstructorHandleAccessor.newInstance(DirectConstructorHandleAccessor.java:62)
	at java.base/java.lang.reflect.Constructor.newInstanceWithCaller(Constructor.java:501)
	at java.base/java.lang.reflect.Constructor.newInstance(Constructor.java:485)
	at org.openqa.selenium.remote.ErrorCodec.decode(ErrorCodec.java:167)
	at org.openqa.selenium.remote.codec.w3c.W3CHttpResponseCodec.decode(W3CHttpResponseCodec.java:138)
	at org.openqa.selenium.remote.codec.w3c.W3CHttpResponseCodec.decode(W3CHttpResponseCodec.java:50)
	at org.openqa.selenium.remote.HttpCommandExecutor.execute(HttpCommandExecutor.java:190)
	at org.openqa.selenium.remote.service.DriverCommandExecutor.invokeExecute(DriverCommandExecutor.java:216)
	at org.openqa.selenium.remote.service.DriverCommandExecutor.execute(DriverCommandExecutor.java:174)
	at org.openqa.selenium.remote.RemoteWebDriver.execute(RemoteWebDriver.java:545)
	at org.openqa.selenium.remote.ElementLocation$ElementFinder$2.findElement(ElementLocation.java:165)
	at org.openqa.selenium.remote.ElementLocation.findElement(ElementLocation.java:59)
	at org.openqa.selenium.remote.RemoteWebDriver.findElement(RemoteWebDriver.java:368)
	at org.openqa.selenium.remote.RemoteWebDriver.findElement(RemoteWebDriver.java:362)
	at org.openqa.selenium.support.pagefactory.DefaultElementLocator.findElement(DefaultElementLocator.java:68)
	at org.openqa.selenium.support.pagefactory.internal.LocatingElementHandler.invoke(LocatingElementHandler.java:38)
	at jdk.proxy2/jdk.proxy2.$Proxy27.click(Unknown Source)
	at dsAlgoPages.GraphPage.run(GraphPage.java:106)
	at dsAlgoStepdefinition.GraphSteps.the_user_clicks_the_Run_button(GraphSteps.java:168)
	at ✽.the user clicks the Run button(file:///D:/Vaishali/NN_Workspace/DsAlgo_Quester/DsAlgoQuesters/src/test/resources/dsAlgoFeatures/Arrays.feature:41)

</div> <!-- stack-trace -->
                  <em>
(Runs Cucumber Scenarios)                  </em>
                </div> <!-- method-content -->
              </div> <!-- method -->
              <div class="method">
                <div class="method-content">
                  <a name="runScenario(&quot;Verify that user receives output on submitting valid python code for &quot;Squares of  a Sorted Array&quot; q...)">
                  </a> <!-- runScenario("Verify that user receives output on submitting valid python code for "Squares of  a Sorted Array" q...) -->
                  <span class="method-name">runScenario</span>
                  <span class="parameters">("Verify that user receives output on submitting valid python code for "Squares of  a Sorted Array" question","Array functionality")</span>
                  <div class="stack-trace">org.openqa.selenium.NoSuchElementException: no such element: Unable to locate element: {&quot;method&quot;:&quot;xpath&quot;,&quot;selector&quot;:&quot;//pre[@id=&apos;output&apos; and contains(text(), &apos;Submission Successful&apos;)]&quot;}
  (Session info: chrome=131.0.6778.267)
For documentation on this error, please visit: https://www.selenium.dev/documentation/webdriver/troubleshooting/errors#no-such-element-exception
Build info: version: &apos;4.27.0&apos;, revision: &apos;d6e718d134&apos;
System info: os.name: &apos;Windows 11&apos;, os.arch: &apos;amd64&apos;, os.version: &apos;10.0&apos;, java.version: &apos;23.0.1&apos;
Driver info: org.openqa.selenium.chrome.ChromeDriver
Command: [b7317bff804f36c6e8c89fe8f573c1b5, findElement {using=xpath, value=//pre[@id=&apos;output&apos; and contains(text(), &apos;Submission Successful&apos;)]}]
Capabilities {acceptInsecureCerts: false, browserName: chrome, browserVersion: 131.0.6778.267, chrome: {chromedriverVersion: 131.0.6778.264 (2d05e315153..., userDataDir: C:\Users\12157\AppData\Loca...}, fedcm:accounts: true, goog:chromeOptions: {debuggerAddress: localhost:60818}, networkConnectionEnabled: false, pageLoadStrategy: normal, platformName: windows, proxy: Proxy(), se:cdp: ws://localhost:60818/devtoo..., se:cdpVersion: 131.0.6778.267, setWindowRect: true, strictFileInteractability: false, timeouts: {implicit: 0, pageLoad: 300000, script: 30000}, unhandledPromptBehavior: dismiss and notify, webauthn:extension:credBlob: true, webauthn:extension:largeBlob: true, webauthn:extension:minPinLength: true, webauthn:extension:prf: true, webauthn:virtualAuthenticators: true}
Session ID: b7317bff804f36c6e8c89fe8f573c1b5
	at java.base/jdk.internal.reflect.DirectConstructorHandleAccessor.newInstance(DirectConstructorHandleAccessor.java:62)
	at java.base/java.lang.reflect.Constructor.newInstanceWithCaller(Constructor.java:501)
	at java.base/java.lang.reflect.Constructor.newInstance(Constructor.java:485)
	at org.openqa.selenium.remote.ErrorCodec.decode(ErrorCodec.java:167)
	at org.openqa.selenium.remote.codec.w3c.W3CHttpResponseCodec.decode(W3CHttpResponseCodec.java:138)
	at org.openqa.selenium.remote.codec.w3c.W3CHttpResponseCodec.decode(W3CHttpResponseCodec.java:50)
	at org.openqa.selenium.remote.HttpCommandExecutor.execute(HttpCommandExecutor.java:190)
	at org.openqa.selenium.remote.service.DriverCommandExecutor.invokeExecute(DriverCommandExecutor.java:216)
	at org.openqa.selenium.remote.service.DriverCommandExecutor.execute(DriverCommandExecutor.java:174)
	at org.openqa.selenium.remote.RemoteWebDriver.execute(RemoteWebDriver.java:545)
	at org.openqa.selenium.remote.ElementLocation$ElementFinder$2.findElement(ElementLocation.java:165)
	at org.openqa.selenium.remote.ElementLocation.findElement(ElementLocation.java:59)
	at org.openqa.selenium.remote.RemoteWebDriver.findElement(RemoteWebDriver.java:368)
	at org.openqa.selenium.remote.RemoteWebDriver.findElement(RemoteWebDriver.java:362)
	at org.openqa.selenium.support.pagefactory.DefaultElementLocator.findElement(DefaultElementLocator.java:68)
	at org.openqa.selenium.support.pagefactory.internal.LocatingElementHandler.invoke(LocatingElementHandler.java:38)
	at jdk.proxy2/jdk.proxy2.$Proxy27.getText(Unknown Source)
	at dsAlgoPages.ArrayPage.actualOutputResult(ArrayPage.java:158)
	at dsAlgoStepdefinition.ArraySteps.the_user_should_see_an_output_for_question_in_console_for_and(ArraySteps.java:222)
	at ✽.The user should see an output for question in console for &quot;Squares of  a Sorted Array&quot; and 3(file:///D:/Vaishali/NN_Workspace/DsAlgo_Quester/DsAlgoQuesters/src/test/resources/dsAlgoFeatures/Arrays.feature:218)

</div> <!-- stack-trace -->
                  <em>
(Runs Cucumber Scenarios)                  </em>
                </div> <!-- method-content -->
              </div> <!-- method -->
              <div class="method">
                <div class="method-content">
                  <a name="runScenario(&quot;Verify that user receives error when user clicks on run button without entering code in tryeditor f...)">
                  </a> <!-- runScenario("Verify that user receives error when user clicks on run button without entering code in tryeditor f...) -->
                  <span class="method-name">runScenario</span>
                  <span class="parameters">("Verify that user receives error when user clicks on run button without entering code in tryeditor for ArrayPage","Array functionality")</span>
                  <div class="stack-trace">org.openqa.selenium.NoSuchElementException: no such element: Unable to locate element: {&quot;method&quot;:&quot;xpath&quot;,&quot;selector&quot;:&quot;//*[@onclick=&apos;runit()&apos;]&quot;}
  (Session info: chrome=131.0.6778.267)
For documentation on this error, please visit: https://www.selenium.dev/documentation/webdriver/troubleshooting/errors#no-such-element-exception
Build info: version: &apos;4.27.0&apos;, revision: &apos;d6e718d134&apos;
System info: os.name: &apos;Windows 11&apos;, os.arch: &apos;amd64&apos;, os.version: &apos;10.0&apos;, java.version: &apos;23.0.1&apos;
Driver info: org.openqa.selenium.chrome.ChromeDriver
Command: [4150dec671ea30bd7251b14db0316e39, findElement {using=xpath, value=//*[@onclick=&apos;runit()&apos;]}]
Capabilities {acceptInsecureCerts: false, browserName: chrome, browserVersion: 131.0.6778.267, chrome: {chromedriverVersion: 131.0.6778.264 (2d05e315153..., userDataDir: C:\Users\12157\AppData\Loca...}, fedcm:accounts: true, goog:chromeOptions: {debuggerAddress: localhost:59910}, networkConnectionEnabled: false, pageLoadStrategy: normal, platformName: windows, proxy: Proxy(), se:cdp: ws://localhost:59910/devtoo..., se:cdpVersion: 131.0.6778.267, setWindowRect: true, strictFileInteractability: false, timeouts: {implicit: 0, pageLoad: 300000, script: 30000}, unhandledPromptBehavior: dismiss and notify, webauthn:extension:credBlob: true, webauthn:extension:largeBlob: true, webauthn:extension:minPinLength: true, webauthn:extension:prf: true, webauthn:virtualAuthenticators: true}
Session ID: 4150dec671ea30bd7251b14db0316e39
	at java.base/jdk.internal.reflect.DirectConstructorHandleAccessor.newInstance(DirectConstructorHandleAccessor.java:62)
	at java.base/java.lang.reflect.Constructor.newInstanceWithCaller(Constructor.java:501)
	at java.base/java.lang.reflect.Constructor.newInstance(Constructor.java:485)
	at org.openqa.selenium.remote.ErrorCodec.decode(ErrorCodec.java:167)
	at org.openqa.selenium.remote.codec.w3c.W3CHttpResponseCodec.decode(W3CHttpResponseCodec.java:138)
	at org.openqa.selenium.remote.codec.w3c.W3CHttpResponseCodec.decode(W3CHttpResponseCodec.java:50)
	at org.openqa.selenium.remote.HttpCommandExecutor.execute(HttpCommandExecutor.java:190)
	at org.openqa.selenium.remote.service.DriverCommandExecutor.invokeExecute(DriverCommandExecutor.java:216)
	at org.openqa.selenium.remote.service.DriverCommandExecutor.execute(DriverCommandExecutor.java:174)
	at org.openqa.selenium.remote.RemoteWebDriver.execute(RemoteWebDriver.java:545)
	at org.openqa.selenium.remote.ElementLocation$ElementFinder$2.findElement(ElementLocation.java:165)
	at org.openqa.selenium.remote.ElementLocation.findElement(ElementLocation.java:59)
	at org.openqa.selenium.remote.RemoteWebDriver.findElement(RemoteWebDriver.java:368)
	at org.openqa.selenium.remote.RemoteWebDriver.findElement(RemoteWebDriver.java:362)
	at org.openqa.selenium.support.pagefactory.DefaultElementLocator.findElement(DefaultElementLocator.java:68)
	at org.openqa.selenium.support.pagefactory.internal.LocatingElementHandler.invoke(LocatingElementHandler.java:38)
	at jdk.proxy2/jdk.proxy2.$Proxy27.click(Unknown Source)
	at dsAlgoPages.GraphPage.run(GraphPage.java:106)
	at dsAlgoStepdefinition.GraphSteps.the_user_clicks_the_Run_button(GraphSteps.java:168)
	at ✽.the user clicks the Run button(file:///D:/Vaishali/NN_Workspace/DsAlgo_Quester/DsAlgoQuesters/src/test/resources/dsAlgoFeatures/Arrays.feature:41)

</div> <!-- stack-trace -->
                  <em>
(Runs Cucumber Scenarios)                  </em>
                </div> <!-- method-content -->
              </div> <!-- method -->
            </div> <!-- main-panel-content rounded-window-bottom -->
          </div> <!-- suite-Default_suite-class-failed -->
          <div class="suite-Default_suite-class-passed">
            <div class="main-panel-header rounded-window-top">
              <img src="passed.png"/>
              <span class="class-name">dsAlgoRunner.RunnerTest</span>
            </div> <!-- main-panel-header rounded-window-top -->
            <div class="main-panel-content rounded-window-bottom">
              <div class="method">
                <div class="method-content">
                  <a name="runScenario(&quot;Verify the user is able to navigate to the Operations in Array options&quot;, &quot;Array functionality&quot;)">
                  </a> <!-- runScenario("Verify the user is able to navigate to the Operations in Array options", "Array functionality") -->
                  <span class="method-name">runScenario</span>
                  <span class="parameters">("Verify the user is able to navigate to the Operations in Array options","Array functionality")</span>
                  <em>
(Runs Cucumber Scenarios)                  </em>
                </div> <!-- method-content -->
              </div> <!-- method -->
              <div class="method">
                <div class="method-content">
                  <a name="runScenario(&quot;Verify that user is able to run valid and invalid Python code in Try Editor for ArrayPage&quot;, &quot;Array ...)">
                  </a> <!-- runScenario("Verify that user is able to run valid and invalid Python code in Try Editor for ArrayPage", "Array ...) -->
                  <span class="method-name">runScenario</span>
                  <span class="parameters">("Verify that user is able to run valid and invalid Python code in Try Editor for ArrayPage","Array functionality")</span>
                  <em>
(Runs Cucumber Scenarios)                  </em>
                </div> <!-- method-content -->
              </div> <!-- method -->
              <div class="method">
                <div class="method-content">
                  <a name="runScenario(&quot;Verify that user receives error on running Invalid python code for &quot;Max Consecutive Ones&quot; question&quot;...)">
                  </a> <!-- runScenario("Verify that user receives error on running Invalid python code for "Max Consecutive Ones" question"...) -->
                  <span class="method-name">runScenario</span>
                  <span class="parameters">("Verify that user receives error on running Invalid python code for "Max Consecutive Ones" question","Array functionality")</span>
                  <em>
(Runs Cucumber Scenarios)                  </em>
                </div> <!-- method-content -->
              </div> <!-- method -->
              <div class="method">
                <div class="method-content">
                  <a name="runScenario(&quot;Verify that user is able to run valid Python code in Try Editor for Array Page&quot;, &quot;Array functionali...)">
                  </a> <!-- runScenario("Verify that user is able to run valid Python code in Try Editor for Array Page", "Array functionali...) -->
                  <span class="method-name">runScenario</span>
                  <span class="parameters">("Verify that user is able to run valid Python code in Try Editor for Array Page","Array functionality")</span>
                  <em>
(Runs Cucumber Scenarios)                  </em>
                </div> <!-- method-content -->
              </div> <!-- method -->
              <div class="method">
                <div class="method-content">
                  <a name="runScenario(&quot;Verify that the user can navigate to the Array after signin&quot;, &quot;Array functionality&quot;)">
                  </a> <!-- runScenario("Verify that the user can navigate to the Array after signin", "Array functionality") -->
                  <span class="method-name">runScenario</span>
                  <span class="parameters">("Verify that the user can navigate to the Array after signin","Array functionality")</span>
                  <em>
(Runs Cucumber Scenarios)                  </em>
                </div> <!-- method-content -->
              </div> <!-- method -->
              <div class="method">
                <div class="method-content">
                  <a name="runScenario(&quot;Verify that user is able to run valid Python code in Try Editor for Array Page&quot;, &quot;Array functionali...)">
                  </a> <!-- runScenario("Verify that user is able to run valid Python code in Try Editor for Array Page", "Array functionali...) -->
                  <span class="method-name">runScenario</span>
                  <span class="parameters">("Verify that user is able to run valid Python code in Try Editor for Array Page","Array functionality")</span>
                  <em>
(Runs Cucumber Scenarios)                  </em>
                </div> <!-- method-content -->
              </div> <!-- method -->
              <div class="method">
                <div class="method-content">
                  <a name="runScenario(&quot;Verify that user is able to navigate to the try Editor page from different options in Array Page&quot;, ...)">
                  </a> <!-- runScenario("Verify that user is able to navigate to the try Editor page from different options in Array Page", ...) -->
                  <span class="method-name">runScenario</span>
                  <span class="parameters">("Verify that user is able to navigate to the try Editor page from different options in Array Page","Array functionality")</span>
                  <em>
(Runs Cucumber Scenarios)                  </em>
                </div> <!-- method-content -->
              </div> <!-- method -->
              <div class="method">
                <div class="method-content">
                  <a name="runScenario(&quot;Verify the user is able to navigate to the Operations in Array options&quot;, &quot;Array functionality&quot;)">
                  </a> <!-- runScenario("Verify the user is able to navigate to the Operations in Array options", "Array functionality") -->
                  <span class="method-name">runScenario</span>
                  <span class="parameters">("Verify the user is able to navigate to the Operations in Array options","Array functionality")</span>
                  <em>
(Runs Cucumber Scenarios)                  </em>
                </div> <!-- method-content -->
              </div> <!-- method -->
              <div class="method">
                <div class="method-content">
                  <a name="runScenario(&quot;Verify that user receives output on running valid python code for &quot;Find Numbers with Even Number&quot; q...)">
                  </a> <!-- runScenario("Verify that user receives output on running valid python code for "Find Numbers with Even Number" q...) -->
                  <span class="method-name">runScenario</span>
                  <span class="parameters">("Verify that user receives output on running valid python code for "Find Numbers with Even Number" question","Array functionality")</span>
                  <em>
(Runs Cucumber Scenarios)                  </em>
                </div> <!-- method-content -->
              </div> <!-- method -->
              <div class="method">
                <div class="method-content">
                  <a name="runScenario(&quot;Verify that user receives error on running Invalid python code for &quot;Search the array&quot; question&quot;, &quot;A...)">
                  </a> <!-- runScenario("Verify that user receives error on running Invalid python code for "Search the array" question", "A...) -->
                  <span class="method-name">runScenario</span>
                  <span class="parameters">("Verify that user receives error on running Invalid python code for "Search the array" question","Array functionality")</span>
                  <em>
(Runs Cucumber Scenarios)                  </em>
                </div> <!-- method-content -->
              </div> <!-- method -->
              <div class="method">
                <div class="method-content">
                  <a name="runScenario(&quot;Verify that user is able to run valid and invalid Python code in Try Editor for ArrayPage&quot;, &quot;Array ...)">
                  </a> <!-- runScenario("Verify that user is able to run valid and invalid Python code in Try Editor for ArrayPage", "Array ...) -->
                  <span class="method-name">runScenario</span>
                  <span class="parameters">("Verify that user is able to run valid and invalid Python code in Try Editor for ArrayPage","Array functionality")</span>
                  <em>
(Runs Cucumber Scenarios)                  </em>
                </div> <!-- method-content -->
              </div> <!-- method -->
              <div class="method">
                <div class="method-content">
                  <a name="runScenario(&quot;Verify that user is able to navigate to the try Editor page from different options in Array Page&quot;, ...)">
                  </a> <!-- runScenario("Verify that user is able to navigate to the try Editor page from different options in Array Page", ...) -->
                  <span class="method-name">runScenario</span>
                  <span class="parameters">("Verify that user is able to navigate to the try Editor page from different options in Array Page","Array functionality")</span>
                  <em>
(Runs Cucumber Scenarios)                  </em>
                </div> <!-- method-content -->
              </div> <!-- method -->
              <div class="method">
                <div class="method-content">
                  <a name="runScenario(&quot;Verify that user receives output on running valid python code for &quot;Max Consecutive Ones&quot; question&quot;,...)">
                  </a> <!-- runScenario("Verify that user receives output on running valid python code for "Max Consecutive Ones" question",...) -->
                  <span class="method-name">runScenario</span>
                  <span class="parameters">("Verify that user receives output on running valid python code for "Max Consecutive Ones" question","Array functionality")</span>
                  <em>
(Runs Cucumber Scenarios)                  </em>
                </div> <!-- method-content -->
              </div> <!-- method -->
              <div class="method">
                <div class="method-content">
                  <a name="runScenario(&quot;Verify that user receives output on submitting valid python code for &quot;Find Numbers with Even Number...)">
                  </a> <!-- runScenario("Verify that user receives output on submitting valid python code for "Find Numbers with Even Number...) -->
                  <span class="method-name">runScenario</span>
                  <span class="parameters">("Verify that user receives output on submitting valid python code for "Find Numbers with Even Number" question","Array functionality")</span>
                  <em>
(Runs Cucumber Scenarios)                  </em>
                </div> <!-- method-content -->
              </div> <!-- method -->
              <div class="method">
                <div class="method-content">
                  <a name="runScenario(&quot;Verify the user is able to navigate to the Operations in Array options&quot;, &quot;Array functionality&quot;)">
                  </a> <!-- runScenario("Verify the user is able to navigate to the Operations in Array options", "Array functionality") -->
                  <span class="method-name">runScenario</span>
                  <span class="parameters">("Verify the user is able to navigate to the Operations in Array options","Array functionality")</span>
                  <em>
(Runs Cucumber Scenarios)                  </em>
                </div> <!-- method-content -->
              </div> <!-- method -->
              <div class="method">
                <div class="method-content">
                  <a name="runScenario(&quot;Verify that user receives error on running Invalid python code for &quot;Squares of  a Sorted Array&quot; que...)">
                  </a> <!-- runScenario("Verify that user receives error on running Invalid python code for "Squares of  a Sorted Array" que...) -->
                  <span class="method-name">runScenario</span>
                  <span class="parameters">("Verify that user receives error on running Invalid python code for "Squares of  a Sorted Array" question","Array functionality")</span>
                  <em>
(Runs Cucumber Scenarios)                  </em>
                </div> <!-- method-content -->
              </div> <!-- method -->
              <div class="method">
                <div class="method-content">
                  <a name="runScenario(&quot;Verify that user is able to run valid Python code in Try Editor for Array Page&quot;, &quot;Array functionali...)">
                  </a> <!-- runScenario("Verify that user is able to run valid Python code in Try Editor for Array Page", "Array functionali...) -->
                  <span class="method-name">runScenario</span>
                  <span class="parameters">("Verify that user is able to run valid Python code in Try Editor for Array Page","Array functionality")</span>
                  <em>
(Runs Cucumber Scenarios)                  </em>
                </div> <!-- method-content -->
              </div> <!-- method -->
              <div class="method">
                <div class="method-content">
                  <a name="runScenario(&quot;Verify that user receives output on running valid python code for &quot;Search the array&quot; question&quot;, &quot;Ar...)">
                  </a> <!-- runScenario("Verify that user receives output on running valid python code for "Search the array" question", "Ar...) -->
                  <span class="method-name">runScenario</span>
                  <span class="parameters">("Verify that user receives output on running valid python code for "Search the array" question","Array functionality")</span>
                  <em>
(Runs Cucumber Scenarios)                  </em>
                </div> <!-- method-content -->
              </div> <!-- method -->
              <div class="method">
                <div class="method-content">
                  <a name="runScenario(&quot;Verify that user receives error on running Invalid python code for &quot;Find Numbers with Even Number&quot; ...)">
                  </a> <!-- runScenario("Verify that user receives error on running Invalid python code for "Find Numbers with Even Number" ...) -->
                  <span class="method-name">runScenario</span>
                  <span class="parameters">("Verify that user receives error on running Invalid python code for "Find Numbers with Even Number" question","Array functionality")</span>
                  <em>
(Runs Cucumber Scenarios)                  </em>
                </div> <!-- method-content -->
              </div> <!-- method -->
              <div class="method">
                <div class="method-content">
                  <a name="runScenario(&quot;Verify the user see list of Practice Questions in Practice Questions Page&quot;, &quot;Array functionality&quot;)">
                  </a> <!-- runScenario("Verify the user see list of Practice Questions in Practice Questions Page", "Array functionality") -->
                  <span class="method-name">runScenario</span>
                  <span class="parameters">("Verify the user see list of Practice Questions in Practice Questions Page","Array functionality")</span>
                  <em>
(Runs Cucumber Scenarios)                  </em>
                </div> <!-- method-content -->
              </div> <!-- method -->
              <div class="method">
                <div class="method-content">
                  <a name="runScenario(&quot;Verify that user is able to run valid Python code in Try Editor for Array Page&quot;, &quot;Array functionali...)">
                  </a> <!-- runScenario("Verify that user is able to run valid Python code in Try Editor for Array Page", "Array functionali...) -->
                  <span class="method-name">runScenario</span>
                  <span class="parameters">("Verify that user is able to run valid Python code in Try Editor for Array Page","Array functionality")</span>
                  <em>
(Runs Cucumber Scenarios)                  </em>
                </div> <!-- method-content -->
              </div> <!-- method -->
              <div class="method">
                <div class="method-content">
                  <a name="runScenario(&quot;Verify the user is able to navigate to the Practice Questions  mentioned under Array &quot;Array in pyth...)">
                  </a> <!-- runScenario("Verify the user is able to navigate to the Practice Questions  mentioned under Array "Array in pyth...) -->
                  <span class="method-name">runScenario</span>
                  <span class="parameters">("Verify the user is able to navigate to the Practice Questions  mentioned under Array "Array in python"Page","Array functionality")</span>
                  <em>
(Runs Cucumber Scenarios)                  </em>
                </div> <!-- method-content -->
              </div> <!-- method -->
              <div class="method">
                <div class="method-content">
                  <a name="runScenario(&quot;Verify the user is able to navigate to the Operations in Array options&quot;, &quot;Array functionality&quot;)">
                  </a> <!-- runScenario("Verify the user is able to navigate to the Operations in Array options", "Array functionality") -->
                  <span class="method-name">runScenario</span>
                  <span class="parameters">("Verify the user is able to navigate to the Operations in Array options","Array functionality")</span>
                  <em>
(Runs Cucumber Scenarios)                  </em>
                </div> <!-- method-content -->
              </div> <!-- method -->
              <div class="method">
                <div class="method-content">
                  <a name="runScenario(&quot;Verify that user is able to run valid Python code in Try Editor for Array page&quot;, &quot;Array functionali...)">
                  </a> <!-- runScenario("Verify that user is able to run valid Python code in Try Editor for Array page", "Array functionali...) -->
                  <span class="method-name">runScenario</span>
                  <span class="parameters">("Verify that user is able to run valid Python code in Try Editor for Array page","Array functionality")</span>
                  <em>
(Runs Cucumber Scenarios)                  </em>
                </div> <!-- method-content -->
              </div> <!-- method -->
              <div class="method">
                <div class="method-content">
                  <a name="runScenario(&quot;Verify that user is able to navigate to the try Editor page from different options in Array Page&quot;, ...)">
                  </a> <!-- runScenario("Verify that user is able to navigate to the try Editor page from different options in Array Page", ...) -->
                  <span class="method-name">runScenario</span>
                  <span class="parameters">("Verify that user is able to navigate to the try Editor page from different options in Array Page","Array functionality")</span>
                  <em>
(Runs Cucumber Scenarios)                  </em>
                </div> <!-- method-content -->
              </div> <!-- method -->
              <div class="method">
                <div class="method-content">
                  <a name="runScenario(&quot;Verify that user receives output on submitting valid python code for &quot;Max Consecutive Ones&quot; questio...)">
                  </a> <!-- runScenario("Verify that user receives output on submitting valid python code for "Max Consecutive Ones" questio...) -->
                  <span class="method-name">runScenario</span>
                  <span class="parameters">("Verify that user receives output on submitting valid python code for "Max Consecutive Ones" question","Array functionality")</span>
                  <em>
(Runs Cucumber Scenarios)                  </em>
                </div> <!-- method-content -->
              </div> <!-- method -->
              <div class="method">
                <div class="method-content">
                  <a name="runScenario(&quot;Verify that user receives output on running valid python code for &quot;Squares of  a Sorted Array&quot; ques...)">
                  </a> <!-- runScenario("Verify that user receives output on running valid python code for "Squares of  a Sorted Array" ques...) -->
                  <span class="method-name">runScenario</span>
                  <span class="parameters">("Verify that user receives output on running valid python code for "Squares of  a Sorted Array" question","Array functionality")</span>
                  <em>
(Runs Cucumber Scenarios)                  </em>
                </div> <!-- method-content -->
              </div> <!-- method -->
              <div class="method">
                <div class="method-content">
                  <a name="runScenario(&quot;Verify that user is able to run valid Python code in Try Editor for Array page&quot;, &quot;Array functionali...)">
                  </a> <!-- runScenario("Verify that user is able to run valid Python code in Try Editor for Array page", "Array functionali...) -->
                  <span class="method-name">runScenario</span>
                  <span class="parameters">("Verify that user is able to run valid Python code in Try Editor for Array page","Array functionality")</span>
                  <em>
(Runs Cucumber Scenarios)                  </em>
                </div> <!-- method-content -->
              </div> <!-- method -->
              <div class="method">
                <div class="method-content">
                  <a name="runScenario(&quot;Verify that user is able to navigate to the try Editor page from different options in Array Page&quot;, ...)">
                  </a> <!-- runScenario("Verify that user is able to navigate to the try Editor page from different options in Array Page", ...) -->
                  <span class="method-name">runScenario</span>
                  <span class="parameters">("Verify that user is able to navigate to the try Editor page from different options in Array Page","Array functionality")</span>
                  <em>
(Runs Cucumber Scenarios)                  </em>
                </div> <!-- method-content -->
              </div> <!-- method -->
            </div> <!-- main-panel-content rounded-window-bottom -->
          </div> <!-- suite-Default_suite-class-passed -->
        </div> <!-- panel Default_suite -->
        <div panel-name="test-xml-Default_suite" class="panel">
          <div class="main-panel-header rounded-window-top">
            <span class="header-content">C:\Users\12157\AppData\Local\Temp\testng-eclipse--1509664094\testng-customsuite.xml</span>
          </div> <!-- main-panel-header rounded-window-top -->
          <div class="main-panel-content rounded-window-bottom">
            <pre>
&lt;?xml version=&quot;1.0&quot; encoding=&quot;UTF-8&quot;?&gt;
&lt;!DOCTYPE suite SYSTEM &quot;https://testng.org/testng-1.0.dtd&quot;&gt;
&lt;suite name=&quot;Default suite&quot; guice-stage=&quot;DEVELOPMENT&quot;&gt;
  &lt;test thread-count=&quot;5&quot; name=&quot;Default test&quot; verbose=&quot;2&quot;&gt;
    &lt;classes&gt;
      &lt;class name=&quot;dsAlgoRunner.RunnerTest&quot;/&gt;
    &lt;/classes&gt;
  &lt;/test&gt; &lt;!-- Default test --&gt;
&lt;/suite&gt; &lt;!-- Default suite --&gt;
            </pre>
          </div> <!-- main-panel-content rounded-window-bottom -->
        </div> <!-- panel -->
        <div panel-name="testlist-Default_suite" class="panel">
          <div class="main-panel-header rounded-window-top">
            <span class="header-content">Tests for Default suite</span>
          </div> <!-- main-panel-header rounded-window-top -->
          <div class="main-panel-content rounded-window-bottom">
            <ul>
              <li>
                <span class="test-name">Default test (1 class)</span>
              </li>
            </ul>
          </div> <!-- main-panel-content rounded-window-bottom -->
        </div> <!-- panel -->
        <div panel-name="group-Default_suite" class="panel">
          <div class="main-panel-header rounded-window-top">
            <span class="header-content">Groups for Default suite</span>
          </div> <!-- main-panel-header rounded-window-top -->
          <div class="main-panel-content rounded-window-bottom">
            <div class="test-group">
              <span class="test-group-name">cucumber</span>
              <br/>
              <div class="method-in-group">
                <span class="method-in-group-name">runScenario</span>
                <br/>
              </div> <!-- method-in-group -->
            </div> <!-- test-group -->
          </div> <!-- main-panel-content rounded-window-bottom -->
        </div> <!-- panel -->
        <div panel-name="times-Default_suite" class="panel">
          <div class="main-panel-header rounded-window-top">
            <span class="header-content">Times for Default suite</span>
          </div> <!-- main-panel-header rounded-window-top -->
          <div class="main-panel-content rounded-window-bottom">
            <div class="times-div">
              <script type="text/javascript">
suiteTableInitFunctions.push('tableData_Default_suite');
function tableData_Default_suite() {
var data = new google.visualization.DataTable();
data.addColumn('number', 'Number');
data.addColumn('string', 'Method');
data.addColumn('string', 'Class');
data.addColumn('number', 'Time (ms)');
data.addRows(35);
data.setCell(0, 0, 0)
data.setCell(0, 1, 'runScenario')
data.setCell(0, 2, 'dsAlgoRunner.RunnerTest')
data.setCell(0, 3, 58560);
data.setCell(1, 0, 1)
data.setCell(1, 1, 'runScenario')
data.setCell(1, 2, 'dsAlgoRunner.RunnerTest')
data.setCell(1, 3, 57481);
data.setCell(2, 0, 2)
data.setCell(2, 1, 'runScenario')
data.setCell(2, 2, 'dsAlgoRunner.RunnerTest')
data.setCell(2, 3, 57392);
data.setCell(3, 0, 3)
data.setCell(3, 1, 'runScenario')
data.setCell(3, 2, 'dsAlgoRunner.RunnerTest')
data.setCell(3, 3, 53165);
data.setCell(4, 0, 4)
data.setCell(4, 1, 'runScenario')
data.setCell(4, 2, 'dsAlgoRunner.RunnerTest')
data.setCell(4, 3, 49003);
data.setCell(5, 0, 5)
data.setCell(5, 1, 'runScenario')
data.setCell(5, 2, 'dsAlgoRunner.RunnerTest')
data.setCell(5, 3, 48672);
data.setCell(6, 0, 6)
data.setCell(6, 1, 'runScenario')
data.setCell(6, 2, 'dsAlgoRunner.RunnerTest')
data.setCell(6, 3, 48605);
data.setCell(7, 0, 7)
data.setCell(7, 1, 'runScenario')
data.setCell(7, 2, 'dsAlgoRunner.RunnerTest')
data.setCell(7, 3, 48164);
data.setCell(8, 0, 8)
data.setCell(8, 1, 'runScenario')
data.setCell(8, 2, 'dsAlgoRunner.RunnerTest')
data.setCell(8, 3, 46328);
data.setCell(9, 0, 9)
data.setCell(9, 1, 'runScenario')
data.setCell(9, 2, 'dsAlgoRunner.RunnerTest')
data.setCell(9, 3, 44841);
data.setCell(10, 0, 10)
data.setCell(10, 1, 'runScenario')
data.setCell(10, 2, 'dsAlgoRunner.RunnerTest')
data.setCell(10, 3, 39923);
data.setCell(11, 0, 11)
data.setCell(11, 1, 'runScenario')
data.setCell(11, 2, 'dsAlgoRunner.RunnerTest')
data.setCell(11, 3, 39576);
data.setCell(12, 0, 12)
data.setCell(12, 1, 'runScenario')
data.setCell(12, 2, 'dsAlgoRunner.RunnerTest')
data.setCell(12, 3, 39097);
data.setCell(13, 0, 13)
data.setCell(13, 1, 'runScenario')
data.setCell(13, 2, 'dsAlgoRunner.RunnerTest')
data.setCell(13, 3, 36415);
data.setCell(14, 0, 14)
data.setCell(14, 1, 'runScenario')
data.setCell(14, 2, 'dsAlgoRunner.RunnerTest')
data.setCell(14, 3, 36406);
data.setCell(15, 0, 15)
data.setCell(15, 1, 'runScenario')
data.setCell(15, 2, 'dsAlgoRunner.RunnerTest')
data.setCell(15, 3, 36135);
data.setCell(16, 0, 16)
data.setCell(16, 1, 'runScenario')
data.setCell(16, 2, 'dsAlgoRunner.RunnerTest')
data.setCell(16, 3, 36084);
data.setCell(17, 0, 17)
data.setCell(17, 1, 'runScenario')
data.setCell(17, 2, 'dsAlgoRunner.RunnerTest')
data.setCell(17, 3, 36061);
data.setCell(18, 0, 18)
data.setCell(18, 1, 'runScenario')
data.setCell(18, 2, 'dsAlgoRunner.RunnerTest')
data.setCell(18, 3, 35905);
data.setCell(19, 0, 19)
data.setCell(19, 1, 'runScenario')
data.setCell(19, 2, 'dsAlgoRunner.RunnerTest')
data.setCell(19, 3, 35642);
data.setCell(20, 0, 20)
data.setCell(20, 1, 'runScenario')
data.setCell(20, 2, 'dsAlgoRunner.RunnerTest')
data.setCell(20, 3, 35191);
data.setCell(21, 0, 21)
data.setCell(21, 1, 'runScenario')
data.setCell(21, 2, 'dsAlgoRunner.RunnerTest')
data.setCell(21, 3, 34563);
data.setCell(22, 0, 22)
data.setCell(22, 1, 'runScenario')
data.setCell(22, 2, 'dsAlgoRunner.RunnerTest')
data.setCell(22, 3, 33865);
data.setCell(23, 0, 23)
data.setCell(23, 1, 'runScenario')
data.setCell(23, 2, 'dsAlgoRunner.RunnerTest')
data.setCell(23, 3, 33849);
data.setCell(24, 0, 24)
data.setCell(24, 1, 'runScenario')
data.setCell(24, 2, 'dsAlgoRunner.RunnerTest')
data.setCell(24, 3, 33350);
data.setCell(25, 0, 25)
data.setCell(25, 1, 'runScenario')
data.setCell(25, 2, 'dsAlgoRunner.RunnerTest')
data.setCell(25, 3, 31818);
data.setCell(26, 0, 26)
data.setCell(26, 1, 'runScenario')
data.setCell(26, 2, 'dsAlgoRunner.RunnerTest')
data.setCell(26, 3, 30759);
data.setCell(27, 0, 27)
data.setCell(27, 1, 'runScenario')
data.setCell(27, 2, 'dsAlgoRunner.RunnerTest')
data.setCell(27, 3, 30583);
data.setCell(28, 0, 28)
data.setCell(28, 1, 'runScenario')
data.setCell(28, 2, 'dsAlgoRunner.RunnerTest')
data.setCell(28, 3, 30205);
data.setCell(29, 0, 29)
data.setCell(29, 1, 'runScenario')
data.setCell(29, 2, 'dsAlgoRunner.RunnerTest')
data.setCell(29, 3, 29799);
data.setCell(30, 0, 30)
data.setCell(30, 1, 'runScenario')
data.setCell(30, 2, 'dsAlgoRunner.RunnerTest')
data.setCell(30, 3, 28106);
data.setCell(31, 0, 31)
data.setCell(31, 1, 'runScenario')
data.setCell(31, 2, 'dsAlgoRunner.RunnerTest')
data.setCell(31, 3, 27861);
data.setCell(32, 0, 32)
data.setCell(32, 1, 'runScenario')
data.setCell(32, 2, 'dsAlgoRunner.RunnerTest')
data.setCell(32, 3, 27625);
data.setCell(33, 0, 33)
data.setCell(33, 1, 'runScenario')
data.setCell(33, 2, 'dsAlgoRunner.RunnerTest')
data.setCell(33, 3, 27158);
data.setCell(34, 0, 34)
data.setCell(34, 1, 'runScenario')
data.setCell(34, 2, 'dsAlgoRunner.RunnerTest')
data.setCell(34, 3, 25687);
window.suiteTableData['Default_suite']= { tableData: data, tableDiv: 'times-div-Default_suite'}
return data;
}
              </script>
              <span class="suite-total-time">Total running time: 22 minutes</span>
              <div id="times-div-Default_suite">
              </div> <!-- times-div-Default_suite -->
            </div> <!-- times-div -->
          </div> <!-- main-panel-content rounded-window-bottom -->
        </div> <!-- panel -->
        <div panel-name="reporter-Default_suite" class="panel">
          <div class="main-panel-header rounded-window-top">
            <span class="header-content">Reporter output for Default suite</span>
          </div> <!-- main-panel-header rounded-window-top -->
          <div class="main-panel-content rounded-window-bottom">
          </div> <!-- main-panel-content rounded-window-bottom -->
        </div> <!-- panel -->
        <div panel-name="ignored-methods-Default_suite" class="panel">
          <div class="main-panel-header rounded-window-top">
            <span class="header-content">0 ignored methods</span>
          </div> <!-- main-panel-header rounded-window-top -->
          <div class="main-panel-content rounded-window-bottom">
          </div> <!-- main-panel-content rounded-window-bottom -->
        </div> <!-- panel -->
        <div panel-name="chronological-Default_suite" class="panel">
          <div class="main-panel-header rounded-window-top">
            <span class="header-content">Methods in chronological order</span>
          </div> <!-- main-panel-header rounded-window-top -->
          <div class="main-panel-content rounded-window-bottom">
            <div class="chronological-class">
              <div class="chronological-class-name">dsAlgoRunner.RunnerTest</div> <!-- chronological-class-name -->
              <div class="configuration-class before">
                <span class="method-name">setUpClass(org.testng.TestRunner@5e519ad3)</span>
                <span class="method-start">0 ms</span>
              </div> <!-- configuration-class before -->
              <div class="test-method">
                <span class="method-name">runScenario("Verify the user is able to navigate to the Operations in Array options", "Array functionality")</span>
                <span class="method-start">769 ms</span>
              </div> <!-- test-method -->
              <div class="test-method">
                <span class="method-name">runScenario("Verify that the user can navigate to the Array after signin", "Array functionality")</span>
                <span class="method-start">769 ms</span>
              </div> <!-- test-method -->
              <div class="test-method">
                <span class="method-name">runScenario("Verify that user is able to navigate to the try Editor page from different options in Array Page", ...)</span>
                <span class="method-start">769 ms</span>
              </div> <!-- test-method -->
              <div class="test-method">
                <span class="method-name">runScenario("Verify the user is able to navigate to the Operations in Array options", "Array functionality")</span>
                <span class="method-start">769 ms</span>
              </div> <!-- test-method -->
              <div class="test-method">
                <span class="method-name">runScenario("Verify that user is able to navigate to the try Editor page from different options in Array Page", ...)</span>
                <span class="method-start">769 ms</span>
              </div> <!-- test-method -->
              <div class="test-method">
                <span class="method-name">runScenario("Verify the user is able to navigate to the Operations in Array options", "Array functionality")</span>
                <span class="method-start">769 ms</span>
              </div> <!-- test-method -->
              <div class="test-method">
                <img src="failed.png">
                </img>
                <span class="method-name">runScenario("Verify that user receives error when user clicks on run button without entering code in tryeditor f...)</span>
                <span class="method-start">769 ms</span>
              </div> <!-- test-method -->
              <div class="test-method">
                <span class="method-name">runScenario("Verify the user is able to navigate to the Operations in Array options", "Array functionality")</span>
                <span class="method-start">769 ms</span>
              </div> <!-- test-method -->
              <div class="test-method">
                <span class="method-name">runScenario("Verify that user is able to navigate to the try Editor page from different options in Array Page", ...)</span>
                <span class="method-start">769 ms</span>
              </div> <!-- test-method -->
              <div class="test-method">
                <span class="method-name">runScenario("Verify that user is able to navigate to the try Editor page from different options in Array Page", ...)</span>
                <span class="method-start">769 ms</span>
              </div> <!-- test-method -->
              <div class="test-method">
                <img src="failed.png">
                </img>
                <span class="method-name">runScenario("Verify that user receives error when user clicks on run button without entering code in tryeditor f...)</span>
                <span class="method-start">31000 ms</span>
              </div> <!-- test-method -->
              <div class="test-method">
                <img src="failed.png">
                </img>
                <span class="method-name">runScenario("Verify that user receives error when user clicks on run button without entering code in tryeditor f...)</span>
                <span class="method-start">35962 ms</span>
              </div> <!-- test-method -->
              <div class="test-method">
                <img src="failed.png">
                </img>
                <span class="method-name">runScenario("Verify that user receives error when user clicks on run button without entering code in tryeditor f...)</span>
                <span class="method-start">36676 ms</span>
              </div> <!-- test-method -->
              <div class="test-method">
                <span class="method-name">runScenario("Verify that user is able to run valid and invalid Python code in Try Editor for ArrayPage", "Array ...)</span>
                <span class="method-start">36832 ms</span>
              </div> <!-- test-method -->
              <div class="test-method">
                <span class="method-name">runScenario("Verify that user is able to run valid and invalid Python code in Try Editor for ArrayPage", "Array ...)</span>
                <span class="method-start">36854 ms</span>
              </div> <!-- test-method -->
              <div class="test-method">
                <span class="method-name">runScenario("Verify that user is able to run valid Python code in Try Editor for Array page", "Array functionali...)</span>
                <span class="method-start">36906 ms</span>
              </div> <!-- test-method -->
              <div class="test-method">
                <span class="method-name">runScenario("Verify that user is able to run valid Python code in Try Editor for Array page", "Array functionali...)</span>
                <span class="method-start">37177 ms</span>
              </div> <!-- test-method -->
              <div class="test-method">
                <span class="method-name">runScenario("Verify that user is able to run valid Python code in Try Editor for Array Page", "Array functionali...)</span>
                <span class="method-start">37185 ms</span>
              </div> <!-- test-method -->
              <div class="test-method">
                <span class="method-name">runScenario("Verify that user is able to run valid Python code in Try Editor for Array Page", "Array functionali...)</span>
                <span class="method-start">40698 ms</span>
              </div> <!-- test-method -->
              <div class="test-method">
                <span class="method-name">runScenario("Verify that user is able to run valid Python code in Try Editor for Array Page", "Array functionali...)</span>
                <span class="method-start">49782 ms</span>
              </div> <!-- test-method -->
              <div class="test-method">
                <span class="method-name">runScenario("Verify that user is able to run valid Python code in Try Editor for Array Page", "Array functionali...)</span>
                <span class="method-start">64481 ms</span>
              </div> <!-- test-method -->
              <div class="test-method">
                <span class="method-name">runScenario("Verify the user is able to navigate to the Practice Questions  mentioned under Array "Array in pyth...)</span>
                <span class="method-start">64768 ms</span>
              </div> <!-- test-method -->
              <div class="test-method">
                <span class="method-name">runScenario("Verify the user see list of Practice Questions in Practice Questions Page", "Array functionality")</span>
                <span class="method-start">64940 ms</span>
              </div> <!-- test-method -->
              <div class="test-method">
                <span class="method-name">runScenario("Verify that user receives output on running valid python code for "Search the array" question", "Ar...)</span>
                <span class="method-start">70499 ms</span>
              </div> <!-- test-method -->
              <div class="test-method">
                <img src="failed.png">
                </img>
                <span class="method-name">runScenario("Verify that user receives output on submitting valid python code for "Search the array" question", ...)</span>
                <span class="method-start">70527 ms</span>
              </div> <!-- test-method -->
              <div class="test-method">
                <span class="method-name">runScenario("Verify that user receives error on running Invalid python code for "Search the array" question", "A...)</span>
                <span class="method-start">70527 ms</span>
              </div> <!-- test-method -->
              <div class="test-method">
                <span class="method-name">runScenario("Verify that user receives output on running valid python code for "Max Consecutive Ones" question",...)</span>
                <span class="method-start">70537 ms</span>
              </div> <!-- test-method -->
              <div class="test-method">
                <span class="method-name">runScenario("Verify that user receives error on running Invalid python code for "Max Consecutive Ones" question"...)</span>
                <span class="method-start">70578 ms</span>
              </div> <!-- test-method -->
              <div class="test-method">
                <span class="method-name">runScenario("Verify that user receives output on submitting valid python code for "Max Consecutive Ones" questio...)</span>
                <span class="method-start">71044 ms</span>
              </div> <!-- test-method -->
              <div class="test-method">
                <span class="method-name">runScenario("Verify that user receives output on running valid python code for "Find Numbers with Even Number" q...)</span>
                <span class="method-start">81602 ms</span>
              </div> <!-- test-method -->
              <div class="test-method">
                <span class="method-name">runScenario("Verify that user receives error on running Invalid python code for "Find Numbers with Even Number" ...)</span>
                <span class="method-start">103580 ms</span>
              </div> <!-- test-method -->
              <div class="test-method">
                <span class="method-name">runScenario("Verify that user receives output on submitting valid python code for "Find Numbers with Even Number...)</span>
                <span class="method-start">109782 ms</span>
              </div> <!-- test-method -->
              <div class="test-method">
                <span class="method-name">runScenario("Verify that user receives output on running valid python code for "Squares of  a Sorted Array" ques...)</span>
                <span class="method-start">113445 ms</span>
              </div> <!-- test-method -->
              <div class="test-method">
                <span class="method-name">runScenario("Verify that user receives error on running Invalid python code for "Squares of  a Sorted Array" que...)</span>
                <span class="method-start">118665 ms</span>
              </div> <!-- test-method -->
              <div class="test-method">
                <img src="failed.png">
                </img>
                <span class="method-name">runScenario("Verify that user receives output on submitting valid python code for "Squares of  a Sorted Array" q...)</span>
                <span class="method-start">119136 ms</span>
              </div> <!-- test-method -->
              <div class="configuration-class after">
                <span class="method-name">tearDownClass</span>
                <span class="method-start">154784 ms</span>
              </div> <!-- configuration-class after -->
          </div> <!-- main-panel-content rounded-window-bottom -->
        </div> <!-- panel -->
      </div> <!-- main-panel-root -->
    </div> <!-- wrapper -->
  </body>
<script type="text/javascript" src="testng-reports2.js"></script>
</html>
