

<!DOCTYPE html>
<html>
<head>
<meta charset="UTF-8">
<meta name="viewport" content="width=device-width, initial-scale=1, shrink-to-fit=no">
<title></title>
<link rel="apple-touch-icon" href="https://cdn.jsdelivr.net/gh/extent-framework/extent-github-cdn@b00a2d0486596e73dd7326beacf352c639623a0e/commons/img/logo.png">
<link rel="shortcut icon" href="https://cdn.jsdelivr.net/gh/extent-framework/extent-github-cdn@b00a2d0486596e73dd7326beacf352c639623a0e/commons/img/logo.png">
<link href="https://cdn.jsdelivr.net/gh/extent-framework/extent-github-cdn@d6562a79075e061305ccfdb82f01e5e195e2d307/spark/css/spark-style.css" rel="stylesheet" />
<link href="https://stackpath.bootstrapcdn.com/font-awesome/4.7.0/css/font-awesome.min.css" rel="stylesheet">
<script src="https://cdn.jsdelivr.net/gh/extent-framework/extent-github-cdn@7cc78ce/spark/js/jsontree.js"></script>
<style type="text/css"></style></head><body class="spa bdd-report standard">
  <div class="app">
    <div class="layout">
<div class="header navbar">
<div class="vheader">
<div class="nav-logo">
<a href="#">
<div class="logo" style="background-image: url('https://cdn.jsdelivr.net/gh/extent-framework/extent-github-cdn@b00a2d0486596e73dd7326beacf352c639623a0e/commons/img/logo.png')"></div>
</a>
</div>
<ul class="nav-left">
<li class="search-box">
<a class="search-toggle" href="#">
<i class="search-icon fa fa-search"></i>
<i class="search-icon-close fa fa-close"></i>
</a>
</li>
<li class="search-input"><input id="search-tests" class="form-control" type="text" placeholder="Search..."></li>
</ul>
<ul class="nav-right">
<li class="m-r-10">
<a href="#"><span class="badge badge-primary"></span></a>
</li>
<li class="m-r-10">
<a href="#"><span class="badge badge-primary">Jan 24, 2025 05:10:58 PM</span></a>
</li>
</ul>
</div>
</div><div class="side-nav">
<div class="side-nav-inner">
<ul class="side-nav-menu">
<li class="nav-item dropdown" onclick="toggleView('test-view')">
<a id="nav-test" class="dropdown-toggle" href="#">
<span class="ico"><i class="fa fa-list"></i></span>
</a>
</li>
<li class="nav-item dropdown" onclick="toggleView('exception-view')">
<a id="nav-exception" class="dropdown-toggle" href="#">
<span class="ico"><i class="fa fa-bug"></i></span>
</a>
</li>
<li class="nav-item dropdown" onclick="toggleView('category-view')">
<a id="nav-category" class="dropdown-toggle" href="#">
<span class="ico"><i class="fa fa-tag"></i></span>
</a>
</li>
<li class="nav-item dropdown" onclick="toggleView('dashboard-view')">
<a id="nav-dashboard" class="dropdown-toggle" href="#">
<span class="ico"><i class="fa fa-bar-chart"></i></span>
</a>
</li>
</ul>
</div>
</div>      <div class="vcontainer">
        <div class="main-content">
<div class="test-wrapper row view test-view">
  <div class="test-list">
    <div class="test-list-tools">
<ul class="tools pull-left">
<li><a href="#"><span class="font-size-14">Tests</span></a></li>
</ul>
<ul class="tools text-right">
<li class="dropdown">
<a href="#" class="dropdown-toggle" data-toggle="dropdown"><i class="fa fa-exclamation-circle"></i></a>
<ul id="status-toggle" class="dropdown-menu dropdown-md p-v-0">
<a class="dropdown-item" status="fail" href="#"><span>Fail</span><span class="status danger"></span></a>
<div class="dropdown-divider"></div>
<a status="clear" class="dropdown-item" href="#"><span>Clear</span><span class="pull-right"><i class="fa fa-close"></i></span></a>
</ul>
</li>
<li class="dropdown">
<a href="#" class="dropdown-toggle" data-toggle="dropdown"><i class="fa fa-tag"></i></a>
<ul id="tag-toggle" class="dropdown-menu dropdown-md p-v-0">
<a class="dropdown-item" href="#">@Array12</a><a class="dropdown-item" href="#">@Array5</a><a class="dropdown-item" href="#">@Array14</a><a class="dropdown-item" href="#">@Array1</a><a class="dropdown-item" href="#">@Array15</a><a class="dropdown-item" href="#">@Array4</a><a class="dropdown-item" href="#">@Array7</a><a class="dropdown-item" href="#">@Array16</a><a class="dropdown-item" href="#">@Array10</a><a class="dropdown-item" href="#">@Array8</a><a class="dropdown-item" href="#">@Array9</a><a class="dropdown-item" href="#">@Array6</a><a class="dropdown-item" href="#">@Array11</a><a class="dropdown-item" href="#">@Array17</a><a class="dropdown-item" href="#">@Array21</a><a class="dropdown-item" href="#">@Array2</a><a class="dropdown-item" href="#">@Array3</a><a class="dropdown-item" href="#">@Array13</a><a class="dropdown-item" href="#">@Array19</a><a class="dropdown-item" href="#">@Array20</a><a class="dropdown-item" href="#">@Array18</a><a class="dropdown-item" href="#">@Array22</a>
</ul>
</li>
</ul>
</div>    <div class="test-list-wrapper scrollable">
      <ul class="test-list-item">
        <li class="test-item"  status="fail" test-id="1"
          author=""
          tag=""
          device="">
          <div class="test-detail">
            <p class="name">Array functionality</p>
            <p class="text-sm">
              <span>5:10:59 PM</span> / <span>00:02:33:656</span>
              <span class="badge fail-bg log float-right">Fail</span>
            </p>
          </div>
          <div class="test-contents d-none">
<div class="detail-head">
<div class="p-v-10">
<div class="info">
<h5 class="test-status text-fail">Array functionality</h5>
<span class='badge badge-success'>01.24.2025 5:10:59 PM</span>
<span class='badge badge-danger'>01.24.2025 5:13:32 PM</span>
<span class='badge badge-default'>00:02:33:656</span>
&middot; <span class='uri-anchor badge badge-default'>#test-id=1</span>
<span class='badge badge-default pointer float-right ml-1 et'><i class="fa fa-chevron-down"></i></span>
<span class='badge badge-default pointer float-right ct'><i class="fa fa-chevron-up"></i></span>
</div>
<div class="m-t-10 m-l-5"></div>
</div>
</div>
<div class="accordion mt-4">
  <div class="card">
    <div class="card-header" role="tab">
      <div class="card-title">
        <div class="node" id="2"><span class="badge log fail-bg mr-2">Fail</span>Verify that user is able to navigate to the try Editor page from different options in Array Page</div>
      </div>
    </div>
        <div class="scenario_outline ">
            <div class="card-body l1">
              <div class="card-header">
                <div class="card-title outline-child">
                  <div class="node" id="3"><span class="badge log pass-bg mr-2">Pass</span>Verify that user is able to navigate to the try Editor page from different options in Array Page</div>
                </div>
              </div>
              <div class="card-body mt-3 collapse">
                  <div class="step pass-bg">
                    <span>Given the user is navigating to the  signin page</span>
      <div>
      </div>
                  </div>
                  <div class="step pass-bg">
                    <span>Given The user is on the Array Options "Array" and 4 page</span>
      <div>
      </div>
                  </div>
                  <div class="step pass-bg">
                    <span>When The user clicks on the Try here button on the Array Options page</span>
      <div>
      </div>
                  </div>
                  <div class="step pass-bg">
                    <span>Then the user should navigate to the tryeditor page</span>
      <div>
      </div>
                  </div>
              </div>
            </div>
            <div class="card-body l1">
              <div class="card-header">
                <div class="card-title outline-child">
                  <div class="node" id="6"><span class="badge log pass-bg mr-2">Pass</span>Verify that user is able to navigate to the try Editor page from different options in Array Page</div>
                </div>
              </div>
              <div class="card-body mt-3 collapse">
                  <div class="step pass-bg">
                    <span>Given the user is navigating to the  signin page</span>
      <div>
      </div>
                  </div>
                  <div class="step pass-bg">
                    <span>Given The user is on the Array Options "Array" and 1 page</span>
      <div>
      </div>
                  </div>
                  <div class="step pass-bg">
                    <span>When The user clicks on the Try here button on the Array Options page</span>
      <div>
      </div>
                  </div>
                  <div class="step pass-bg">
                    <span>Then the user should navigate to the tryeditor page</span>
      <div>
      </div>
                  </div>
              </div>
            </div>
            <div class="card-body l1">
              <div class="card-header">
                <div class="card-title outline-child">
                  <div class="node" id="10"><span class="badge log pass-bg mr-2">Pass</span>Verify that user is able to navigate to the try Editor page from different options in Array Page</div>
                </div>
              </div>
              <div class="card-body mt-3 collapse">
                  <div class="step pass-bg">
                    <span>Given the user is navigating to the  signin page</span>
      <div>
      </div>
                  </div>
                  <div class="step pass-bg">
                    <span>Given The user is on the Array Options "Array" and 2 page</span>
      <div>
      </div>
                  </div>
                  <div class="step pass-bg">
                    <span>When The user clicks on the Try here button on the Array Options page</span>
      <div>
      </div>
                  </div>
                  <div class="step pass-bg">
                    <span>Then the user should navigate to the tryeditor page</span>
      <div>
      </div>
                  </div>
              </div>
            </div>
            <div class="card-body l1">
              <div class="card-header">
                <div class="card-title outline-child">
                  <div class="node" id="32"><span class="badge log pass-bg mr-2">Pass</span>Verify that user is able to navigate to the try Editor page from different options in Array Page</div>
                </div>
              </div>
              <div class="card-body mt-3 collapse">
                  <div class="step pass-bg">
                    <span>Given the user is navigating to the  signin page</span>
      <div>
      </div>
                  </div>
                  <div class="step pass-bg">
                    <span>Given The user is on the Array Options "Array" and 3 page</span>
      <div>
      </div>
                  </div>
                  <div class="step pass-bg">
                    <span>When The user clicks on the Try here button on the Array Options page</span>
      <div>
      </div>
                  </div>
                  <div class="step pass-bg">
                    <span>Then the user should navigate to the tryeditor page</span>
      <div>
      </div>
                  </div>
              </div>
            </div>
            <div class="card-body l1">
              <div class="card-header">
                <div class="card-title outline-child">
                  <div class="node" id="92"><span class="badge log fail-bg mr-2">Fail</span>Verify that user receives error when user clicks on run button without entering code in tryeditor for ArrayPage</div>
                </div>
              </div>
              <div class="card-body mt-3 ">
                  <div class="step pass-bg">
                    <span>Given the user is navigating to the  signin page</span>
      <div>
      </div>
                  </div>
                  <div class="step pass-bg">
                    <span>Given The user is on the Array Options "Array" and 3 page</span>
      <div>
      </div>
                  </div>
                  <div class="step fail-bg">
                    <span>When the user clicks the Run button</span>
      <div>
        <textarea disabled class="code-block">org.openqa.selenium.NoSuchElementException: no such element: Unable to locate element: {"method":"xpath","selector":"//*[@onclick='runit()']"}
  (Session info: chrome=131.0.6778.267)
For documentation on this error, please visit: https://www.selenium.dev/documentation/webdriver/troubleshooting/errors#no-such-element-exception
Build info: version: '4.27.0', revision: 'd6e718d134'
System info: os.name: 'Windows 11', os.arch: 'amd64', os.version: '10.0', java.version: '23.0.1'
Driver info: org.openqa.selenium.chrome.ChromeDriver
Command: [c88df579f6134c8326f8ae428409150a, findElement {using=xpath, value=//*[@onclick='runit()']}]
Capabilities {acceptInsecureCerts: false, browserName: chrome, browserVersion: 131.0.6778.267, chrome: {chromedriverVersion: 131.0.6778.264 (2d05e315153..., userDataDir: C:\Users\12157\AppData\Loca...}, fedcm:accounts: true, goog:chromeOptions: {debuggerAddress: localhost:59949}, networkConnectionEnabled: false, pageLoadStrategy: normal, platformName: windows, proxy: Proxy(), se:cdp: ws://localhost:59949/devtoo..., se:cdpVersion: 131.0.6778.267, setWindowRect: true, strictFileInteractability: false, timeouts: {implicit: 0, pageLoad: 300000, script: 30000}, unhandledPromptBehavior: dismiss and notify, webauthn:extension:credBlob: true, webauthn:extension:largeBlob: true, webauthn:extension:minPinLength: true, webauthn:extension:prf: true, webauthn:virtualAuthenticators: true}
Session ID: c88df579f6134c8326f8ae428409150a
	at java.base/jdk.internal.reflect.DirectConstructorHandleAccessor.newInstance(DirectConstructorHandleAccessor.java:62)
	at java.base/java.lang.reflect.Constructor.newInstanceWithCaller(Constructor.java:501)
	at java.base/java.lang.reflect.Constructor.newInstance(Constructor.java:485)
	at org.openqa.selenium.remote.ErrorCodec.decode(ErrorCodec.java:167)
	at org.openqa.selenium.remote.codec.w3c.W3CHttpResponseCodec.decode(W3CHttpResponseCodec.java:138)
	at org.openqa.selenium.remote.codec.w3c.W3CHttpResponseCodec.decode(W3CHttpResponseCodec.java:50)
	at org.openqa.selenium.remote.HttpCommandExecutor.execute(HttpCommandExecutor.java:190)
	at org.openqa.selenium.remote.service.DriverCommandExecutor.invokeExecute(DriverCommandExecutor.java:216)
	at org.openqa.selenium.remote.service.DriverCommandExecutor.execute(DriverCommandExecutor.java:174)
	at org.openqa.selenium.remote.RemoteWebDriver.execute(RemoteWebDriver.java:545)
	at org.openqa.selenium.remote.ElementLocation$ElementFinder$2.findElement(ElementLocation.java:165)
	at org.openqa.selenium.remote.ElementLocation.findElement(ElementLocation.java:59)
	at org.openqa.selenium.remote.RemoteWebDriver.findElement(RemoteWebDriver.java:368)
	at org.openqa.selenium.remote.RemoteWebDriver.findElement(RemoteWebDriver.java:362)
	at org.openqa.selenium.support.pagefactory.DefaultElementLocator.findElement(DefaultElementLocator.java:68)
	at org.openqa.selenium.support.pagefactory.internal.LocatingElementHandler.invoke(LocatingElementHandler.java:38)
	at jdk.proxy2/jdk.proxy2.$Proxy27.click(Unknown Source)
	at dsAlgoPages.GraphPage.run(GraphPage.java:106)
	at dsAlgoStepdefinition.GraphSteps.the_user_clicks_the_Run_button(GraphSteps.java:168)
	at ✽.the user clicks the Run button(file:///D:/Vaishali/NN_Workspace/DsAlgo_Quester/DsAlgoQuesters/src/test/resources/dsAlgoFeatures/Arrays.feature:41)
</textarea>
      
      </div>
                  </div>
                  <div class="step skip-bg">
                    <span>Then the user should see an error message</span>
      <div>Step skipped
      </div>
                  </div>
              </div>
            </div>
            <div class="card-body l1">
              <div class="card-header">
                <div class="card-title outline-child">
                  <div class="node" id="104"><span class="badge log pass-bg mr-2">Pass</span>Verify that user is able to run valid and invalid Python code in Try Editor for ArrayPage</div>
                </div>
              </div>
              <div class="card-body mt-3 collapse">
                  <div class="step pass-bg">
                    <span>Given the user is navigating to the  signin page</span>
      <div>
      </div>
                  </div>
                  <div class="step pass-bg">
                    <span>Given the user is on the tryeditor page of Array in python</span>
      <div>
      </div>
                  </div>
                  <div class="step pass-bg">
                    <span>When The user enters code "Invalid", "tryEditor" and 1 from tryeditor and clicks the Run button</span>
      <div>
      </div>
                  </div>
                  <div class="step pass-bg">
                    <span>Then The user should see an result "alertmessageoutput", "tryEditor" and 1</span>
      <div>
      </div>
                  </div>
              </div>
            </div>
            <div class="card-body l1">
              <div class="card-header">
                <div class="card-title outline-child">
                  <div class="node" id="119"><span class="badge log pass-bg mr-2">Pass</span>Verify that user is able to run valid Python code in Try Editor for Array Page</div>
                </div>
              </div>
              <div class="card-body mt-3 collapse">
                  <div class="step pass-bg">
                    <span>Given the user is navigating to the  signin page</span>
      <div>
      </div>
                  </div>
                  <div class="step pass-bg">
                    <span>Given The user is on the tryeditor page of Basic Operation in List</span>
      <div>
      </div>
                  </div>
                  <div class="step pass-bg">
                    <span>When The user enters code "Invalid", "tryEditor" and 1 clicks the Run button</span>
      <div>
      </div>
                  </div>
                  <div class="step pass-bg">
                    <span>Then The user should see an result "alertmessageoutput", "tryEditor" and 1</span>
      <div>
      </div>
                  </div>
              </div>
            </div>
            <div class="card-body l1">
              <div class="card-header">
                <div class="card-title outline-child">
                  <div class="node" id="162"><span class="badge log pass-bg mr-2">Pass</span>Verify that user is able to run valid Python code in Try Editor for Array Page</div>
                </div>
              </div>
              <div class="card-body mt-3 collapse">
                  <div class="step pass-bg">
                    <span>Given the user is navigating to the  signin page</span>
      <div>
      </div>
                  </div>
                  <div class="step pass-bg">
                    <span>Given The user is on the tryeditor page of Application of Array</span>
      <div>
      </div>
                  </div>
                  <div class="step pass-bg">
                    <span>When The user enters code "Invalid", "tryEditor" and 1 clicks the Run button</span>
      <div>
      </div>
                  </div>
                  <div class="step pass-bg">
                    <span>Then The user should see an result "alertmessageoutput", "tryEditor" and 1</span>
      <div>
      </div>
                  </div>
              </div>
            </div>
        </div>
  </div>
  <div class="card">
    <div class="card-header" role="tab">
      <div class="card-title">
        <div class="node" id="4"><span class="badge log fail-bg mr-2">Fail</span>Verify that user receives error when user clicks on run button without entering code in tryeditor for ArrayPage</div>
      </div>
    </div>
        <div class="scenario_outline ">
            <div class="card-body l1">
              <div class="card-header">
                <div class="card-title outline-child">
                  <div class="node" id="5"><span class="badge log fail-bg mr-2">Fail</span>Verify that user receives error when user clicks on run button without entering code in tryeditor for ArrayPage</div>
                </div>
              </div>
              <div class="card-body mt-3 ">
                  <div class="step pass-bg">
                    <span>Given the user is navigating to the  signin page</span>
      <div>
      </div>
                  </div>
                  <div class="step pass-bg">
                    <span>Given The user is on the Array Options "Array" and 1 page</span>
      <div>
      </div>
                  </div>
                  <div class="step fail-bg">
                    <span>When the user clicks the Run button</span>
      <div>
        <textarea disabled class="code-block">org.openqa.selenium.NoSuchElementException: no such element: Unable to locate element: {"method":"xpath","selector":"//*[@onclick='runit()']"}
  (Session info: chrome=131.0.6778.267)
For documentation on this error, please visit: https://www.selenium.dev/documentation/webdriver/troubleshooting/errors#no-such-element-exception
Build info: version: '4.27.0', revision: 'd6e718d134'
System info: os.name: 'Windows 11', os.arch: 'amd64', os.version: '10.0', java.version: '23.0.1'
Driver info: org.openqa.selenium.chrome.ChromeDriver
Command: [054e7be45ea4e409c7d6f17238fb6fde, findElement {using=xpath, value=//*[@onclick='runit()']}]
Capabilities {acceptInsecureCerts: false, browserName: chrome, browserVersion: 131.0.6778.267, chrome: {chromedriverVersion: 131.0.6778.264 (2d05e315153..., userDataDir: C:\Users\12157\AppData\Loca...}, fedcm:accounts: true, goog:chromeOptions: {debuggerAddress: localhost:59533}, networkConnectionEnabled: false, pageLoadStrategy: normal, platformName: windows, proxy: Proxy(), se:cdp: ws://localhost:59533/devtoo..., se:cdpVersion: 131.0.6778.267, setWindowRect: true, strictFileInteractability: false, timeouts: {implicit: 0, pageLoad: 300000, script: 30000}, unhandledPromptBehavior: dismiss and notify, webauthn:extension:credBlob: true, webauthn:extension:largeBlob: true, webauthn:extension:minPinLength: true, webauthn:extension:prf: true, webauthn:virtualAuthenticators: true}
Session ID: 054e7be45ea4e409c7d6f17238fb6fde
	at java.base/jdk.internal.reflect.DirectConstructorHandleAccessor.newInstance(DirectConstructorHandleAccessor.java:62)
	at java.base/java.lang.reflect.Constructor.newInstanceWithCaller(Constructor.java:501)
	at java.base/java.lang.reflect.Constructor.newInstance(Constructor.java:485)
	at org.openqa.selenium.remote.ErrorCodec.decode(ErrorCodec.java:167)
	at org.openqa.selenium.remote.codec.w3c.W3CHttpResponseCodec.decode(W3CHttpResponseCodec.java:138)
	at org.openqa.selenium.remote.codec.w3c.W3CHttpResponseCodec.decode(W3CHttpResponseCodec.java:50)
	at org.openqa.selenium.remote.HttpCommandExecutor.execute(HttpCommandExecutor.java:190)
	at org.openqa.selenium.remote.service.DriverCommandExecutor.invokeExecute(DriverCommandExecutor.java:216)
	at org.openqa.selenium.remote.service.DriverCommandExecutor.execute(DriverCommandExecutor.java:174)
	at org.openqa.selenium.remote.RemoteWebDriver.execute(RemoteWebDriver.java:545)
	at org.openqa.selenium.remote.ElementLocation$ElementFinder$2.findElement(ElementLocation.java:165)
	at org.openqa.selenium.remote.ElementLocation.findElement(ElementLocation.java:59)
	at org.openqa.selenium.remote.RemoteWebDriver.findElement(RemoteWebDriver.java:368)
	at org.openqa.selenium.remote.RemoteWebDriver.findElement(RemoteWebDriver.java:362)
	at org.openqa.selenium.support.pagefactory.DefaultElementLocator.findElement(DefaultElementLocator.java:68)
	at org.openqa.selenium.support.pagefactory.internal.LocatingElementHandler.invoke(LocatingElementHandler.java:38)
	at jdk.proxy2/jdk.proxy2.$Proxy27.click(Unknown Source)
	at dsAlgoPages.GraphPage.run(GraphPage.java:106)
	at dsAlgoStepdefinition.GraphSteps.the_user_clicks_the_Run_button(GraphSteps.java:168)
	at ✽.the user clicks the Run button(file:///D:/Vaishali/NN_Workspace/DsAlgo_Quester/DsAlgoQuesters/src/test/resources/dsAlgoFeatures/Arrays.feature:41)
</textarea>
      
      </div>
                  </div>
                  <div class="step skip-bg">
                    <span>Then the user should see an error message</span>
      <div>Step skipped
      </div>
                  </div>
              </div>
            </div>
            <div class="card-body l1">
              <div class="card-header">
                <div class="card-title outline-child">
                  <div class="node" id="62"><span class="badge log fail-bg mr-2">Fail</span>Verify that user receives error when user clicks on run button without entering code in tryeditor for ArrayPage</div>
                </div>
              </div>
              <div class="card-body mt-3 ">
                  <div class="step pass-bg">
                    <span>Given the user is navigating to the  signin page</span>
      <div>
      </div>
                  </div>
                  <div class="step pass-bg">
                    <span>Given The user is on the Array Options "Array" and 2 page</span>
      <div>
      </div>
                  </div>
                  <div class="step fail-bg">
                    <span>When the user clicks the Run button</span>
      <div>
        <textarea disabled class="code-block">org.openqa.selenium.NoSuchElementException: no such element: Unable to locate element: {"method":"xpath","selector":"//*[@onclick='runit()']"}
  (Session info: chrome=131.0.6778.267)
For documentation on this error, please visit: https://www.selenium.dev/documentation/webdriver/troubleshooting/errors#no-such-element-exception
Build info: version: '4.27.0', revision: 'd6e718d134'
System info: os.name: 'Windows 11', os.arch: 'amd64', os.version: '10.0', java.version: '23.0.1'
Driver info: org.openqa.selenium.chrome.ChromeDriver
Command: [4150dec671ea30bd7251b14db0316e39, findElement {using=xpath, value=//*[@onclick='runit()']}]
Capabilities {acceptInsecureCerts: false, browserName: chrome, browserVersion: 131.0.6778.267, chrome: {chromedriverVersion: 131.0.6778.264 (2d05e315153..., userDataDir: C:\Users\12157\AppData\Loca...}, fedcm:accounts: true, goog:chromeOptions: {debuggerAddress: localhost:59910}, networkConnectionEnabled: false, pageLoadStrategy: normal, platformName: windows, proxy: Proxy(), se:cdp: ws://localhost:59910/devtoo..., se:cdpVersion: 131.0.6778.267, setWindowRect: true, strictFileInteractability: false, timeouts: {implicit: 0, pageLoad: 300000, script: 30000}, unhandledPromptBehavior: dismiss and notify, webauthn:extension:credBlob: true, webauthn:extension:largeBlob: true, webauthn:extension:minPinLength: true, webauthn:extension:prf: true, webauthn:virtualAuthenticators: true}
Session ID: 4150dec671ea30bd7251b14db0316e39
	at java.base/jdk.internal.reflect.DirectConstructorHandleAccessor.newInstance(DirectConstructorHandleAccessor.java:62)
	at java.base/java.lang.reflect.Constructor.newInstanceWithCaller(Constructor.java:501)
	at java.base/java.lang.reflect.Constructor.newInstance(Constructor.java:485)
	at org.openqa.selenium.remote.ErrorCodec.decode(ErrorCodec.java:167)
	at org.openqa.selenium.remote.codec.w3c.W3CHttpResponseCodec.decode(W3CHttpResponseCodec.java:138)
	at org.openqa.selenium.remote.codec.w3c.W3CHttpResponseCodec.decode(W3CHttpResponseCodec.java:50)
	at org.openqa.selenium.remote.HttpCommandExecutor.execute(HttpCommandExecutor.java:190)
	at org.openqa.selenium.remote.service.DriverCommandExecutor.invokeExecute(DriverCommandExecutor.java:216)
	at org.openqa.selenium.remote.service.DriverCommandExecutor.execute(DriverCommandExecutor.java:174)
	at org.openqa.selenium.remote.RemoteWebDriver.execute(RemoteWebDriver.java:545)
	at org.openqa.selenium.remote.ElementLocation$ElementFinder$2.findElement(ElementLocation.java:165)
	at org.openqa.selenium.remote.ElementLocation.findElement(ElementLocation.java:59)
	at org.openqa.selenium.remote.RemoteWebDriver.findElement(RemoteWebDriver.java:368)
	at org.openqa.selenium.remote.RemoteWebDriver.findElement(RemoteWebDriver.java:362)
	at org.openqa.selenium.support.pagefactory.DefaultElementLocator.findElement(DefaultElementLocator.java:68)
	at org.openqa.selenium.support.pagefactory.internal.LocatingElementHandler.invoke(LocatingElementHandler.java:38)
	at jdk.proxy2/jdk.proxy2.$Proxy27.click(Unknown Source)
	at dsAlgoPages.GraphPage.run(GraphPage.java:106)
	at dsAlgoStepdefinition.GraphSteps.the_user_clicks_the_Run_button(GraphSteps.java:168)
	at ✽.the user clicks the Run button(file:///D:/Vaishali/NN_Workspace/DsAlgo_Quester/DsAlgoQuesters/src/test/resources/dsAlgoFeatures/Arrays.feature:41)
</textarea>
      
      </div>
                  </div>
                  <div class="step skip-bg">
                    <span>Then the user should see an error message</span>
      <div>Step skipped
      </div>
                  </div>
              </div>
            </div>
        </div>
  </div>
  <div class="card">
    <div class="card-header" role="tab">
      <div class="card-title">
        <div class="node" id="7"><span class="badge log fail-bg mr-2">Fail</span>Verify the user is able to navigate to the Operations in Array options</div>
      </div>
    </div>
        <div class="scenario_outline ">
            <div class="card-body l1">
              <div class="card-header">
                <div class="card-title outline-child">
                  <div class="node" id="8"><span class="badge log pass-bg mr-2">Pass</span>Verify the user is able to navigate to the Operations in Array options</div>
                </div>
              </div>
              <div class="card-body mt-3 collapse">
                  <div class="step pass-bg">
                    <span>Given the user is navigating to the  signin page</span>
      <div>
      </div>
                  </div>
                  <div class="step pass-bg">
                    <span>Given the user is on the Array page</span>
      <div>
      </div>
                  </div>
                  <div class="step pass-bg">
                    <span>When the user clicks on the Options "Array" and 2 in Array Page</span>
      <div>
      </div>
                  </div>
                  <div class="step pass-bg">
                    <span>Then the user should navigated to the Options "Array" and 2 in Array page</span>
      <div>
      </div>
                  </div>
              </div>
            </div>
            <div class="card-body l1">
              <div class="card-header">
                <div class="card-title outline-child">
                  <div class="node" id="9"><span class="badge log pass-bg mr-2">Pass</span>Verify the user is able to navigate to the Operations in Array options</div>
                </div>
              </div>
              <div class="card-body mt-3 collapse">
                  <div class="step pass-bg">
                    <span>Given the user is navigating to the  signin page</span>
      <div>
      </div>
                  </div>
                  <div class="step pass-bg">
                    <span>Given the user is on the Array page</span>
      <div>
      </div>
                  </div>
                  <div class="step pass-bg">
                    <span>When the user clicks on the Options "Array" and 4 in Array Page</span>
      <div>
      </div>
                  </div>
                  <div class="step pass-bg">
                    <span>Then the user should navigated to the Options "Array" and 4 in Array page</span>
      <div>
      </div>
                  </div>
              </div>
            </div>
            <div class="card-body l1">
              <div class="card-header">
                <div class="card-title outline-child">
                  <div class="node" id="11"><span class="badge log pass-bg mr-2">Pass</span>Verify the user is able to navigate to the Operations in Array options</div>
                </div>
              </div>
              <div class="card-body mt-3 collapse">
                  <div class="step pass-bg">
                    <span>Given the user is navigating to the  signin page</span>
      <div>
      </div>
                  </div>
                  <div class="step pass-bg">
                    <span>Given the user is on the Array page</span>
      <div>
      </div>
                  </div>
                  <div class="step pass-bg">
                    <span>When the user clicks on the Options "Array" and 3 in Array Page</span>
      <div>
      </div>
                  </div>
                  <div class="step pass-bg">
                    <span>Then the user should navigated to the Options "Array" and 3 in Array page</span>
      <div>
      </div>
                  </div>
              </div>
            </div>
            <div class="card-body l1">
              <div class="card-header">
                <div class="card-title outline-child">
                  <div class="node" id="21"><span class="badge log pass-bg mr-2">Pass</span>Verify the user is able to navigate to the Operations in Array options</div>
                </div>
              </div>
              <div class="card-body mt-3 collapse">
                  <div class="step pass-bg">
                    <span>Given the user is navigating to the  signin page</span>
      <div>
      </div>
                  </div>
                  <div class="step pass-bg">
                    <span>Given the user is on the Array page</span>
      <div>
      </div>
                  </div>
                  <div class="step pass-bg">
                    <span>When the user clicks on the Options "Array" and 1 in Array Page</span>
      <div>
      </div>
                  </div>
                  <div class="step pass-bg">
                    <span>Then the user should navigated to the Options "Array" and 1 in Array page</span>
      <div>
      </div>
                  </div>
              </div>
            </div>
            <div class="card-body l1">
              <div class="card-header">
                <div class="card-title outline-child">
                  <div class="node" id="97"><span class="badge log fail-bg mr-2">Fail</span>Verify that user receives error when user clicks on run button without entering code in tryeditor for ArrayPage</div>
                </div>
              </div>
              <div class="card-body mt-3 ">
                  <div class="step pass-bg">
                    <span>Given the user is navigating to the  signin page</span>
      <div>
      </div>
                  </div>
                  <div class="step pass-bg">
                    <span>Given The user is on the Array Options "Array" and 4 page</span>
      <div>
      </div>
                  </div>
                  <div class="step fail-bg">
                    <span>When the user clicks the Run button</span>
      <div>
        <textarea disabled class="code-block">org.openqa.selenium.NoSuchElementException: no such element: Unable to locate element: {"method":"xpath","selector":"//*[@onclick='runit()']"}
  (Session info: chrome=131.0.6778.267)
For documentation on this error, please visit: https://www.selenium.dev/documentation/webdriver/troubleshooting/errors#no-such-element-exception
Build info: version: '4.27.0', revision: 'd6e718d134'
System info: os.name: 'Windows 11', os.arch: 'amd64', os.version: '10.0', java.version: '23.0.1'
Driver info: org.openqa.selenium.chrome.ChromeDriver
Command: [051ea0fdf758d496947c624fc32ee070, findElement {using=xpath, value=//*[@onclick='runit()']}]
Capabilities {acceptInsecureCerts: false, browserName: chrome, browserVersion: 131.0.6778.267, chrome: {chromedriverVersion: 131.0.6778.264 (2d05e315153..., userDataDir: C:\Users\12157\AppData\Loca...}, fedcm:accounts: true, goog:chromeOptions: {debuggerAddress: localhost:59954}, networkConnectionEnabled: false, pageLoadStrategy: normal, platformName: windows, proxy: Proxy(), se:cdp: ws://localhost:59954/devtoo..., se:cdpVersion: 131.0.6778.267, setWindowRect: true, strictFileInteractability: false, timeouts: {implicit: 0, pageLoad: 300000, script: 30000}, unhandledPromptBehavior: dismiss and notify, webauthn:extension:credBlob: true, webauthn:extension:largeBlob: true, webauthn:extension:minPinLength: true, webauthn:extension:prf: true, webauthn:virtualAuthenticators: true}
Session ID: 051ea0fdf758d496947c624fc32ee070
	at java.base/jdk.internal.reflect.DirectConstructorHandleAccessor.newInstance(DirectConstructorHandleAccessor.java:62)
	at java.base/java.lang.reflect.Constructor.newInstanceWithCaller(Constructor.java:501)
	at java.base/java.lang.reflect.Constructor.newInstance(Constructor.java:485)
	at org.openqa.selenium.remote.ErrorCodec.decode(ErrorCodec.java:167)
	at org.openqa.selenium.remote.codec.w3c.W3CHttpResponseCodec.decode(W3CHttpResponseCodec.java:138)
	at org.openqa.selenium.remote.codec.w3c.W3CHttpResponseCodec.decode(W3CHttpResponseCodec.java:50)
	at org.openqa.selenium.remote.HttpCommandExecutor.execute(HttpCommandExecutor.java:190)
	at org.openqa.selenium.remote.service.DriverCommandExecutor.invokeExecute(DriverCommandExecutor.java:216)
	at org.openqa.selenium.remote.service.DriverCommandExecutor.execute(DriverCommandExecutor.java:174)
	at org.openqa.selenium.remote.RemoteWebDriver.execute(RemoteWebDriver.java:545)
	at org.openqa.selenium.remote.ElementLocation$ElementFinder$2.findElement(ElementLocation.java:165)
	at org.openqa.selenium.remote.ElementLocation.findElement(ElementLocation.java:59)
	at org.openqa.selenium.remote.RemoteWebDriver.findElement(RemoteWebDriver.java:368)
	at org.openqa.selenium.remote.RemoteWebDriver.findElement(RemoteWebDriver.java:362)
	at org.openqa.selenium.support.pagefactory.DefaultElementLocator.findElement(DefaultElementLocator.java:68)
	at org.openqa.selenium.support.pagefactory.internal.LocatingElementHandler.invoke(LocatingElementHandler.java:38)
	at jdk.proxy2/jdk.proxy2.$Proxy27.click(Unknown Source)
	at dsAlgoPages.GraphPage.run(GraphPage.java:106)
	at dsAlgoStepdefinition.GraphSteps.the_user_clicks_the_Run_button(GraphSteps.java:168)
	at ✽.the user clicks the Run button(file:///D:/Vaishali/NN_Workspace/DsAlgo_Quester/DsAlgoQuesters/src/test/resources/dsAlgoFeatures/Arrays.feature:41)
</textarea>
      
      </div>
                  </div>
                  <div class="step skip-bg">
                    <span>Then the user should see an error message</span>
      <div>Step skipped
      </div>
                  </div>
              </div>
            </div>
            <div class="card-body l1">
              <div class="card-header">
                <div class="card-title outline-child">
                  <div class="node" id="111"><span class="badge log pass-bg mr-2">Pass</span>Verify that user is able to run valid Python code in Try Editor for Array page</div>
                </div>
              </div>
              <div class="card-body mt-3 collapse">
                  <div class="step pass-bg">
                    <span>Given the user is navigating to the  signin page</span>
      <div>
      </div>
                  </div>
                  <div class="step pass-bg">
                    <span>Given The user is on the tryeditor page of Array Using List</span>
      <div>
      </div>
                  </div>
                  <div class="step pass-bg">
                    <span>When The user enters code "Invalid", "tryEditor" and 1 clicks the Run button</span>
      <div>
      </div>
                  </div>
                  <div class="step pass-bg">
                    <span>Then The user should see an result "alertmessageoutput", "tryEditor" and 1</span>
      <div>
      </div>
                  </div>
              </div>
            </div>
        </div>
  </div>
  <div class="card">
    <div class="card-header" role="tab">
      <div class="card-title">
        <div class="node" id="13"><span class="badge log pass-bg mr-2">Pass</span>Verify that the user can navigate to the Array after signin</div>
      </div>
    </div>
        <div class="collapse">
          <div class="card-body">
              <div class="step pass-bg" title="dsAlgoStepdefinition.BackgroundSteps.the_user_is_navigating_to_the_signin_page()">
                <span>Given the user is navigating to the  signin page</span>
      <div>
      </div>
              </div>
              <div class="step pass-bg" title="dsAlgoStepdefinition.ArraySteps.the_user_clicks_on_the_get_started_button_of_array_section()">
                <span>When the user clicks on the GetStarted button of Array section</span>
      <div>
      </div>
              </div>
              <div class="step pass-bg" title="dsAlgoStepdefinition.ArraySteps.the_user_is_navigated_to_the_array_page()">
                <span>Then the user is navigated to the Array page</span>
      <div>
      </div>
              </div>
          </div>
        </div>
  </div>
  <div class="card">
    <div class="card-header" role="tab">
      <div class="card-title">
        <div class="node" id="100"><span class="badge log pass-bg mr-2">Pass</span>Verify that user is able to run valid and invalid Python code in Try Editor for ArrayPage</div>
      </div>
    </div>
        <div class="scenario_outline collapse">
            <div class="card-body l1">
              <div class="card-header">
                <div class="card-title outline-child">
                  <div class="node" id="101"><span class="badge log pass-bg mr-2">Pass</span>Verify that user is able to run valid and invalid Python code in Try Editor for ArrayPage</div>
                </div>
              </div>
              <div class="card-body mt-3 collapse">
                  <div class="step pass-bg">
                    <span>Given the user is navigating to the  signin page</span>
      <div>
      </div>
                  </div>
                  <div class="step pass-bg">
                    <span>Given the user is on the tryeditor page of Array in python</span>
      <div>
      </div>
                  </div>
                  <div class="step pass-bg">
                    <span>When The user enters code "Valid", "tryEditor" and 1 from tryeditor and clicks the Run button</span>
      <div>
      </div>
                  </div>
                  <div class="step pass-bg">
                    <span>Then The user should see an result "successouput", "tryEditor" and 1</span>
      <div>
      </div>
                  </div>
              </div>
            </div>
        </div>
  </div>
  <div class="card">
    <div class="card-header" role="tab">
      <div class="card-title">
        <div class="node" id="107"><span class="badge log pass-bg mr-2">Pass</span>Verify that user is able to run valid Python code in Try Editor for Array page</div>
      </div>
    </div>
        <div class="scenario_outline collapse">
            <div class="card-body l1">
              <div class="card-header">
                <div class="card-title outline-child">
                  <div class="node" id="108"><span class="badge log pass-bg mr-2">Pass</span>Verify that user is able to run valid Python code in Try Editor for Array page</div>
                </div>
              </div>
              <div class="card-body mt-3 collapse">
                  <div class="step pass-bg">
                    <span>Given the user is navigating to the  signin page</span>
      <div>
      </div>
                  </div>
                  <div class="step pass-bg">
                    <span>Given The user is on the tryeditor page of Array Using List</span>
      <div>
      </div>
                  </div>
                  <div class="step pass-bg">
                    <span>When The user enters code "Valid", "tryEditor" and 1 clicks the Run button</span>
      <div>
      </div>
                  </div>
                  <div class="step pass-bg">
                    <span>Then The user should see an result "successouput", "tryEditor" and 1</span>
      <div>
      </div>
                  </div>
              </div>
            </div>
        </div>
  </div>
  <div class="card">
    <div class="card-header" role="tab">
      <div class="card-title">
        <div class="node" id="114"><span class="badge log pass-bg mr-2">Pass</span>Verify that user is able to run valid Python code in Try Editor for Array Page</div>
      </div>
    </div>
        <div class="scenario_outline collapse">
            <div class="card-body l1">
              <div class="card-header">
                <div class="card-title outline-child">
                  <div class="node" id="115"><span class="badge log pass-bg mr-2">Pass</span>Verify that user is able to run valid Python code in Try Editor for Array Page</div>
                </div>
              </div>
              <div class="card-body mt-3 collapse">
                  <div class="step pass-bg">
                    <span>Given the user is navigating to the  signin page</span>
      <div>
      </div>
                  </div>
                  <div class="step pass-bg">
                    <span>Given The user is on the tryeditor page of Basic Operation in List</span>
      <div>
      </div>
                  </div>
                  <div class="step pass-bg">
                    <span>When The user enters code "Valid", "tryEditor" and 1 clicks the Run button</span>
      <div>
      </div>
                  </div>
                  <div class="step pass-bg">
                    <span>Then The user should see an result "successouput", "tryEditor" and 1</span>
      <div>
      </div>
                  </div>
              </div>
            </div>
        </div>
  </div>
  <div class="card">
    <div class="card-header" role="tab">
      <div class="card-title">
        <div class="node" id="133"><span class="badge log pass-bg mr-2">Pass</span>Verify that user is able to run valid Python code in Try Editor for Array Page</div>
      </div>
    </div>
        <div class="scenario_outline collapse">
            <div class="card-body l1">
              <div class="card-header">
                <div class="card-title outline-child">
                  <div class="node" id="134"><span class="badge log pass-bg mr-2">Pass</span>Verify that user is able to run valid Python code in Try Editor for Array Page</div>
                </div>
              </div>
              <div class="card-body mt-3 collapse">
                  <div class="step pass-bg">
                    <span>Given the user is navigating to the  signin page</span>
      <div>
      </div>
                  </div>
                  <div class="step pass-bg">
                    <span>Given The user is on the tryeditor page of Application of Array</span>
      <div>
      </div>
                  </div>
                  <div class="step pass-bg">
                    <span>When The user enters code "Valid", "tryEditor" and 1 clicks the Run button</span>
      <div>
      </div>
                  </div>
                  <div class="step pass-bg">
                    <span>Then The user should see an result "successouput", "tryEditor" and 1</span>
      <div>
      </div>
                  </div>
              </div>
            </div>
        </div>
  </div>
  <div class="card">
    <div class="card-header" role="tab">
      <div class="card-title">
        <div class="node" id="166"><span class="badge log pass-bg mr-2">Pass</span>Verify the user is able to navigate to the Practice Questions  mentioned under Array "Array in python"Page</div>
      </div>
    </div>
        <div class="collapse">
          <div class="card-body">
              <div class="step pass-bg" title="dsAlgoStepdefinition.BackgroundSteps.the_user_is_navigating_to_the_signin_page()">
                <span>Given the user is navigating to the  signin page</span>
      <div>
      </div>
              </div>
              <div class="step pass-bg" title="dsAlgoStepdefinition.ArraySteps.the_user_is_on_the_array_in_python_page()">
                <span>Given the user is on the Array in python page</span>
      <div>
      </div>
              </div>
              <div class="step pass-bg" title="dsAlgoStepdefinition.ArraySteps.the_user_clicks_on_the_practice_questions_link_of_array_in_python_page()">
                <span>When the user clicks on the Practice Questions link of Array in python page</span>
      <div>
      </div>
              </div>
              <div class="step pass-bg" title="dsAlgoStepdefinition.GraphSteps.the_user_should_navigated_to_the_practice_questions_page()">
                <span>Then the user should navigated to the Practice Questions page</span>
      <div>
      </div>
              </div>
          </div>
        </div>
  </div>
  <div class="card">
    <div class="card-header" role="tab">
      <div class="card-title">
        <div class="node" id="169"><span class="badge log pass-bg mr-2">Pass</span>Verify the user see list of Practice Questions in Practice Questions Page</div>
      </div>
    </div>
        <div class="collapse">
          <div class="card-body">
              <div class="step pass-bg" title="dsAlgoStepdefinition.BackgroundSteps.the_user_is_navigating_to_the_signin_page()">
                <span>Given the user is navigating to the  signin page</span>
      <div>
      </div>
              </div>
              <div class="step pass-bg" title="dsAlgoStepdefinition.ArraySteps.the_user_is_on_the_array_in_python_page()">
                <span>Given the user is on the Array in python page</span>
      <div>
      </div>
              </div>
              <div class="step pass-bg" title="dsAlgoStepdefinition.ArraySteps.the_user_clicks_on_the_practice_questions_link_of_array_in_python_page()">
                <span>When the user clicks on the Practice Questions link of Array in python page</span>
      <div>
      </div>
              </div>
              <div class="step pass-bg" title="dsAlgoStepdefinition.ArraySteps.the_user_should_see_list_of_all_practice_questions_in_practice_questions_page()">
                <span>Then the user should see list of all Practice Questions in Practice Questions Page</span>
      <div>
      </div>
              </div>
          </div>
        </div>
  </div>
  <div class="card">
    <div class="card-header" role="tab">
      <div class="card-title">
        <div class="node" id="193"><span class="badge log pass-bg mr-2">Pass</span>Verify that user receives output on running valid python code for "Search the array" question</div>
      </div>
    </div>
        <div class="scenario_outline collapse">
            <div class="card-body l1">
              <div class="card-header">
                <div class="card-title outline-child">
                  <div class="node" id="194"><span class="badge log pass-bg mr-2">Pass</span>Verify that user receives output on running valid python code for "Search the array" question</div>
                </div>
              </div>
              <div class="card-body mt-3 collapse">
                  <div class="step pass-bg">
                    <span>Given the user is navigating to the  signin page</span>
      <div>
      </div>
                  </div>
                  <div class="step pass-bg">
                    <span>Given The user is on the tryeditor page of  Search The Array question</span>
      <div>
      </div>
                  </div>
                  <div class="step pass-bg">
                    <span>When The user enters code "Search The Array" and 1 clicks the Run button</span>
      <div>
      </div>
                  </div>
                  <div class="step pass-bg">
                    <span>Then The user should see an result for question in console for "Search The Array" and 1</span>
      <div>
      </div>
                  </div>
              </div>
            </div>
        </div>
  </div>
  <div class="card">
    <div class="card-header" role="tab">
      <div class="card-title">
        <div class="node" id="197"><span class="badge log pass-bg mr-2">Pass</span>Verify that user receives error on running Invalid python code for "Search the array" question</div>
      </div>
    </div>
        <div class="scenario_outline collapse">
            <div class="card-body l1">
              <div class="card-header">
                <div class="card-title outline-child">
                  <div class="node" id="198"><span class="badge log pass-bg mr-2">Pass</span>Verify that user receives error on running Invalid python code for "Search the array" question</div>
                </div>
              </div>
              <div class="card-body mt-3 collapse">
                  <div class="step pass-bg">
                    <span>Given the user is navigating to the  signin page</span>
      <div>
      </div>
                  </div>
                  <div class="step pass-bg">
                    <span>Given The user is on the tryeditor page of  Search The Array question</span>
      <div>
      </div>
                  </div>
                  <div class="step pass-bg">
                    <span>When The user enters code "Search The Array" and 2 clicks the Run button</span>
      <div>
      </div>
                  </div>
                  <div class="step pass-bg">
                    <span>Then The user should able to see an error message in alert window "Search The Array" and 2</span>
      <div>
      </div>
                  </div>
              </div>
            </div>
        </div>
  </div>
  <div class="card">
    <div class="card-header" role="tab">
      <div class="card-title">
        <div class="node" id="201"><span class="badge log fail-bg mr-2">Fail</span>Verify that user receives output on submitting valid python code for "Search the array" question</div>
      </div>
    </div>
        <div class="scenario_outline ">
            <div class="card-body l1">
              <div class="card-header">
                <div class="card-title outline-child">
                  <div class="node" id="202"><span class="badge log fail-bg mr-2">Fail</span>Verify that user receives output on submitting valid python code for "Search the array" question</div>
                </div>
              </div>
              <div class="card-body mt-3 ">
                  <div class="step pass-bg">
                    <span>Given the user is navigating to the  signin page</span>
      <div>
      </div>
                  </div>
                  <div class="step pass-bg">
                    <span>Given The user is on the tryeditor page of  Search The Array question</span>
      <div>
      </div>
                  </div>
                  <div class="step pass-bg">
                    <span>When The user enters code "Search The Array" and 3 clicks the Submit button</span>
      <div>
      </div>
                  </div>
                  <div class="step fail-bg">
                    <span>Then The user should see an output for question in console for "Search The Array" and 3</span>
      <div>
        <textarea disabled class="code-block">org.openqa.selenium.NoSuchElementException: no such element: Unable to locate element: {"method":"xpath","selector":"//pre[@id='output' and contains(text(), 'Submission Successful')]"}
  (Session info: chrome=131.0.6778.267)
For documentation on this error, please visit: https://www.selenium.dev/documentation/webdriver/troubleshooting/errors#no-such-element-exception
Build info: version: '4.27.0', revision: 'd6e718d134'
System info: os.name: 'Windows 11', os.arch: 'amd64', os.version: '10.0', java.version: '23.0.1'
Driver info: org.openqa.selenium.chrome.ChromeDriver
Command: [9f301bb209830163e2f3dc2952d40d7e, findElement {using=xpath, value=//pre[@id='output' and contains(text(), 'Submission Successful')]}]
Capabilities {acceptInsecureCerts: false, browserName: chrome, browserVersion: 131.0.6778.267, chrome: {chromedriverVersion: 131.0.6778.264 (2d05e315153..., userDataDir: C:\Users\12157\AppData\Loca...}, fedcm:accounts: true, goog:chromeOptions: {debuggerAddress: localhost:60379}, networkConnectionEnabled: false, pageLoadStrategy: normal, platformName: windows, proxy: Proxy(), se:cdp: ws://localhost:60379/devtoo..., se:cdpVersion: 131.0.6778.267, setWindowRect: true, strictFileInteractability: false, timeouts: {implicit: 0, pageLoad: 300000, script: 30000}, unhandledPromptBehavior: dismiss and notify, webauthn:extension:credBlob: true, webauthn:extension:largeBlob: true, webauthn:extension:minPinLength: true, webauthn:extension:prf: true, webauthn:virtualAuthenticators: true}
Session ID: 9f301bb209830163e2f3dc2952d40d7e
	at java.base/jdk.internal.reflect.DirectConstructorHandleAccessor.newInstance(DirectConstructorHandleAccessor.java:62)
	at java.base/java.lang.reflect.Constructor.newInstanceWithCaller(Constructor.java:501)
	at java.base/java.lang.reflect.Constructor.newInstance(Constructor.java:485)
	at org.openqa.selenium.remote.ErrorCodec.decode(ErrorCodec.java:167)
	at org.openqa.selenium.remote.codec.w3c.W3CHttpResponseCodec.decode(W3CHttpResponseCodec.java:138)
	at org.openqa.selenium.remote.codec.w3c.W3CHttpResponseCodec.decode(W3CHttpResponseCodec.java:50)
	at org.openqa.selenium.remote.HttpCommandExecutor.execute(HttpCommandExecutor.java:190)
	at org.openqa.selenium.remote.service.DriverCommandExecutor.invokeExecute(DriverCommandExecutor.java:216)
	at org.openqa.selenium.remote.service.DriverCommandExecutor.execute(DriverCommandExecutor.java:174)
	at org.openqa.selenium.remote.RemoteWebDriver.execute(RemoteWebDriver.java:545)
	at org.openqa.selenium.remote.ElementLocation$ElementFinder$2.findElement(ElementLocation.java:165)
	at org.openqa.selenium.remote.ElementLocation.findElement(ElementLocation.java:59)
	at org.openqa.selenium.remote.RemoteWebDriver.findElement(RemoteWebDriver.java:368)
	at org.openqa.selenium.remote.RemoteWebDriver.findElement(RemoteWebDriver.java:362)
	at org.openqa.selenium.support.pagefactory.DefaultElementLocator.findElement(DefaultElementLocator.java:68)
	at org.openqa.selenium.support.pagefactory.internal.LocatingElementHandler.invoke(LocatingElementHandler.java:38)
	at jdk.proxy2/jdk.proxy2.$Proxy27.getText(Unknown Source)
	at dsAlgoPages.ArrayPage.actualOutputResult(ArrayPage.java:158)
	at dsAlgoStepdefinition.ArraySteps.the_user_should_see_an_output_for_question_in_console_for_and(ArraySteps.java:222)
	at ✽.The user should see an output for question in console for "Search The Array" and 3(file:///D:/Vaishali/NN_Workspace/DsAlgo_Quester/DsAlgoQuesters/src/test/resources/dsAlgoFeatures/Arrays.feature:128)
</textarea>
      
      </div>
                  </div>
              </div>
            </div>
        </div>
  </div>
  <div class="card">
    <div class="card-header" role="tab">
      <div class="card-title">
        <div class="node" id="205"><span class="badge log pass-bg mr-2">Pass</span>Verify that user receives output on running valid python code for "Max Consecutive Ones" question</div>
      </div>
    </div>
        <div class="scenario_outline collapse">
            <div class="card-body l1">
              <div class="card-header">
                <div class="card-title outline-child">
                  <div class="node" id="206"><span class="badge log pass-bg mr-2">Pass</span>Verify that user receives output on running valid python code for "Max Consecutive Ones" question</div>
                </div>
              </div>
              <div class="card-body mt-3 collapse">
                  <div class="step pass-bg">
                    <span>Given the user is navigating to the  signin page</span>
      <div>
      </div>
                  </div>
                  <div class="step pass-bg">
                    <span>Given The user is on the tryeditor page of  Max Consecutive Ones</span>
      <div>
      </div>
                  </div>
                  <div class="step pass-bg">
                    <span>When The user enters code "Max Consecutive Ones" and 1 clicks the Run button</span>
      <div>
      </div>
                  </div>
                  <div class="step pass-bg">
                    <span>Then The user should see an result for question in console for "Max Consecutive Ones" and 1</span>
      <div>
      </div>
                  </div>
              </div>
            </div>
        </div>
  </div>
  <div class="card">
    <div class="card-header" role="tab">
      <div class="card-title">
        <div class="node" id="209"><span class="badge log pass-bg mr-2">Pass</span>Verify that user receives error on running Invalid python code for "Max Consecutive Ones" question</div>
      </div>
    </div>
        <div class="scenario_outline collapse">
            <div class="card-body l1">
              <div class="card-header">
                <div class="card-title outline-child">
                  <div class="node" id="210"><span class="badge log pass-bg mr-2">Pass</span>Verify that user receives error on running Invalid python code for "Max Consecutive Ones" question</div>
                </div>
              </div>
              <div class="card-body mt-3 collapse">
                  <div class="step pass-bg">
                    <span>Given the user is navigating to the  signin page</span>
      <div>
      </div>
                  </div>
                  <div class="step pass-bg">
                    <span>Given The user is on the tryeditor page of  Max Consecutive Ones</span>
      <div>
      </div>
                  </div>
                  <div class="step pass-bg">
                    <span>When The user enters code "Max Consecutive Ones" and 2 clicks the Run button</span>
      <div>
      </div>
                  </div>
                  <div class="step pass-bg">
                    <span>Then The user should able to see an error message in alert window "Max Consecutive Ones" and 2</span>
      <div>
      </div>
                  </div>
              </div>
            </div>
        </div>
  </div>
  <div class="card">
    <div class="card-header" role="tab">
      <div class="card-title">
        <div class="node" id="213"><span class="badge log pass-bg mr-2">Pass</span>Verify that user receives output on submitting valid python code for "Max Consecutive Ones" question</div>
      </div>
    </div>
        <div class="scenario_outline collapse">
            <div class="card-body l1">
              <div class="card-header">
                <div class="card-title outline-child">
                  <div class="node" id="214"><span class="badge log pass-bg mr-2">Pass</span>Verify that user receives output on submitting valid python code for "Max Consecutive Ones" question</div>
                </div>
              </div>
              <div class="card-body mt-3 collapse">
                  <div class="step pass-bg">
                    <span>Given the user is navigating to the  signin page</span>
      <div>
      </div>
                  </div>
                  <div class="step pass-bg">
                    <span>Given The user is on the tryeditor page of  Max Consecutive Ones</span>
      <div>
      </div>
                  </div>
                  <div class="step pass-bg">
                    <span>When The user enters code "Max Consecutive Ones" and 3 clicks the Submit button</span>
      <div>
      </div>
                  </div>
                  <div class="step pass-bg">
                    <span>Then The user should see an output for question in console for "Max Consecutive Ones" and 3</span>
      <div>
      </div>
                  </div>
              </div>
            </div>
        </div>
  </div>
  <div class="card">
    <div class="card-header" role="tab">
      <div class="card-title">
        <div class="node" id="232"><span class="badge log pass-bg mr-2">Pass</span>Verify that user receives output on running valid python code for "Find Numbers with Even Number" question</div>
      </div>
    </div>
        <div class="scenario_outline collapse">
            <div class="card-body l1">
              <div class="card-header">
                <div class="card-title outline-child">
                  <div class="node" id="233"><span class="badge log pass-bg mr-2">Pass</span>Verify that user receives output on running valid python code for "Find Numbers with Even Number" question</div>
                </div>
              </div>
              <div class="card-body mt-3 collapse">
                  <div class="step pass-bg">
                    <span>Given the user is navigating to the  signin page</span>
      <div>
      </div>
                  </div>
                  <div class="step pass-bg">
                    <span>Given The user is on the tryeditor page of  Find Numbers with Even Number</span>
      <div>
      </div>
                  </div>
                  <div class="step pass-bg">
                    <span>When The user enters code "Find Numbers with Even Number" and 1 clicks the Run button</span>
      <div>
      </div>
                  </div>
                  <div class="step pass-bg">
                    <span>Then The user should see an result for question in console for "Find Numbers with Even Number" and 1</span>
      <div>
      </div>
                  </div>
              </div>
            </div>
        </div>
  </div>
  <div class="card">
    <div class="card-header" role="tab">
      <div class="card-title">
        <div class="node" id="253"><span class="badge log pass-bg mr-2">Pass</span>Verify that user receives error on running Invalid python code for "Find Numbers with Even Number" question</div>
      </div>
    </div>
        <div class="scenario_outline collapse">
            <div class="card-body l1">
              <div class="card-header">
                <div class="card-title outline-child">
                  <div class="node" id="254"><span class="badge log pass-bg mr-2">Pass</span>Verify that user receives error on running Invalid python code for "Find Numbers with Even Number" question</div>
                </div>
              </div>
              <div class="card-body mt-3 collapse">
                  <div class="step pass-bg">
                    <span>Given the user is navigating to the  signin page</span>
      <div>
      </div>
                  </div>
                  <div class="step pass-bg">
                    <span>Given The user is on the tryeditor page of  Find Numbers with Even Number</span>
      <div>
      </div>
                  </div>
                  <div class="step pass-bg">
                    <span>When The user enters code "Find Numbers with Even Number" and 2 clicks the Run button</span>
      <div>
      </div>
                  </div>
                  <div class="step pass-bg">
                    <span>Then The user should able to see an error message in alert window "Find Numbers with Even Number" and 2</span>
      <div>
      </div>
                  </div>
              </div>
            </div>
        </div>
  </div>
  <div class="card">
    <div class="card-header" role="tab">
      <div class="card-title">
        <div class="node" id="260"><span class="badge log pass-bg mr-2">Pass</span>Verify that user receives output on submitting valid python code for "Find Numbers with Even Number" question</div>
      </div>
    </div>
        <div class="scenario_outline collapse">
            <div class="card-body l1">
              <div class="card-header">
                <div class="card-title outline-child">
                  <div class="node" id="261"><span class="badge log pass-bg mr-2">Pass</span>Verify that user receives output on submitting valid python code for "Find Numbers with Even Number" question</div>
                </div>
              </div>
              <div class="card-body mt-3 collapse">
                  <div class="step pass-bg">
                    <span>Given the user is navigating to the  signin page</span>
      <div>
      </div>
                  </div>
                  <div class="step pass-bg">
                    <span>Given The user is on the tryeditor page of  Find Numbers with Even Number</span>
      <div>
      </div>
                  </div>
                  <div class="step pass-bg">
                    <span>When The user enters code "Find Numbers with Even Number" and 3 clicks the Submit button</span>
      <div>
      </div>
                  </div>
                  <div class="step pass-bg">
                    <span>Then The user should see an output for question in console for "Find Numbers with Even Number" and 3</span>
      <div>
      </div>
                  </div>
              </div>
            </div>
        </div>
  </div>
  <div class="card">
    <div class="card-header" role="tab">
      <div class="card-title">
        <div class="node" id="269"><span class="badge log pass-bg mr-2">Pass</span>Verify that user receives output on running valid python code for "Squares of  a Sorted Array" question</div>
      </div>
    </div>
        <div class="scenario_outline collapse">
            <div class="card-body l1">
              <div class="card-header">
                <div class="card-title outline-child">
                  <div class="node" id="270"><span class="badge log pass-bg mr-2">Pass</span>Verify that user receives output on running valid python code for "Squares of  a Sorted Array" question</div>
                </div>
              </div>
              <div class="card-body mt-3 collapse">
                  <div class="step pass-bg">
                    <span>Given the user is navigating to the  signin page</span>
      <div>
      </div>
                  </div>
                  <div class="step pass-bg">
                    <span>Given The user is on the tryeditor page of  Squares of  a Sorted Array</span>
      <div>
      </div>
                  </div>
                  <div class="step pass-bg">
                    <span>When The user enters code "Squares of  a Sorted Array" and 1 clicks the Run button</span>
      <div>
      </div>
                  </div>
                  <div class="step pass-bg">
                    <span>Then The user should see an result for question in console for "Squares of  a Sorted Array" and 1</span>
      <div>
      </div>
                  </div>
              </div>
            </div>
        </div>
  </div>
  <div class="card">
    <div class="card-header" role="tab">
      <div class="card-title">
        <div class="node" id="285"><span class="badge log pass-bg mr-2">Pass</span>Verify that user receives error on running Invalid python code for "Squares of  a Sorted Array" question</div>
      </div>
    </div>
        <div class="scenario_outline collapse">
            <div class="card-body l1">
              <div class="card-header">
                <div class="card-title outline-child">
                  <div class="node" id="286"><span class="badge log pass-bg mr-2">Pass</span>Verify that user receives error on running Invalid python code for "Squares of  a Sorted Array" question</div>
                </div>
              </div>
              <div class="card-body mt-3 collapse">
                  <div class="step pass-bg">
                    <span>Given the user is navigating to the  signin page</span>
      <div>
      </div>
                  </div>
                  <div class="step pass-bg">
                    <span>Given The user is on the tryeditor page of  Squares of  a Sorted Array</span>
      <div>
      </div>
                  </div>
                  <div class="step pass-bg">
                    <span>When The user enters code "Squares of  a Sorted Array" and 2 clicks the Run button</span>
      <div>
      </div>
                  </div>
                  <div class="step pass-bg">
                    <span>Then The user should able to see an error message in alert window "Squares of  a Sorted Array" and 2</span>
      <div>
      </div>
                  </div>
              </div>
            </div>
        </div>
  </div>
  <div class="card">
    <div class="card-header" role="tab">
      <div class="card-title">
        <div class="node" id="290"><span class="badge log fail-bg mr-2">Fail</span>Verify that user receives output on submitting valid python code for "Squares of  a Sorted Array" question</div>
      </div>
    </div>
        <div class="scenario_outline ">
            <div class="card-body l1">
              <div class="card-header">
                <div class="card-title outline-child">
                  <div class="node" id="291"><span class="badge log fail-bg mr-2">Fail</span>Verify that user receives output on submitting valid python code for "Squares of  a Sorted Array" question</div>
                </div>
              </div>
              <div class="card-body mt-3 ">
                  <div class="step pass-bg">
                    <span>Given the user is navigating to the  signin page</span>
      <div>
      </div>
                  </div>
                  <div class="step pass-bg">
                    <span>Given The user is on the tryeditor page of  Squares of  a Sorted Array</span>
      <div>
      </div>
                  </div>
                  <div class="step pass-bg">
                    <span>When The user enters code "Squares of  a Sorted Array" and 3 clicks the Submit button</span>
      <div>
      </div>
                  </div>
                  <div class="step fail-bg">
                    <span>Then The user should see an output for question in console for "Squares of  a Sorted Array" and 3</span>
      <div>
        <textarea disabled class="code-block">org.openqa.selenium.NoSuchElementException: no such element: Unable to locate element: {"method":"xpath","selector":"//pre[@id='output' and contains(text(), 'Submission Successful')]"}
  (Session info: chrome=131.0.6778.267)
For documentation on this error, please visit: https://www.selenium.dev/documentation/webdriver/troubleshooting/errors#no-such-element-exception
Build info: version: '4.27.0', revision: 'd6e718d134'
System info: os.name: 'Windows 11', os.arch: 'amd64', os.version: '10.0', java.version: '23.0.1'
Driver info: org.openqa.selenium.chrome.ChromeDriver
Command: [b7317bff804f36c6e8c89fe8f573c1b5, findElement {using=xpath, value=//pre[@id='output' and contains(text(), 'Submission Successful')]}]
Capabilities {acceptInsecureCerts: false, browserName: chrome, browserVersion: 131.0.6778.267, chrome: {chromedriverVersion: 131.0.6778.264 (2d05e315153..., userDataDir: C:\Users\12157\AppData\Loca...}, fedcm:accounts: true, goog:chromeOptions: {debuggerAddress: localhost:60818}, networkConnectionEnabled: false, pageLoadStrategy: normal, platformName: windows, proxy: Proxy(), se:cdp: ws://localhost:60818/devtoo..., se:cdpVersion: 131.0.6778.267, setWindowRect: true, strictFileInteractability: false, timeouts: {implicit: 0, pageLoad: 300000, script: 30000}, unhandledPromptBehavior: dismiss and notify, webauthn:extension:credBlob: true, webauthn:extension:largeBlob: true, webauthn:extension:minPinLength: true, webauthn:extension:prf: true, webauthn:virtualAuthenticators: true}
Session ID: b7317bff804f36c6e8c89fe8f573c1b5
	at java.base/jdk.internal.reflect.DirectConstructorHandleAccessor.newInstance(DirectConstructorHandleAccessor.java:62)
	at java.base/java.lang.reflect.Constructor.newInstanceWithCaller(Constructor.java:501)
	at java.base/java.lang.reflect.Constructor.newInstance(Constructor.java:485)
	at org.openqa.selenium.remote.ErrorCodec.decode(ErrorCodec.java:167)
	at org.openqa.selenium.remote.codec.w3c.W3CHttpResponseCodec.decode(W3CHttpResponseCodec.java:138)
	at org.openqa.selenium.remote.codec.w3c.W3CHttpResponseCodec.decode(W3CHttpResponseCodec.java:50)
	at org.openqa.selenium.remote.HttpCommandExecutor.execute(HttpCommandExecutor.java:190)
	at org.openqa.selenium.remote.service.DriverCommandExecutor.invokeExecute(DriverCommandExecutor.java:216)
	at org.openqa.selenium.remote.service.DriverCommandExecutor.execute(DriverCommandExecutor.java:174)
	at org.openqa.selenium.remote.RemoteWebDriver.execute(RemoteWebDriver.java:545)
	at org.openqa.selenium.remote.ElementLocation$ElementFinder$2.findElement(ElementLocation.java:165)
	at org.openqa.selenium.remote.ElementLocation.findElement(ElementLocation.java:59)
	at org.openqa.selenium.remote.RemoteWebDriver.findElement(RemoteWebDriver.java:368)
	at org.openqa.selenium.remote.RemoteWebDriver.findElement(RemoteWebDriver.java:362)
	at org.openqa.selenium.support.pagefactory.DefaultElementLocator.findElement(DefaultElementLocator.java:68)
	at org.openqa.selenium.support.pagefactory.internal.LocatingElementHandler.invoke(LocatingElementHandler.java:38)
	at jdk.proxy2/jdk.proxy2.$Proxy27.getText(Unknown Source)
	at dsAlgoPages.ArrayPage.actualOutputResult(ArrayPage.java:158)
	at dsAlgoStepdefinition.ArraySteps.the_user_should_see_an_output_for_question_in_console_for_and(ArraySteps.java:222)
	at ✽.The user should see an output for question in console for "Squares of  a Sorted Array" and 3(file:///D:/Vaishali/NN_Workspace/DsAlgo_Quester/DsAlgoQuesters/src/test/resources/dsAlgoFeatures/Arrays.feature:218)
</textarea>
      
      </div>
                  </div>
              </div>
            </div>
        </div>
  </div>
</div>
          </div>
        </li>
      </ul>
    </div>
  </div>
<div class="test-content scrollable">
<div class="test-content-tools">
<ul><li><a class="back-to-test" href="#"><i class="fa fa-arrow-left"></i></a></li></ul>
</div>
<div class="test-content-detail"><div class="detail-body"></div></div>
</div></div>
<div class="test-wrapper row view exception-view attributes-view">
<div class="test-list">
<div class="test-list-tools">
<ul class="tools pull-left"><li><a href=""><span class="font-size-14">Exception</span></a></li></ul>
<ul class="tools text-right"><li><a href="#"><span class="badge badge-primary">1</span></a></li></ul>
</div>
<div class="test-list-wrapper scrollable">
<ul class="test-list-item">
<li class="test-item">
<div class="test-detail">
<span class="meta">
<span class='badge log badge-danger'>6</span>
</span>
<p class="name">org.openqa.selenium.NoSuchElementException</p>
<p class="duration text-sm">6 tests</p>
</div>
<div class="test-contents d-none">
<div class="info">
<h4>org.openqa.selenium.NoSuchElementException</h4>
<span status="fail" class='badge log badge-danger'>6 failed</span>
</div>
<table class='table table-sm mt-4'>
<thead>
<tr>
<th class="status-col">Status</th>
<th class="timestamp-col">Timestamp</th>
<th>TestName</th>
</tr>
</thead>
<tbody>
<tr class="tag-test-status" status="fail">
<td><span class="badge log fail-bg">Fail</span></td>
<td>17:11:33 PM</td>
<td>
<a href="#" class="linked" test-id='1' id='83'>When the user clicks the Run button</a>
<div class="">
<span class="badge badge-default">Array functionality.Verify that user receives error when user clicks on run button without entering code in tryeditor for ArrayPage.When the user clicks the Run button</span>
</div>
</td>
</tr>
<tr class="tag-test-status" status="fail">
<td><span class="badge log fail-bg">Fail</span></td>
<td>17:11:53 PM</td>
<td>
<a href="#" class="linked" test-id='1' id='146'>When the user clicks the Run button</a>
<div class="">
<span class="badge badge-default">Array functionality.Verify that user receives error when user clicks on run button without entering code in tryeditor for ArrayPage.When the user clicks the Run button</span>
</div>
</td>
</tr>
<tr class="tag-test-status" status="fail">
<td><span class="badge log fail-bg">Fail</span></td>
<td>17:11:55 PM</td>
<td>
<a href="#" class="linked" test-id='1' id='147'>When the user clicks the Run button</a>
<div class="">
<span class="badge badge-default">Array functionality.Verify that user receives error when user clicks on run button without entering code in tryeditor for ArrayPage.When the user clicks the Run button</span>
</div>
</td>
</tr>
<tr class="tag-test-status" status="fail">
<td><span class="badge log fail-bg">Fail</span></td>
<td>17:11:56 PM</td>
<td>
<a href="#" class="linked" test-id='1' id='148'>When the user clicks the Run button</a>
<div class="">
<span class="badge badge-default">Array functionality.Verify that user receives error when user clicks on run button without entering code in tryeditor for ArrayPage.When the user clicks the Run button</span>
</div>
</td>
</tr>
<tr class="tag-test-status" status="fail">
<td><span class="badge log fail-bg">Fail</span></td>
<td>17:12:55 PM</td>
<td>
<a href="#" class="linked" test-id='1' id='283'>Then The user should see an output for question in console for "Search The Array" and 3</a>
<div class="">
<span class="badge badge-default">Array functionality.Verify that user receives output on submitting valid python code for "Search the array" question.Then The user should see an output for question in console for "Search The Array" and 3</span>
</div>
</td>
</tr>
<tr class="tag-test-status" status="fail">
<td><span class="badge log fail-bg">Fail</span></td>
<td>17:13:22 PM</td>
<td>
<a href="#" class="linked" test-id='1' id='332'>Then The user should see an output for question in console for "Squares of a Sorted Array" and 3</a>
<div class="">
<span class="badge badge-default">Array functionality.Verify that user receives output on submitting valid python code for "Squares of a Sorted Array" question.Then The user should see an output for question in console for "Squares of a Sorted Array" and 3</span>
</div>
</td>
</tr>
</tbody>
</table>
</div>
</li>
</ul>
</div>
</div>
<div class="test-content scrollable">
<div class="test-content-detail">
<div class="detail-body"></div>
</div>
</div>
</div><div class="test-wrapper row view category-view attributes-view">
<div class="test-list">
<div class="test-list-tools">
<ul class="tools pull-left"><li><a href=""><span class="font-size-14">Category</span></a></li></ul>
<ul class="tools text-right"><li><a href="#"><span class="badge badge-primary">22</span></a></li></ul>
</div>
<div class="test-list-wrapper scrollable">
<ul class="test-list-item">
<li class="test-item">
<div class="test-detail">
<span class="meta">
<span class='badge log pass-bg'>1</span>
</span>
<p class="name">@Array12</p>
<p class="duration text-sm">1 tests</p>
</div>
<div class="test-contents d-none">
<div class="info">
<h4>@Array12</h4>
<span status="pass" class='badge log pass-bg'>1 passed</span>
</div>
<table class='table table-sm mt-4'>
<thead>
<tr>
<th class="status-col">Status</th>
<th class="timestamp-col">Timestamp</th>
<th>TestName</th>
</tr>
</thead>
<tbody>
<tr class="tag-test-status" status="pass">
<td><span class="badge log pass-bg">Pass</span></td>
<td>17:12:08 PM</td>
<td>
<a href="#" class="linked" test-id='1' id='198'>Verify that user receives error on running Invalid python code for "Search the array" question</a>
<div class="">
<span class="badge badge-default">Array functionality.Verify that user receives error on running Invalid python code for "Search the array" question</span>
</div>
</td>
</tr>
</tbody>
</table>
</div>
</li>
<li class="test-item">
<div class="test-detail">
<span class="meta">
<span class='badge log pass-bg'>2</span>
</span>
<p class="name">@Array5</p>
<p class="duration text-sm">2 tests</p>
</div>
<div class="test-contents d-none">
<div class="info">
<h4>@Array5</h4>
<span status="pass" class='badge log pass-bg'>2 passed</span>
</div>
<table class='table table-sm mt-4'>
<thead>
<tr>
<th class="status-col">Status</th>
<th class="timestamp-col">Timestamp</th>
<th>TestName</th>
</tr>
</thead>
<tbody>
<tr class="tag-test-status" status="pass">
<td><span class="badge log pass-bg">Pass</span></td>
<td>17:11:34 PM</td>
<td>
<a href="#" class="linked" test-id='1' id='101'>Verify that user is able to run valid and invalid Python code in Try Editor for ArrayPage</a>
<div class="">
<span class="badge badge-default">Array functionality.Verify that user is able to run valid and invalid Python code in Try Editor for ArrayPage</span>
</div>
</td>
</tr>
<tr class="tag-test-status" status="pass">
<td><span class="badge log pass-bg">Pass</span></td>
<td>17:11:34 PM</td>
<td>
<a href="#" class="linked" test-id='1' id='104'>Verify that user is able to run valid and invalid Python code in Try Editor for ArrayPage</a>
<div class="">
<span class="badge badge-default">Array functionality.Verify that user is able to run valid and invalid Python code in Try Editor for ArrayPage</span>
</div>
</td>
</tr>
</tbody>
</table>
</div>
</li>
<li class="test-item">
<div class="test-detail">
<span class="meta">
<span class='badge log pass-bg'>1</span>
</span>
<p class="name">@Array14</p>
<p class="duration text-sm">1 tests</p>
</div>
<div class="test-contents d-none">
<div class="info">
<h4>@Array14</h4>
<span status="pass" class='badge log pass-bg'>1 passed</span>
</div>
<table class='table table-sm mt-4'>
<thead>
<tr>
<th class="status-col">Status</th>
<th class="timestamp-col">Timestamp</th>
<th>TestName</th>
</tr>
</thead>
<tbody>
<tr class="tag-test-status" status="pass">
<td><span class="badge log pass-bg">Pass</span></td>
<td>17:12:08 PM</td>
<td>
<a href="#" class="linked" test-id='1' id='206'>Verify that user receives output on running valid python code for "Max Consecutive Ones" question</a>
<div class="">
<span class="badge badge-default">Array functionality.Verify that user receives output on running valid python code for "Max Consecutive Ones" question</span>
</div>
</td>
</tr>
</tbody>
</table>
</div>
</li>
<li class="test-item">
<div class="test-detail">
<span class="meta">
<span class='badge log pass-bg'>1</span>
</span>
<p class="name">@Array1</p>
<p class="duration text-sm">1 tests</p>
</div>
<div class="test-contents d-none">
<div class="info">
<h4>@Array1</h4>
<span status="pass" class='badge log pass-bg'>1 passed</span>
</div>
<table class='table table-sm mt-4'>
<thead>
<tr>
<th class="status-col">Status</th>
<th class="timestamp-col">Timestamp</th>
<th>TestName</th>
</tr>
</thead>
<tbody>
<tr class="tag-test-status" status="pass">
<td><span class="badge log pass-bg">Pass</span></td>
<td>17:10:59 PM</td>
<td>
<a href="#" class="linked" test-id='1' id='13'>Verify that the user can navigate to the Array after signin</a>
<div class="">
<span class="badge badge-default">Array functionality.Verify that the user can navigate to the Array after signin</span>
</div>
</td>
</tr>
</tbody>
</table>
</div>
</li>
<li class="test-item">
<div class="test-detail">
<span class="meta">
<span class='badge log pass-bg'>1</span>
</span>
<p class="name">@Array15</p>
<p class="duration text-sm">1 tests</p>
</div>
<div class="test-contents d-none">
<div class="info">
<h4>@Array15</h4>
<span status="pass" class='badge log pass-bg'>1 passed</span>
</div>
<table class='table table-sm mt-4'>
<thead>
<tr>
<th class="status-col">Status</th>
<th class="timestamp-col">Timestamp</th>
<th>TestName</th>
</tr>
</thead>
<tbody>
<tr class="tag-test-status" status="pass">
<td><span class="badge log pass-bg">Pass</span></td>
<td>17:12:08 PM</td>
<td>
<a href="#" class="linked" test-id='1' id='210'>Verify that user receives error on running Invalid python code for "Max Consecutive Ones" question</a>
<div class="">
<span class="badge badge-default">Array functionality.Verify that user receives error on running Invalid python code for "Max Consecutive Ones" question</span>
</div>
</td>
</tr>
</tbody>
</table>
</div>
</li>
<li class="test-item">
<div class="test-detail">
<span class="meta">
<span class='badge log badge-danger'>4</span>
</span>
<p class="name">@Array4</p>
<p class="duration text-sm">4 tests</p>
</div>
<div class="test-contents d-none">
<div class="info">
<h4>@Array4</h4>
<span status="fail" class='badge log badge-danger'>4 failed</span>
</div>
<table class='table table-sm mt-4'>
<thead>
<tr>
<th class="status-col">Status</th>
<th class="timestamp-col">Timestamp</th>
<th>TestName</th>
</tr>
</thead>
<tbody>
<tr class="tag-test-status" status="fail">
<td><span class="badge log fail-bg">Fail</span></td>
<td>17:10:59 PM</td>
<td>
<a href="#" class="linked" test-id='1' id='5'>Verify that user receives error when user clicks on run button without entering code in tryeditor for ArrayPage</a>
<div class="">
<span class="badge badge-default">Array functionality.Verify that user receives error when user clicks on run button without entering code in tryeditor for ArrayPage</span>
</div>
</td>
</tr>
<tr class="tag-test-status" status="fail">
<td><span class="badge log fail-bg">Fail</span></td>
<td>17:11:29 PM</td>
<td>
<a href="#" class="linked" test-id='1' id='62'>Verify that user receives error when user clicks on run button without entering code in tryeditor for ArrayPage</a>
<div class="">
<span class="badge badge-default">Array functionality.Verify that user receives error when user clicks on run button without entering code in tryeditor for ArrayPage</span>
</div>
</td>
</tr>
<tr class="tag-test-status" status="fail">
<td><span class="badge log fail-bg">Fail</span></td>
<td>17:11:34 PM</td>
<td>
<a href="#" class="linked" test-id='1' id='92'>Verify that user receives error when user clicks on run button without entering code in tryeditor for ArrayPage</a>
<div class="">
<span class="badge badge-default">Array functionality.Verify that user receives error when user clicks on run button without entering code in tryeditor for ArrayPage</span>
</div>
</td>
</tr>
<tr class="tag-test-status" status="fail">
<td><span class="badge log fail-bg">Fail</span></td>
<td>17:11:34 PM</td>
<td>
<a href="#" class="linked" test-id='1' id='97'>Verify that user receives error when user clicks on run button without entering code in tryeditor for ArrayPage</a>
<div class="">
<span class="badge badge-default">Array functionality.Verify that user receives error when user clicks on run button without entering code in tryeditor for ArrayPage</span>
</div>
</td>
</tr>
</tbody>
</table>
</div>
</li>
<li class="test-item">
<div class="test-detail">
<span class="meta">
<span class='badge log pass-bg'>2</span>
</span>
<p class="name">@Array7</p>
<p class="duration text-sm">2 tests</p>
</div>
<div class="test-contents d-none">
<div class="info">
<h4>@Array7</h4>
<span status="pass" class='badge log pass-bg'>2 passed</span>
</div>
<table class='table table-sm mt-4'>
<thead>
<tr>
<th class="status-col">Status</th>
<th class="timestamp-col">Timestamp</th>
<th>TestName</th>
</tr>
</thead>
<tbody>
<tr class="tag-test-status" status="pass">
<td><span class="badge log pass-bg">Pass</span></td>
<td>17:11:35 PM</td>
<td>
<a href="#" class="linked" test-id='1' id='115'>Verify that user is able to run valid Python code in Try Editor for Array Page</a>
<div class="">
<span class="badge badge-default">Array functionality.Verify that user is able to run valid Python code in Try Editor for Array Page</span>
</div>
</td>
</tr>
<tr class="tag-test-status" status="pass">
<td><span class="badge log pass-bg">Pass</span></td>
<td>17:11:38 PM</td>
<td>
<a href="#" class="linked" test-id='1' id='119'>Verify that user is able to run valid Python code in Try Editor for Array Page</a>
<div class="">
<span class="badge badge-default">Array functionality.Verify that user is able to run valid Python code in Try Editor for Array Page</span>
</div>
</td>
</tr>
</tbody>
</table>
</div>
</li>
<li class="test-item">
<div class="test-detail">
<span class="meta">
<span class='badge log pass-bg'>1</span>
</span>
<p class="name">@Array16</p>
<p class="duration text-sm">1 tests</p>
</div>
<div class="test-contents d-none">
<div class="info">
<h4>@Array16</h4>
<span status="pass" class='badge log pass-bg'>1 passed</span>
</div>
<table class='table table-sm mt-4'>
<thead>
<tr>
<th class="status-col">Status</th>
<th class="timestamp-col">Timestamp</th>
<th>TestName</th>
</tr>
</thead>
<tbody>
<tr class="tag-test-status" status="pass">
<td><span class="badge log pass-bg">Pass</span></td>
<td>17:12:09 PM</td>
<td>
<a href="#" class="linked" test-id='1' id='214'>Verify that user receives output on submitting valid python code for "Max Consecutive Ones" question</a>
<div class="">
<span class="badge badge-default">Array functionality.Verify that user receives output on submitting valid python code for "Max Consecutive Ones" question</span>
</div>
</td>
</tr>
</tbody>
</table>
</div>
</li>
<li class="test-item">
<div class="test-detail">
<span class="meta">
<span class='badge log pass-bg'>1</span>
</span>
<p class="name">@Array10</p>
<p class="duration text-sm">1 tests</p>
</div>
<div class="test-contents d-none">
<div class="info">
<h4>@Array10</h4>
<span status="pass" class='badge log pass-bg'>1 passed</span>
</div>
<table class='table table-sm mt-4'>
<thead>
<tr>
<th class="status-col">Status</th>
<th class="timestamp-col">Timestamp</th>
<th>TestName</th>
</tr>
</thead>
<tbody>
<tr class="tag-test-status" status="pass">
<td><span class="badge log pass-bg">Pass</span></td>
<td>17:12:03 PM</td>
<td>
<a href="#" class="linked" test-id='1' id='169'>Verify the user see list of Practice Questions in Practice Questions Page</a>
<div class="">
<span class="badge badge-default">Array functionality.Verify the user see list of Practice Questions in Practice Questions Page</span>
</div>
</td>
</tr>
</tbody>
</table>
</div>
</li>
<li class="test-item">
<div class="test-detail">
<span class="meta">
<span class='badge log pass-bg'>2</span>
</span>
<p class="name">@Array8</p>
<p class="duration text-sm">2 tests</p>
</div>
<div class="test-contents d-none">
<div class="info">
<h4>@Array8</h4>
<span status="pass" class='badge log pass-bg'>2 passed</span>
</div>
<table class='table table-sm mt-4'>
<thead>
<tr>
<th class="status-col">Status</th>
<th class="timestamp-col">Timestamp</th>
<th>TestName</th>
</tr>
</thead>
<tbody>
<tr class="tag-test-status" status="pass">
<td><span class="badge log pass-bg">Pass</span></td>
<td>17:11:47 PM</td>
<td>
<a href="#" class="linked" test-id='1' id='134'>Verify that user is able to run valid Python code in Try Editor for Array Page</a>
<div class="">
<span class="badge badge-default">Array functionality.Verify that user is able to run valid Python code in Try Editor for Array Page</span>
</div>
</td>
</tr>
<tr class="tag-test-status" status="pass">
<td><span class="badge log pass-bg">Pass</span></td>
<td>17:12:02 PM</td>
<td>
<a href="#" class="linked" test-id='1' id='162'>Verify that user is able to run valid Python code in Try Editor for Array Page</a>
<div class="">
<span class="badge badge-default">Array functionality.Verify that user is able to run valid Python code in Try Editor for Array Page</span>
</div>
</td>
</tr>
</tbody>
</table>
</div>
</li>
<li class="test-item">
<div class="test-detail">
<span class="meta">
<span class='badge log pass-bg'>1</span>
</span>
<p class="name">@Array9</p>
<p class="duration text-sm">1 tests</p>
</div>
<div class="test-contents d-none">
<div class="info">
<h4>@Array9</h4>
<span status="pass" class='badge log pass-bg'>1 passed</span>
</div>
<table class='table table-sm mt-4'>
<thead>
<tr>
<th class="status-col">Status</th>
<th class="timestamp-col">Timestamp</th>
<th>TestName</th>
</tr>
</thead>
<tbody>
<tr class="tag-test-status" status="pass">
<td><span class="badge log pass-bg">Pass</span></td>
<td>17:12:02 PM</td>
<td>
<a href="#" class="linked" test-id='1' id='166'>Verify the user is able to navigate to the Practice Questions mentioned under Array "Array in python"Page</a>
<div class="">
<span class="badge badge-default">Array functionality.Verify the user is able to navigate to the Practice Questions mentioned under Array "Array in python"Page</span>
</div>
</td>
</tr>
</tbody>
</table>
</div>
</li>
<li class="test-item">
<div class="test-detail">
<span class="meta">
<span class='badge log pass-bg'>2</span>
</span>
<p class="name">@Array6</p>
<p class="duration text-sm">2 tests</p>
</div>
<div class="test-contents d-none">
<div class="info">
<h4>@Array6</h4>
<span status="pass" class='badge log pass-bg'>2 passed</span>
</div>
<table class='table table-sm mt-4'>
<thead>
<tr>
<th class="status-col">Status</th>
<th class="timestamp-col">Timestamp</th>
<th>TestName</th>
</tr>
</thead>
<tbody>
<tr class="tag-test-status" status="pass">
<td><span class="badge log pass-bg">Pass</span></td>
<td>17:11:34 PM</td>
<td>
<a href="#" class="linked" test-id='1' id='108'>Verify that user is able to run valid Python code in Try Editor for Array page</a>
<div class="">
<span class="badge badge-default">Array functionality.Verify that user is able to run valid Python code in Try Editor for Array page</span>
</div>
</td>
</tr>
<tr class="tag-test-status" status="pass">
<td><span class="badge log pass-bg">Pass</span></td>
<td>17:11:35 PM</td>
<td>
<a href="#" class="linked" test-id='1' id='111'>Verify that user is able to run valid Python code in Try Editor for Array page</a>
<div class="">
<span class="badge badge-default">Array functionality.Verify that user is able to run valid Python code in Try Editor for Array page</span>
</div>
</td>
</tr>
</tbody>
</table>
</div>
</li>
<li class="test-item">
<div class="test-detail">
<span class="meta">
<span class='badge log pass-bg'>1</span>
</span>
<p class="name">@Array11</p>
<p class="duration text-sm">1 tests</p>
</div>
<div class="test-contents d-none">
<div class="info">
<h4>@Array11</h4>
<span status="pass" class='badge log pass-bg'>1 passed</span>
</div>
<table class='table table-sm mt-4'>
<thead>
<tr>
<th class="status-col">Status</th>
<th class="timestamp-col">Timestamp</th>
<th>TestName</th>
</tr>
</thead>
<tbody>
<tr class="tag-test-status" status="pass">
<td><span class="badge log pass-bg">Pass</span></td>
<td>17:12:08 PM</td>
<td>
<a href="#" class="linked" test-id='1' id='194'>Verify that user receives output on running valid python code for "Search the array" question</a>
<div class="">
<span class="badge badge-default">Array functionality.Verify that user receives output on running valid python code for "Search the array" question</span>
</div>
</td>
</tr>
</tbody>
</table>
</div>
</li>
<li class="test-item">
<div class="test-detail">
<span class="meta">
<span class='badge log pass-bg'>1</span>
</span>
<p class="name">@Array17</p>
<p class="duration text-sm">1 tests</p>
</div>
<div class="test-contents d-none">
<div class="info">
<h4>@Array17</h4>
<span status="pass" class='badge log pass-bg'>1 passed</span>
</div>
<table class='table table-sm mt-4'>
<thead>
<tr>
<th class="status-col">Status</th>
<th class="timestamp-col">Timestamp</th>
<th>TestName</th>
</tr>
</thead>
<tbody>
<tr class="tag-test-status" status="pass">
<td><span class="badge log pass-bg">Pass</span></td>
<td>17:12:19 PM</td>
<td>
<a href="#" class="linked" test-id='1' id='233'>Verify that user receives output on running valid python code for "Find Numbers with Even Number" question</a>
<div class="">
<span class="badge badge-default">Array functionality.Verify that user receives output on running valid python code for "Find Numbers with Even Number" question</span>
</div>
</td>
</tr>
</tbody>
</table>
</div>
</li>
<li class="test-item">
<div class="test-detail">
<span class="meta">
<span class='badge log pass-bg'>1</span>
</span>
<p class="name">@Array21</p>
<p class="duration text-sm">1 tests</p>
</div>
<div class="test-contents d-none">
<div class="info">
<h4>@Array21</h4>
<span status="pass" class='badge log pass-bg'>1 passed</span>
</div>
<table class='table table-sm mt-4'>
<thead>
<tr>
<th class="status-col">Status</th>
<th class="timestamp-col">Timestamp</th>
<th>TestName</th>
</tr>
</thead>
<tbody>
<tr class="tag-test-status" status="pass">
<td><span class="badge log pass-bg">Pass</span></td>
<td>17:12:56 PM</td>
<td>
<a href="#" class="linked" test-id='1' id='286'>Verify that user receives error on running Invalid python code for "Squares of a Sorted Array" question</a>
<div class="">
<span class="badge badge-default">Array functionality.Verify that user receives error on running Invalid python code for "Squares of a Sorted Array" question</span>
</div>
</td>
</tr>
</tbody>
</table>
</div>
</li>
<li class="test-item">
<div class="test-detail">
<span class="meta">
<span class='badge log pass-bg'>4</span>
</span>
<p class="name">@Array2</p>
<p class="duration text-sm">4 tests</p>
</div>
<div class="test-contents d-none">
<div class="info">
<h4>@Array2</h4>
<span status="pass" class='badge log pass-bg'>4 passed</span>
</div>
<table class='table table-sm mt-4'>
<thead>
<tr>
<th class="status-col">Status</th>
<th class="timestamp-col">Timestamp</th>
<th>TestName</th>
</tr>
</thead>
<tbody>
<tr class="tag-test-status" status="pass">
<td><span class="badge log pass-bg">Pass</span></td>
<td>17:10:59 PM</td>
<td>
<a href="#" class="linked" test-id='1' id='8'>Verify the user is able to navigate to the Operations in Array options</a>
<div class="">
<span class="badge badge-default">Array functionality.Verify the user is able to navigate to the Operations in Array options</span>
</div>
</td>
</tr>
<tr class="tag-test-status" status="pass">
<td><span class="badge log pass-bg">Pass</span></td>
<td>17:10:59 PM</td>
<td>
<a href="#" class="linked" test-id='1' id='9'>Verify the user is able to navigate to the Operations in Array options</a>
<div class="">
<span class="badge badge-default">Array functionality.Verify the user is able to navigate to the Operations in Array options</span>
</div>
</td>
</tr>
<tr class="tag-test-status" status="pass">
<td><span class="badge log pass-bg">Pass</span></td>
<td>17:10:59 PM</td>
<td>
<a href="#" class="linked" test-id='1' id='11'>Verify the user is able to navigate to the Operations in Array options</a>
<div class="">
<span class="badge badge-default">Array functionality.Verify the user is able to navigate to the Operations in Array options</span>
</div>
</td>
</tr>
<tr class="tag-test-status" status="pass">
<td><span class="badge log pass-bg">Pass</span></td>
<td>17:10:59 PM</td>
<td>
<a href="#" class="linked" test-id='1' id='21'>Verify the user is able to navigate to the Operations in Array options</a>
<div class="">
<span class="badge badge-default">Array functionality.Verify the user is able to navigate to the Operations in Array options</span>
</div>
</td>
</tr>
</tbody>
</table>
</div>
</li>
<li class="test-item">
<div class="test-detail">
<span class="meta">
<span class='badge log pass-bg'>6</span>
</span>
<p class="name">@Array3</p>
<p class="duration text-sm">6 tests</p>
</div>
<div class="test-contents d-none">
<div class="info">
<h4>@Array3</h4>
<span status="pass" class='badge log pass-bg'>6 passed</span>
</div>
<table class='table table-sm mt-4'>
<thead>
<tr>
<th class="status-col">Status</th>
<th class="timestamp-col">Timestamp</th>
<th>TestName</th>
</tr>
</thead>
<tbody>
<tr class="tag-test-status" status="pass">
<td><span class="badge log pass-bg">Pass</span></td>
<td>17:10:59 PM</td>
<td>
<a href="#" class="linked" test-id='1' id='3'>Verify that user is able to navigate to the try Editor page from different options in Array Page</a>
<div class="">
<span class="badge badge-default">Array functionality.Verify that user is able to navigate to the try Editor page from different options in Array Page</span>
</div>
</td>
</tr>
<tr class="tag-test-status" status="pass">
<td><span class="badge log pass-bg">Pass</span></td>
<td>17:10:59 PM</td>
<td>
<a href="#" class="linked" test-id='1' id='6'>Verify that user is able to navigate to the try Editor page from different options in Array Page</a>
<div class="">
<span class="badge badge-default">Array functionality.Verify that user is able to navigate to the try Editor page from different options in Array Page</span>
</div>
</td>
</tr>
<tr class="tag-test-status" status="pass">
<td><span class="badge log pass-bg">Pass</span></td>
<td>17:10:59 PM</td>
<td>
<a href="#" class="linked" test-id='1' id='10'>Verify that user is able to navigate to the try Editor page from different options in Array Page</a>
<div class="">
<span class="badge badge-default">Array functionality.Verify that user is able to navigate to the try Editor page from different options in Array Page</span>
</div>
</td>
</tr>
<tr class="tag-test-status" status="pass">
<td><span class="badge log pass-bg">Pass</span></td>
<td>17:10:59 PM</td>
<td>
<a href="#" class="linked" test-id='1' id='32'>Verify that user is able to navigate to the try Editor page from different options in Array Page</a>
<div class="">
<span class="badge badge-default">Array functionality.Verify that user is able to navigate to the try Editor page from different options in Array Page</span>
</div>
</td>
</tr>
<tr class="tag-test-status" status="pass">
<td><span class="badge log pass-bg">Pass</span></td>
<td>17:11:34 PM</td>
<td>
<a href="#" class="linked" test-id='1' id='104'>Verify that user is able to run valid and invalid Python code in Try Editor for ArrayPage</a>
<div class="">
<span class="badge badge-default">Array functionality.Verify that user is able to run valid and invalid Python code in Try Editor for ArrayPage</span>
</div>
</td>
</tr>
<tr class="tag-test-status" status="pass">
<td><span class="badge log pass-bg">Pass</span></td>
<td>17:12:02 PM</td>
<td>
<a href="#" class="linked" test-id='1' id='162'>Verify that user is able to run valid Python code in Try Editor for Array Page</a>
<div class="">
<span class="badge badge-default">Array functionality.Verify that user is able to run valid Python code in Try Editor for Array Page</span>
</div>
</td>
</tr>
</tbody>
</table>
</div>
</li>
<li class="test-item">
<div class="test-detail">
<span class="meta">
<span class='badge log badge-danger'>1</span>
</span>
<p class="name">@Array13</p>
<p class="duration text-sm">1 tests</p>
</div>
<div class="test-contents d-none">
<div class="info">
<h4>@Array13</h4>
<span status="fail" class='badge log badge-danger'>1 failed</span>
</div>
<table class='table table-sm mt-4'>
<thead>
<tr>
<th class="status-col">Status</th>
<th class="timestamp-col">Timestamp</th>
<th>TestName</th>
</tr>
</thead>
<tbody>
<tr class="tag-test-status" status="fail">
<td><span class="badge log fail-bg">Fail</span></td>
<td>17:12:08 PM</td>
<td>
<a href="#" class="linked" test-id='1' id='202'>Verify that user receives output on submitting valid python code for "Search the array" question</a>
<div class="">
<span class="badge badge-default">Array functionality.Verify that user receives output on submitting valid python code for "Search the array" question</span>
</div>
</td>
</tr>
</tbody>
</table>
</div>
</li>
<li class="test-item">
<div class="test-detail">
<span class="meta">
<span class='badge log pass-bg'>1</span>
</span>
<p class="name">@Array19</p>
<p class="duration text-sm">1 tests</p>
</div>
<div class="test-contents d-none">
<div class="info">
<h4>@Array19</h4>
<span status="pass" class='badge log pass-bg'>1 passed</span>
</div>
<table class='table table-sm mt-4'>
<thead>
<tr>
<th class="status-col">Status</th>
<th class="timestamp-col">Timestamp</th>
<th>TestName</th>
</tr>
</thead>
<tbody>
<tr class="tag-test-status" status="pass">
<td><span class="badge log pass-bg">Pass</span></td>
<td>17:12:47 PM</td>
<td>
<a href="#" class="linked" test-id='1' id='261'>Verify that user receives output on submitting valid python code for "Find Numbers with Even Number" question</a>
<div class="">
<span class="badge badge-default">Array functionality.Verify that user receives output on submitting valid python code for "Find Numbers with Even Number" question</span>
</div>
</td>
</tr>
</tbody>
</table>
</div>
</li>
<li class="test-item">
<div class="test-detail">
<span class="meta">
<span class='badge log pass-bg'>1</span>
</span>
<p class="name">@Array20</p>
<p class="duration text-sm">1 tests</p>
</div>
<div class="test-contents d-none">
<div class="info">
<h4>@Array20</h4>
<span status="pass" class='badge log pass-bg'>1 passed</span>
</div>
<table class='table table-sm mt-4'>
<thead>
<tr>
<th class="status-col">Status</th>
<th class="timestamp-col">Timestamp</th>
<th>TestName</th>
</tr>
</thead>
<tbody>
<tr class="tag-test-status" status="pass">
<td><span class="badge log pass-bg">Pass</span></td>
<td>17:12:51 PM</td>
<td>
<a href="#" class="linked" test-id='1' id='270'>Verify that user receives output on running valid python code for "Squares of a Sorted Array" question</a>
<div class="">
<span class="badge badge-default">Array functionality.Verify that user receives output on running valid python code for "Squares of a Sorted Array" question</span>
</div>
</td>
</tr>
</tbody>
</table>
</div>
</li>
<li class="test-item">
<div class="test-detail">
<span class="meta">
<span class='badge log pass-bg'>1</span>
</span>
<p class="name">@Array18</p>
<p class="duration text-sm">1 tests</p>
</div>
<div class="test-contents d-none">
<div class="info">
<h4>@Array18</h4>
<span status="pass" class='badge log pass-bg'>1 passed</span>
</div>
<table class='table table-sm mt-4'>
<thead>
<tr>
<th class="status-col">Status</th>
<th class="timestamp-col">Timestamp</th>
<th>TestName</th>
</tr>
</thead>
<tbody>
<tr class="tag-test-status" status="pass">
<td><span class="badge log pass-bg">Pass</span></td>
<td>17:12:41 PM</td>
<td>
<a href="#" class="linked" test-id='1' id='254'>Verify that user receives error on running Invalid python code for "Find Numbers with Even Number" question</a>
<div class="">
<span class="badge badge-default">Array functionality.Verify that user receives error on running Invalid python code for "Find Numbers with Even Number" question</span>
</div>
</td>
</tr>
</tbody>
</table>
</div>
</li>
<li class="test-item">
<div class="test-detail">
<span class="meta">
<span class='badge log badge-danger'>1</span>
</span>
<p class="name">@Array22</p>
<p class="duration text-sm">1 tests</p>
</div>
<div class="test-contents d-none">
<div class="info">
<h4>@Array22</h4>
<span status="fail" class='badge log badge-danger'>1 failed</span>
</div>
<table class='table table-sm mt-4'>
<thead>
<tr>
<th class="status-col">Status</th>
<th class="timestamp-col">Timestamp</th>
<th>TestName</th>
</tr>
</thead>
<tbody>
<tr class="tag-test-status" status="fail">
<td><span class="badge log fail-bg">Fail</span></td>
<td>17:12:57 PM</td>
<td>
<a href="#" class="linked" test-id='1' id='291'>Verify that user receives output on submitting valid python code for "Squares of a Sorted Array" question</a>
<div class="">
<span class="badge badge-default">Array functionality.Verify that user receives output on submitting valid python code for "Squares of a Sorted Array" question</span>
</div>
</td>
</tr>
</tbody>
</table>
</div>
</li>
</ul>
</div>
</div>
<div class="test-content scrollable">
<div class="test-content-detail">
<div class="detail-body"></div>
</div>
</div>
</div><div class="container-fluid p-4 view dashboard-view">
<div class="row">
<div class="col-md-3">
<div class="card"><div class="card-body">
<p class="m-b-0">Started</p>
<h3>Jan 24, 2025 05:10:58 PM</h3>
</div></div>
</div>
<div class="col-md-3">
<div class="card"><div class="card-body">
<p class="m-b-0">Ended</p>
<h3>Jan 24, 2025 05:13:33 PM</h3>
</div></div>
</div>
<div class="col-md-3">
<div class="card"><div class="card-body">
<p class="m-b-0 text-pass">Features Passed</p>
<h3>0</h3>
</div></div>
</div>
<div class="col-md-3">
<div class="card"><div class="card-body">
<p class="m-b-0 text-fail">Features Failed</p>
<h3>1</h3>
</div></div>
</div>
</div>
<div class="row">
<div class="col-md-4">
<div class="card">
<div class="card-header">
<h6 class="card-title">Features</h6>
</div>
<div class="card-body">
<div class="">
<canvas id='parent-analysis' width='115' height='90'></canvas>
</div>
</div>
<div class="card-footer">
<div><small data-tooltip='0%'>
<b>0</b> features passed
</small>
</div>
<div>
<small data-tooltip='100%'><b>1</b> features failed,
<b>0</b> skipped, <b data-tooltip='0%'>0</b> others
</small>
</div>
</div>
</div>
</div>
<div class="col-md-4">
<div class="card">
<div class="card-header">
<h6 class="card-title">Scenarios</h6>
</div>
<div class="card-body">
<div class="">
<canvas id='child-analysis' width='115' height='90'></canvas>
</div>
</div>
<div class="card-footer">
<div><small data-tooltip='82%'><b>29</b> scenarios passed</small></div>
<div>
<small data-tooltip='17%'><b>6</b> scenarios failed,
<b>0</b> skipped, <b data-tooltip='%'>0</b> others
</small>
</div>
</div>
</div>
</div>
<div class="col-md-4">
<div class="card">
<div class="card-header">
<h6 class="card-title">Steps</h6>
</div>
<div class="card-body">
<div class="">
<canvas id='grandchild-analysis' width='115' height='90'></canvas>
</div>
</div>
<div class="card-footer">
<div><small data-tooltip='92%'><b>129</b> steps passed</small></div>
<div>
<small data-tooltip='4%'><b>6</b> steps failed,
<b>4</b> skipped, <b data-tooltip='%'>0</b> others
</small>
</div>
</div>
</div>
</div>
</div>
<div class="row"><div class="col-md-12">
<div class="card"><div class="card-header"><p>Timeline</p></div>
<div class="card-body pt-0"><div>
<canvas id="timeline" height="120"></canvas>
</div></div>
</div>
</div></div>
<script>
var timeline = {
"Array functionality":153.656
};
</script>
<div class="row">
<div class="col-lg-6 col-md-12 category-container">
<div class="card">
<div class="card-header"><p>Tags</p></div>
<div class="card-body pb-0 pt-0"><table class="table table-sm table-bordered">
<thead><tr class="bg-gray"><th>Name</th><th>Passed</th><th>Failed</th><th>Skipped</th><th>Others</th><th>Passed %</th></tr></thead><tbody>
<tr>
<td>@Array12</td>
<td>1</td>
<td>0</td>
<td>0</td>
<td>0</td>
<td>100%</td>
</tr>
<tr>
<td>@Array5</td>
<td>2</td>
<td>0</td>
<td>0</td>
<td>0</td>
<td>100%</td>
</tr>
<tr>
<td>@Array14</td>
<td>1</td>
<td>0</td>
<td>0</td>
<td>0</td>
<td>100%</td>
</tr>
<tr>
<td>@Array1</td>
<td>1</td>
<td>0</td>
<td>0</td>
<td>0</td>
<td>100%</td>
</tr>
<tr>
<td>@Array15</td>
<td>1</td>
<td>0</td>
<td>0</td>
<td>0</td>
<td>100%</td>
</tr>
<tr>
<td>@Array4</td>
<td>0</td>
<td>4</td>
<td>0</td>
<td>0</td>
<td>0%</td>
</tr>
<tr>
<td>@Array7</td>
<td>2</td>
<td>0</td>
<td>0</td>
<td>0</td>
<td>100%</td>
</tr>
<tr>
<td>@Array16</td>
<td>1</td>
<td>0</td>
<td>0</td>
<td>0</td>
<td>100%</td>
</tr>
<tr>
<td>@Array10</td>
<td>1</td>
<td>0</td>
<td>0</td>
<td>0</td>
<td>100%</td>
</tr>
<tr>
<td>@Array8</td>
<td>2</td>
<td>0</td>
<td>0</td>
<td>0</td>
<td>100%</td>
</tr>
<tr>
<td>@Array9</td>
<td>1</td>
<td>0</td>
<td>0</td>
<td>0</td>
<td>100%</td>
</tr>
<tr>
<td>@Array6</td>
<td>2</td>
<td>0</td>
<td>0</td>
<td>0</td>
<td>100%</td>
</tr>
<tr>
<td>@Array11</td>
<td>1</td>
<td>0</td>
<td>0</td>
<td>0</td>
<td>100%</td>
</tr>
<tr>
<td>@Array17</td>
<td>1</td>
<td>0</td>
<td>0</td>
<td>0</td>
<td>100%</td>
</tr>
<tr>
<td>@Array21</td>
<td>1</td>
<td>0</td>
<td>0</td>
<td>0</td>
<td>100%</td>
</tr>
<tr>
<td>@Array2</td>
<td>4</td>
<td>0</td>
<td>0</td>
<td>0</td>
<td>100%</td>
</tr>
<tr>
<td>@Array3</td>
<td>6</td>
<td>0</td>
<td>0</td>
<td>0</td>
<td>100%</td>
</tr>
<tr>
<td>@Array13</td>
<td>0</td>
<td>1</td>
<td>0</td>
<td>0</td>
<td>0%</td>
</tr>
<tr>
<td>@Array19</td>
<td>1</td>
<td>0</td>
<td>0</td>
<td>0</td>
<td>100%</td>
</tr>
<tr>
<td>@Array20</td>
<td>1</td>
<td>0</td>
<td>0</td>
<td>0</td>
<td>100%</td>
</tr>
<tr>
<td>@Array18</td>
<td>1</td>
<td>0</td>
<td>0</td>
<td>0</td>
<td>100%</td>
</tr>
<tr>
<td>@Array22</td>
<td>0</td>
<td>1</td>
<td>0</td>
<td>0</td>
<td>0%</td>
</tr>
</tbody>
</table></div>
</div>
</div>
</div>
</div>
<script>
var statusGroup = {
parentCount: 5,
passParent: 0,
failParent: 1,
warningParent: 0,
skipParent: 0,
childCount: 5,
passChild: 29,
failChild: 6,
warningChild: 0,
skipChild: 0,
infoChild: 0,
grandChildCount: 5,
passGrandChild: 129,
failGrandChild: 6,
warningGrandChild: 0,
skipGrandChild: 4,
infoGrandChild: 0,
eventsCount: 5,
};
</script>        </div>
      </div>
    </div>
  </div>
<script src="https://cdn.jsdelivr.net/gh/extent-framework/extent-github-cdn@d6562a79075e061305ccfdb82f01e5e195e2d307/spark/js/spark-script.js"></script>
<script type="text/javascript"></script></body>
</html>