<?xml version="1.0" encoding="UTF-8"?>
<!-- Generated by org.testng.reporters.JUnitReportReporter -->
<testsuite hostname="sukeerthsahana" failures="0" tests="18" name="dsAlgoRunner.ChromeRunnerTest" time="636.020" errors="1" timestamp="2025-01-25T13:45:58 CST" skipped="0">
  <testcase classname="dsAlgoRunner.ChromeRunnerTest" name="runScenario" time="29.119"/>
  <testcase classname="dsAlgoRunner.ChromeRunnerTest" name="runScenario" time="17.795"/>
  <testcase classname="dsAlgoRunner.ChromeRunnerTest" name="runScenario" time="8.981"/>
  <testcase classname="dsAlgoRunner.ChromeRunnerTest" name="runScenario" time="40.299"/>
  <testcase classname="dsAlgoRunner.ChromeRunnerTest" name="runScenario" time="26.514"/>
  <testcase classname="dsAlgoRunner.ChromeRunnerTest" name="runScenario" time="31.395"/>
  <testcase classname="dsAlgoRunner.ChromeRunnerTest" name="runScenario" time="35.457"/>
  <testcase classname="dsAlgoRunner.ChromeRunnerTest" name="runScenario" time="40.680"/>
  <testcase classname="dsAlgoRunner.ChromeRunnerTest" name="runScenario" time="198.023">
    <error message="java.util.concurrent.TimeoutException
Build info: version: &#039;4.27.0&#039;, revision: &#039;d6e718d134&#039;
System info: os.name: &#039;Windows 11&#039;, os.arch: &#039;amd64&#039;, os.version: &#039;10.0&#039;, java.version: &#039;21.0.3&#039;
Driver info: org.openqa.selenium.chrome.ChromeDriver
Command: [35adc0fd700d14fe44dafad890fbf838, deleteAllCookies {}]
Capabilities {acceptInsecureCerts: false, browserName: chrome, browserVersion: 131.0.6778.265, chrome: {chromedriverVersion: 131.0.6778.264 (2d05e315153..., userDataDir: C:\Users\sahan\AppData\Loca...}, fedcm:accounts: true, goog:chromeOptions: {debuggerAddress: localhost:52552}, networkConnectionEnabled: false, pageLoadStrategy: normal, platformName: windows, proxy: Proxy(), se:cdp: ws://localhost:52552/devtoo..., se:cdpVersion: 131.0.6778.265, setWindowRect: true, strictFileInteractability: false, timeouts: {implicit: 0, pageLoad: 300000, script: 30000}, unhandledPromptBehavior: dismiss and notify, webauthn:extension:credBlob: true, webauthn:extension:largeBlob: true, webauthn:extension:minPinLength: true, webauthn:extension:prf: true, webauthn:virtualAuthenticators: true}
Session ID: 35adc0fd700d14fe44dafad890fbf838" type="org.openqa.selenium.TimeoutException">
      <![CDATA[org.openqa.selenium.TimeoutException: java.util.concurrent.TimeoutException
Build info: version: '4.27.0', revision: 'd6e718d134'
System info: os.name: 'Windows 11', os.arch: 'amd64', os.version: '10.0', java.version: '21.0.3'
Driver info: org.openqa.selenium.chrome.ChromeDriver
Command: [35adc0fd700d14fe44dafad890fbf838, deleteAllCookies {}]
Capabilities {acceptInsecureCerts: false, browserName: chrome, browserVersion: 131.0.6778.265, chrome: {chromedriverVersion: 131.0.6778.264 (2d05e315153..., userDataDir: C:\Users\sahan\AppData\Loca...}, fedcm:accounts: true, goog:chromeOptions: {debuggerAddress: localhost:52552}, networkConnectionEnabled: false, pageLoadStrategy: normal, platformName: windows, proxy: Proxy(), se:cdp: ws://localhost:52552/devtoo..., se:cdpVersion: 131.0.6778.265, setWindowRect: true, strictFileInteractability: false, timeouts: {implicit: 0, pageLoad: 300000, script: 30000}, unhandledPromptBehavior: dismiss and notify, webauthn:extension:credBlob: true, webauthn:extension:largeBlob: true, webauthn:extension:minPinLength: true, webauthn:extension:prf: true, webauthn:virtualAuthenticators: true}
Session ID: 35adc0fd700d14fe44dafad890fbf838
at org.openqa.selenium.remote.http.jdk.JdkHttpClient.execute(JdkHttpClient.java:423)
at org.openqa.selenium.remote.HttpCommandExecutor.execute(HttpCommandExecutor.java:187)
at org.openqa.selenium.remote.service.DriverCommandExecutor.invokeExecute(DriverCommandExecutor.java:216)
at org.openqa.selenium.remote.service.DriverCommandExecutor.execute(DriverCommandExecutor.java:174)
at org.openqa.selenium.remote.RemoteWebDriver.execute(RemoteWebDriver.java:545)
at org.openqa.selenium.remote.RemoteWebDriver.execute(RemoteWebDriver.java:618)
at org.openqa.selenium.remote.RemoteWebDriver.execute(RemoteWebDriver.java:622)
at org.openqa.selenium.remote.RemoteWebDriver$RemoteWebDriverOptions.deleteAllCookies(RemoteWebDriver.java:882)
at dsAlgoDriverFactory.DriverFactory.Intializebrowser(DriverFactory.java:53)
at dsAlgoHooks.Hooks.before_or_after(Hooks.java:43)
Caused by: java.util.concurrent.TimeoutException
at java.base/java.util.concurrent.CompletableFuture$Timeout.run(CompletableFuture.java:2920)
at java.base/java.util.concurrent.Executors$RunnableAdapter.call(Executors.java:572)
at java.base/java.util.concurrent.FutureTask.run(FutureTask.java:317)
at java.base/java.util.concurrent.ScheduledThreadPoolExecutor$ScheduledFutureTask.run(ScheduledThreadPoolExecutor.java:304)
at java.base/java.util.concurrent.ThreadPoolExecutor.runWorker(ThreadPoolExecutor.java:1144)
at java.base/java.util.concurrent.ThreadPoolExecutor$Worker.run(ThreadPoolExecutor.java:642)
at java.base/java.lang.Thread.run(Thread.java:1583)
]]>
    </error>
  </testcase> <!-- runScenario -->
  <testcase classname="dsAlgoRunner.ChromeRunnerTest" name="runScenario" time="20.265"/>
  <testcase classname="dsAlgoRunner.ChromeRunnerTest" name="runScenario" time="42.785"/>
  <testcase classname="dsAlgoRunner.ChromeRunnerTest" name="runScenario" time="30.543"/>
  <testcase classname="dsAlgoRunner.ChromeRunnerTest" name="runScenario" time="20.999"/>
  <testcase classname="dsAlgoRunner.ChromeRunnerTest" name="runScenario" time="25.862"/>
  <testcase classname="dsAlgoRunner.ChromeRunnerTest" name="runScenario" time="25.231"/>
  <testcase classname="dsAlgoRunner.ChromeRunnerTest" name="runScenario" time="20.424"/>
  <testcase classname="dsAlgoRunner.ChromeRunnerTest" name="runScenario" time="12.328"/>
  <testcase classname="dsAlgoRunner.ChromeRunnerTest" name="runScenario" time="9.320"/>
</testsuite> <!-- dsAlgoRunner.ChromeRunnerTest -->
